[0.485s] Invoking command in '/home/aurora/MQTTAPI/ros2_ws/src/rn2': CONDA_PROMPT_MODIFIER=(ros2) PYTHONPATH=/home/aurora/MQTTAPI/ros2_ws/build/rn2/prefix_override:/usr/lib/python3/dist-packages/colcon_core/task/python/colcon_distutils_commands:/home/aurora/MQTTAPI/ros2_ws/install/rn2/lib/python3.8/site-packages:${PYTHONPATH} /usr/bin/python3 -W ignore:setup.py install is deprecated setup.py egg_info --egg-base ../../build/rn2 build --build-base /home/aurora/MQTTAPI/ros2_ws/build/rn2/build install --record /home/aurora/MQTTAPI/ros2_ws/build/rn2/install.log --install-scripts $base/lib/rn2 --single-version-externally-managed install_data
[0.596s] running egg_info
[0.597s] creating ../../build/rn2/rn2.egg-info
[0.597s] writing ../../build/rn2/rn2.egg-info/PKG-INFO
[0.597s] writing dependency_links to ../../build/rn2/rn2.egg-info/dependency_links.txt
[0.597s] writing entry points to ../../build/rn2/rn2.egg-info/entry_points.txt
[0.597s] writing requirements to ../../build/rn2/rn2.egg-info/requires.txt
[0.597s] writing top-level names to ../../build/rn2/rn2.egg-info/top_level.txt
[0.597s] writing manifest file '../../build/rn2/rn2.egg-info/SOURCES.txt'
[0.614s] reading manifest file '../../build/rn2/rn2.egg-info/SOURCES.txt'
[0.614s] writing manifest file '../../build/rn2/rn2.egg-info/SOURCES.txt'
[0.615s] running build
[0.615s] running build_py
[0.615s] creating /home/aurora/MQTTAPI/ros2_ws/build/rn2/build
[0.615s] creating /home/aurora/MQTTAPI/ros2_ws/build/rn2/build/lib
[0.615s] creating /home/aurora/MQTTAPI/ros2_ws/build/rn2/build/lib/rn2
[0.615s] copying rn2/__init__.py -> /home/aurora/MQTTAPI/ros2_ws/build/rn2/build/lib/rn2
[0.615s] running install
[0.615s] running install_lib
[0.616s] creating /home/aurora/MQTTAPI/ros2_ws/install/rn2/lib/python3.8/site-packages/rn2
[0.616s] copying /home/aurora/MQTTAPI/ros2_ws/build/rn2/build/lib/rn2/__init__.py -> /home/aurora/MQTTAPI/ros2_ws/install/rn2/lib/python3.8/site-packages/rn2
[0.616s] byte-compiling /home/aurora/MQTTAPI/ros2_ws/install/rn2/lib/python3.8/site-packages/rn2/__init__.py to __init__.cpython-38.pyc
[0.616s] running install_data
[0.616s] creating /home/aurora/MQTTAPI/ros2_ws/install/rn2/share/ament_index
[0.616s] creating /home/aurora/MQTTAPI/ros2_ws/install/rn2/share/ament_index/resource_index
[0.617s] creating /home/aurora/MQTTAPI/ros2_ws/install/rn2/share/ament_index/resource_index/packages
[0.617s] copying resource/rn2 -> /home/aurora/MQTTAPI/ros2_ws/install/rn2/share/ament_index/resource_index/packages
[0.617s] copying package.xml -> /home/aurora/MQTTAPI/ros2_ws/install/rn2/share/rn2
[0.617s] running install_egg_info
[0.617s] Copying ../../build/rn2/rn2.egg-info to /home/aurora/MQTTAPI/ros2_ws/install/rn2/lib/python3.8/site-packages/rn2-0.0.0-py3.8.egg-info
[0.617s] running install_scripts
[0.626s] writing list of installed files to '/home/aurora/MQTTAPI/ros2_ws/build/rn2/install.log'
[0.639s] Invoked command in '/home/aurora/MQTTAPI/ros2_ws/src/rn2' returned '0': CONDA_PROMPT_MODIFIER=(ros2) PYTHONPATH=/home/aurora/MQTTAPI/ros2_ws/build/rn2/prefix_override:/usr/lib/python3/dist-packages/colcon_core/task/python/colcon_distutils_commands:/home/aurora/MQTTAPI/ros2_ws/install/rn2/lib/python3.8/site-packages:${PYTHONPATH} /usr/bin/python3 -W ignore:setup.py install is deprecated setup.py egg_info --egg-base ../../build/rn2 build --build-base /home/aurora/MQTTAPI/ros2_ws/build/rn2/build install --record /home/aurora/MQTTAPI/ros2_ws/build/rn2/install.log --install-scripts $base/lib/rn2 --single-version-externally-managed install_data
