[0.474s] Invoking command in '/home/aurora/MQTTAPI/ros2_ws/src/rn1': CONDA_PROMPT_MODIFIER=(ros2) PYTHONPATH=/home/aurora/MQTTAPI/ros2_ws/build/rn1/prefix_override:/usr/lib/python3/dist-packages/colcon_core/task/python/colcon_distutils_commands:/home/aurora/MQTTAPI/ros2_ws/install/rn1/lib/python3.8/site-packages:${PYTHONPATH} /usr/bin/python3 -W ignore:setup.py install is deprecated setup.py egg_info --egg-base ../../build/rn1 build --build-base /home/aurora/MQTTAPI/ros2_ws/build/rn1/build install --record /home/aurora/MQTTAPI/ros2_ws/build/rn1/install.log --install-scripts $base/lib/rn1 --single-version-externally-managed install_data
[0.579s] running egg_info
[0.579s] creating ../../build/rn1/rn1.egg-info
[0.579s] writing ../../build/rn1/rn1.egg-info/PKG-INFO
[0.579s] writing dependency_links to ../../build/rn1/rn1.egg-info/dependency_links.txt
[0.579s] writing entry points to ../../build/rn1/rn1.egg-info/entry_points.txt
[0.580s] writing requirements to ../../build/rn1/rn1.egg-info/requires.txt
[0.580s] writing top-level names to ../../build/rn1/rn1.egg-info/top_level.txt
[0.580s] writing manifest file '../../build/rn1/rn1.egg-info/SOURCES.txt'
[0.595s] reading manifest file '../../build/rn1/rn1.egg-info/SOURCES.txt'
[0.595s] writing manifest file '../../build/rn1/rn1.egg-info/SOURCES.txt'
[0.595s] running build
[0.595s] running build_py
[0.595s] creating /home/aurora/MQTTAPI/ros2_ws/build/rn1/build
[0.595s] creating /home/aurora/MQTTAPI/ros2_ws/build/rn1/build/lib
[0.596s] creating /home/aurora/MQTTAPI/ros2_ws/build/rn1/build/lib/rn1
[0.596s] copying rn1/__init__.py -> /home/aurora/MQTTAPI/ros2_ws/build/rn1/build/lib/rn1
[0.596s] running install
[0.596s] running install_lib
[0.596s] creating /home/aurora/MQTTAPI/ros2_ws/install/rn1/lib/python3.8/site-packages/rn1
[0.596s] copying /home/aurora/MQTTAPI/ros2_ws/build/rn1/build/lib/rn1/__init__.py -> /home/aurora/MQTTAPI/ros2_ws/install/rn1/lib/python3.8/site-packages/rn1
[0.596s] byte-compiling /home/aurora/MQTTAPI/ros2_ws/install/rn1/lib/python3.8/site-packages/rn1/__init__.py to __init__.cpython-38.pyc
[0.597s] running install_data
[0.597s] creating /home/aurora/MQTTAPI/ros2_ws/install/rn1/share/ament_index
[0.597s] creating /home/aurora/MQTTAPI/ros2_ws/install/rn1/share/ament_index/resource_index
[0.597s] creating /home/aurora/MQTTAPI/ros2_ws/install/rn1/share/ament_index/resource_index/packages
[0.597s] copying resource/rn1 -> /home/aurora/MQTTAPI/ros2_ws/install/rn1/share/ament_index/resource_index/packages
[0.597s] copying package.xml -> /home/aurora/MQTTAPI/ros2_ws/install/rn1/share/rn1
[0.597s] running install_egg_info
[0.598s] Copying ../../build/rn1/rn1.egg-info to /home/aurora/MQTTAPI/ros2_ws/install/rn1/lib/python3.8/site-packages/rn1-0.0.0-py3.8.egg-info
[0.598s] running install_scripts
[0.606s] writing list of installed files to '/home/aurora/MQTTAPI/ros2_ws/build/rn1/install.log'
[0.616s] Invoked command in '/home/aurora/MQTTAPI/ros2_ws/src/rn1' returned '0': CONDA_PROMPT_MODIFIER=(ros2) PYTHONPATH=/home/aurora/MQTTAPI/ros2_ws/build/rn1/prefix_override:/usr/lib/python3/dist-packages/colcon_core/task/python/colcon_distutils_commands:/home/aurora/MQTTAPI/ros2_ws/install/rn1/lib/python3.8/site-packages:${PYTHONPATH} /usr/bin/python3 -W ignore:setup.py install is deprecated setup.py egg_info --egg-base ../../build/rn1 build --build-base /home/aurora/MQTTAPI/ros2_ws/build/rn1/build install --record /home/aurora/MQTTAPI/ros2_ws/build/rn1/install.log --install-scripts $base/lib/rn1 --single-version-externally-managed install_data
