running egg_info
creating ../../build/mqtt_integration/mqtt_integration.egg-info
writing ../../build/mqtt_integration/mqtt_integration.egg-info/PKG-INFO
writing dependency_links to ../../build/mqtt_integration/mqtt_integration.egg-info/dependency_links.txt
writing entry points to ../../build/mqtt_integration/mqtt_integration.egg-info/entry_points.txt
writing requirements to ../../build/mqtt_integration/mqtt_integration.egg-info/requires.txt
writing top-level names to ../../build/mqtt_integration/mqtt_integration.egg-info/top_level.txt
writing manifest file '../../build/mqtt_integration/mqtt_integration.egg-info/SOURCES.txt'
reading manifest file '../../build/mqtt_integration/mqtt_integration.egg-info/SOURCES.txt'
writing manifest file '../../build/mqtt_integration/mqtt_integration.egg-info/SOURCES.txt'
running build
running build_py
creating /home/aurora/MQTTAPI/ros2_ws/build/mqtt_integration/build
creating /home/aurora/MQTTAPI/ros2_ws/build/mqtt_integration/build/lib
creating /home/aurora/MQTTAPI/ros2_ws/build/mqtt_integration/build/lib/mqtt_integration
copying mqtt_integration/rn2_node.py -> /home/aurora/MQTTAPI/ros2_ws/build/mqtt_integration/build/lib/mqtt_integration
copying mqtt_integration/rn1_node.py -> /home/aurora/MQTTAPI/ros2_ws/build/mqtt_integration/build/lib/mqtt_integration
copying mqtt_integration/__init__.py -> /home/aurora/MQTTAPI/ros2_ws/build/mqtt_integration/build/lib/mqtt_integration
running install
running install_lib
creating /home/aurora/MQTTAPI/ros2_ws/install/mqtt_integration/lib/python3.8/site-packages/mqtt_integration
copying /home/aurora/MQTTAPI/ros2_ws/build/mqtt_integration/build/lib/mqtt_integration/rn2_node.py -> /home/aurora/MQTTAPI/ros2_ws/install/mqtt_integration/lib/python3.8/site-packages/mqtt_integration
copying /home/aurora/MQTTAPI/ros2_ws/build/mqtt_integration/build/lib/mqtt_integration/rn1_node.py -> /home/aurora/MQTTAPI/ros2_ws/install/mqtt_integration/lib/python3.8/site-packages/mqtt_integration
copying /home/aurora/MQTTAPI/ros2_ws/build/mqtt_integration/build/lib/mqtt_integration/__init__.py -> /home/aurora/MQTTAPI/ros2_ws/install/mqtt_integration/lib/python3.8/site-packages/mqtt_integration
byte-compiling /home/aurora/MQTTAPI/ros2_ws/install/mqtt_integration/lib/python3.8/site-packages/mqtt_integration/rn2_node.py to rn2_node.cpython-38.pyc
byte-compiling /home/aurora/MQTTAPI/ros2_ws/install/mqtt_integration/lib/python3.8/site-packages/mqtt_integration/rn1_node.py to rn1_node.cpython-38.pyc
byte-compiling /home/aurora/MQTTAPI/ros2_ws/install/mqtt_integration/lib/python3.8/site-packages/mqtt_integration/__init__.py to __init__.cpython-38.pyc
running install_data
creating /home/aurora/MQTTAPI/ros2_ws/install/mqtt_integration/share/ament_index
creating /home/aurora/MQTTAPI/ros2_ws/install/mqtt_integration/share/ament_index/resource_index
creating /home/aurora/MQTTAPI/ros2_ws/install/mqtt_integration/share/ament_index/resource_index/packages
copying resource/mqtt_integration -> /home/aurora/MQTTAPI/ros2_ws/install/mqtt_integration/share/ament_index/resource_index/packages
copying package.xml -> /home/aurora/MQTTAPI/ros2_ws/install/mqtt_integration/share/mqtt_integration
running install_egg_info
Copying ../../build/mqtt_integration/mqtt_integration.egg-info to /home/aurora/MQTTAPI/ros2_ws/install/mqtt_integration/lib/python3.8/site-packages/mqtt_integration-0.0.0-py3.8.egg-info
running install_scripts
Installing rn1_node script to /home/aurora/MQTTAPI/ros2_ws/install/mqtt_integration/lib/mqtt_integration
Installing rn2_node script to /home/aurora/MQTTAPI/ros2_ws/install/mqtt_integration/lib/mqtt_integration
writing list of installed files to '/home/aurora/MQTTAPI/ros2_ws/build/mqtt_integration/install.log'
