[0.358s] Invoking command in '/home/aurora/MQTTAPI/ros2_ws/src/mqtt_integration': CONDA_PROMPT_MODIFIER=(ros2) PYTHONPATH=/home/aurora/MQTTAPI/ros2_ws/build/mqtt_integration/prefix_override:/usr/lib/python3/dist-packages/colcon_core/task/python/colcon_distutils_commands:/home/aurora/MQTTAPI/ros2_ws/install/mqtt_integration/lib/python3.8/site-packages:${PYTHONPATH} /usr/bin/python3 -W ignore:setup.py install is deprecated setup.py egg_info --egg-base ../../build/mqtt_integration build --build-base /home/aurora/MQTTAPI/ros2_ws/build/mqtt_integration/build install --record /home/aurora/MQTTAPI/ros2_ws/build/mqtt_integration/install.log --install-scripts $base/lib/mqtt_integration --single-version-externally-managed install_data
[0.464s] running egg_info
[0.464s] creating ../../build/mqtt_integration/mqtt_integration.egg-info
[0.464s] writing ../../build/mqtt_integration/mqtt_integration.egg-info/PKG-INFO
[0.464s] writing dependency_links to ../../build/mqtt_integration/mqtt_integration.egg-info/dependency_links.txt
[0.464s] writing entry points to ../../build/mqtt_integration/mqtt_integration.egg-info/entry_points.txt
[0.464s] writing requirements to ../../build/mqtt_integration/mqtt_integration.egg-info/requires.txt
[0.464s] writing top-level names to ../../build/mqtt_integration/mqtt_integration.egg-info/top_level.txt
[0.465s] writing manifest file '../../build/mqtt_integration/mqtt_integration.egg-info/SOURCES.txt'
[0.480s] reading manifest file '../../build/mqtt_integration/mqtt_integration.egg-info/SOURCES.txt'
[0.480s] writing manifest file '../../build/mqtt_integration/mqtt_integration.egg-info/SOURCES.txt'
[0.480s] running build
[0.480s] running build_py
[0.481s] creating /home/aurora/MQTTAPI/ros2_ws/build/mqtt_integration/build
[0.481s] creating /home/aurora/MQTTAPI/ros2_ws/build/mqtt_integration/build/lib
[0.481s] creating /home/aurora/MQTTAPI/ros2_ws/build/mqtt_integration/build/lib/mqtt_integration
[0.481s] copying mqtt_integration/rn2_node.py -> /home/aurora/MQTTAPI/ros2_ws/build/mqtt_integration/build/lib/mqtt_integration
[0.481s] copying mqtt_integration/rn1_node.py -> /home/aurora/MQTTAPI/ros2_ws/build/mqtt_integration/build/lib/mqtt_integration
[0.481s] copying mqtt_integration/__init__.py -> /home/aurora/MQTTAPI/ros2_ws/build/mqtt_integration/build/lib/mqtt_integration
[0.481s] running install
[0.481s] running install_lib
[0.482s] creating /home/aurora/MQTTAPI/ros2_ws/install/mqtt_integration/lib/python3.8/site-packages/mqtt_integration
[0.482s] copying /home/aurora/MQTTAPI/ros2_ws/build/mqtt_integration/build/lib/mqtt_integration/rn2_node.py -> /home/aurora/MQTTAPI/ros2_ws/install/mqtt_integration/lib/python3.8/site-packages/mqtt_integration
[0.482s] copying /home/aurora/MQTTAPI/ros2_ws/build/mqtt_integration/build/lib/mqtt_integration/rn1_node.py -> /home/aurora/MQTTAPI/ros2_ws/install/mqtt_integration/lib/python3.8/site-packages/mqtt_integration
[0.482s] copying /home/aurora/MQTTAPI/ros2_ws/build/mqtt_integration/build/lib/mqtt_integration/__init__.py -> /home/aurora/MQTTAPI/ros2_ws/install/mqtt_integration/lib/python3.8/site-packages/mqtt_integration
[0.482s] byte-compiling /home/aurora/MQTTAPI/ros2_ws/install/mqtt_integration/lib/python3.8/site-packages/mqtt_integration/rn2_node.py to rn2_node.cpython-38.pyc
[0.482s] byte-compiling /home/aurora/MQTTAPI/ros2_ws/install/mqtt_integration/lib/python3.8/site-packages/mqtt_integration/rn1_node.py to rn1_node.cpython-38.pyc
[0.483s] byte-compiling /home/aurora/MQTTAPI/ros2_ws/install/mqtt_integration/lib/python3.8/site-packages/mqtt_integration/__init__.py to __init__.cpython-38.pyc
[0.483s] running install_data
[0.483s] creating /home/aurora/MQTTAPI/ros2_ws/install/mqtt_integration/share/ament_index
[0.483s] creating /home/aurora/MQTTAPI/ros2_ws/install/mqtt_integration/share/ament_index/resource_index
[0.483s] creating /home/aurora/MQTTAPI/ros2_ws/install/mqtt_integration/share/ament_index/resource_index/packages
[0.483s] copying resource/mqtt_integration -> /home/aurora/MQTTAPI/ros2_ws/install/mqtt_integration/share/ament_index/resource_index/packages
[0.483s] copying package.xml -> /home/aurora/MQTTAPI/ros2_ws/install/mqtt_integration/share/mqtt_integration
[0.483s] running install_egg_info
[0.484s] Copying ../../build/mqtt_integration/mqtt_integration.egg-info to /home/aurora/MQTTAPI/ros2_ws/install/mqtt_integration/lib/python3.8/site-packages/mqtt_integration-0.0.0-py3.8.egg-info
[0.484s] running install_scripts
[0.492s] Installing rn1_node script to /home/aurora/MQTTAPI/ros2_ws/install/mqtt_integration/lib/mqtt_integration
[0.492s] Installing rn2_node script to /home/aurora/MQTTAPI/ros2_ws/install/mqtt_integration/lib/mqtt_integration
[0.492s] writing list of installed files to '/home/aurora/MQTTAPI/ros2_ws/build/mqtt_integration/install.log'
[0.503s] Invoked command in '/home/aurora/MQTTAPI/ros2_ws/src/mqtt_integration' returned '0': CONDA_PROMPT_MODIFIER=(ros2) PYTHONPATH=/home/aurora/MQTTAPI/ros2_ws/build/mqtt_integration/prefix_override:/usr/lib/python3/dist-packages/colcon_core/task/python/colcon_distutils_commands:/home/aurora/MQTTAPI/ros2_ws/install/mqtt_integration/lib/python3.8/site-packages:${PYTHONPATH} /usr/bin/python3 -W ignore:setup.py install is deprecated setup.py egg_info --egg-base ../../build/mqtt_integration build --build-base /home/aurora/MQTTAPI/ros2_ws/build/mqtt_integration/build install --record /home/aurora/MQTTAPI/ros2_ws/build/mqtt_integration/install.log --install-scripts $base/lib/mqtt_integration --single-version-externally-managed install_data
