[0.011s] Invoking command in '/home/aurora/MQTTAPI/ros2_ws/build/interfaces': CMAKE_PREFIX_PATH=${CMAKE_PREFIX_PATH}:/home/aurora/MQTTAPI/ros2_ws/install/rn2:/home/aurora/MQTTAPI/ros2_ws/install/rn1:/home/aurora/MQTTAPI/ros2_ws/install/mqtt_integration:/opt/ros/foxy CONDA_PROMPT_MODIFIER=(ros2) /usr/bin/cmake /home/aurora/MQTTAPI/ros2_ws/src/interfaces -DCMAKE_INSTALL_PREFIX=/home/aurora/MQTTAPI/ros2_ws/install/interfaces
[0.064s] -- The C compiler identification is GNU 9.4.0
[0.114s] -- The CXX compiler identification is GNU 9.4.0
[0.120s] -- Check for working C compiler: /usr/bin/cc
[0.185s] -- Check for working C compiler: /usr/bin/cc -- works
[0.186s] -- Detecting C compiler ABI info
[0.267s] -- Detecting C compiler ABI info - done
[0.272s] -- Detecting C compile features
[0.272s] -- Detecting C compile features - done
[0.274s] -- Check for working CXX compiler: /usr/bin/c++
[0.346s] -- Check for working CXX compiler: /usr/bin/c++ -- works
[0.348s] -- Detecting CXX compiler ABI info
[0.428s] -- Detecting CXX compiler ABI info - done
[0.439s] -- Detecting CXX compile features
[0.439s] -- Detecting CXX compile features - done
[0.440s] -- Found ament_cmake: 0.9.12 (/opt/ros/foxy/share/ament_cmake/cmake)
[0.461s] -- Found PythonInterp: /home/aurora/miniconda3/envs/ros2/bin/python3 (found suitable version "3.8", minimum required is "3") 
[0.461s] -- Using PYTHON_EXECUTABLE: /home/aurora/miniconda3/envs/ros2/bin/python3
[0.571s] -- Found ament_lint_auto: 0.9.8 (/opt/ros/foxy/share/ament_lint_auto/cmake)
[0.636s] -- Found geometry_msgs: 2.0.5 (/opt/ros/foxy/share/geometry_msgs/cmake)
[0.656s] -- Using all available rosidl_typesupport_c: rosidl_typesupport_fastrtps_c;rosidl_typesupport_introspection_c
[0.660s] -- Found rosidl_adapter: 1.3.1 (/opt/ros/foxy/share/rosidl_adapter/cmake)
[0.771s] -- Found OpenSSL: /usr/lib/x86_64-linux-gnu/libcrypto.so (found version "1.1.1f")  
[0.799s] -- Found FastRTPS: /opt/ros/foxy/include  
[0.859s] -- Using all available rosidl_typesupport_cpp: rosidl_typesupport_fastrtps_cpp;rosidl_typesupport_introspection_cpp
[0.902s] -- Found rosidl_default_generators: 1.0.1 (/opt/ros/foxy/share/rosidl_default_generators/cmake)
[0.926s] -- Found PythonInterp: /home/aurora/miniconda3/envs/ros2/bin/python3 (found version "3.8") 
[1.002s] -- Found ament_cmake_ros: 0.9.2 (/opt/ros/foxy/share/ament_cmake_ros/cmake)
[1.168s] -- Using all available rosidl_typesupport_c: rosidl_typesupport_fastrtps_c;rosidl_typesupport_introspection_c
[1.221s] -- Using all available rosidl_typesupport_cpp: rosidl_typesupport_fastrtps_cpp;rosidl_typesupport_introspection_cpp
[1.244s] -- Found PythonInterp: /home/aurora/miniconda3/envs/ros2/bin/python3 (found suitable version "3.8", minimum required is "3.5") 
[1.247s] -- Found python_cmake_module: 0.8.1 (/opt/ros/foxy/share/python_cmake_module/cmake)
[1.265s] -- Found PythonLibs: /home/aurora/miniconda3/envs/ros2/lib/libpython3.8.so (found suitable version "3.8.0", minimum required is "3.5") 
[1.266s] -- Using PYTHON_EXECUTABLE: /home/aurora/miniconda3/envs/ros2/bin/python3
[1.266s] -- Using PYTHON_INCLUDE_DIRS: /home/aurora/miniconda3/envs/ros2/include/python3.8
[1.266s] -- Using PYTHON_LIBRARIES: /home/aurora/miniconda3/envs/ros2/lib/libpython3.8.so
[1.281s] -- Found PythonExtra: .so  
[1.467s] -- Using numpy include directory: /home/aurora/.local/lib/python3.8/site-packages/numpy/core/include
[1.485s] -- Added test 'copyright' to check source files copyright and LICENSE
[1.508s] -- Added test 'cppcheck' to perform static code analysis on C / C++ code
[1.509s] -- Configured cppcheck include dirs: 
[1.509s] -- Configured cppcheck exclude dirs and/or files: 
[1.532s] -- Added test 'cpplint' to check C / C++ code against the Google style
[1.532s] -- Configured cpplint exclude dirs and/or files: 
[1.537s] -- Added test 'flake8' to check Python code syntax and style conventions
[1.544s] -- Added test 'lint_cmake' to check CMake code style
[1.547s] -- Added test 'pep257' to check Python code against some of the style conventions in PEP 257
[1.570s] -- Added test 'uncrustify' to check C / C++ code style
[1.570s] -- Configured uncrustify additional arguments: 
[1.573s] -- Added test 'xmllint' to check XML markup files
[1.578s] -- Configuring done
[1.599s] CMake Warning at /opt/ros/foxy/share/rosidl_generator_py/cmake/rosidl_generator_py_generate_interfaces.cmake:235 (add_library):
[1.599s]   Cannot generate a safe runtime search path for target
[1.599s]   interfaces__rosidl_typesupport_fastrtps_c__pyext because files in some
[1.599s]   directories may conflict with libraries in implicit directories:
[1.599s] 
[1.599s]     runtime library [libssl.so.1.1] in /usr/lib/x86_64-linux-gnu may be hidden by files in:
[1.599s]       /home/aurora/miniconda3/envs/ros2/lib
[1.599s]     runtime library [libcrypto.so.1.1] in /usr/lib/x86_64-linux-gnu may be hidden by files in:
[1.599s]       /home/aurora/miniconda3/envs/ros2/lib
[1.600s] 
[1.600s]   Some of these libraries may not be found correctly.
[1.600s] Call Stack (most recent call first):
[1.600s]   /opt/ros/foxy/share/ament_cmake_core/cmake/core/ament_execute_extensions.cmake:48 (include)
[1.600s]   /opt/ros/foxy/share/rosidl_cmake/cmake/rosidl_generate_interfaces.cmake:286 (ament_execute_extensions)
[1.600s]   CMakeLists.txt:38 (rosidl_generate_interfaces)
[1.600s] 
[1.600s] 
[1.611s] -- Generating done
[1.613s] -- Build files have been written to: /home/aurora/MQTTAPI/ros2_ws/build/interfaces
[1.621s] Invoked command in '/home/aurora/MQTTAPI/ros2_ws/build/interfaces' returned '0': CMAKE_PREFIX_PATH=${CMAKE_PREFIX_PATH}:/home/aurora/MQTTAPI/ros2_ws/install/rn2:/home/aurora/MQTTAPI/ros2_ws/install/rn1:/home/aurora/MQTTAPI/ros2_ws/install/mqtt_integration:/opt/ros/foxy CONDA_PROMPT_MODIFIER=(ros2) /usr/bin/cmake /home/aurora/MQTTAPI/ros2_ws/src/interfaces -DCMAKE_INSTALL_PREFIX=/home/aurora/MQTTAPI/ros2_ws/install/interfaces
[1.626s] Invoking command in '/home/aurora/MQTTAPI/ros2_ws/build/interfaces': CMAKE_PREFIX_PATH=${CMAKE_PREFIX_PATH}:/home/aurora/MQTTAPI/ros2_ws/install/rn2:/home/aurora/MQTTAPI/ros2_ws/install/rn1:/home/aurora/MQTTAPI/ros2_ws/install/mqtt_integration:/opt/ros/foxy CONDA_PROMPT_MODIFIER=(ros2) /usr/bin/cmake --build /home/aurora/MQTTAPI/ros2_ws/build/interfaces -- -j32 -l32
[1.665s] [  2%] [34m[1mGenerating C code for ROS interfaces[0m
[1.670s] [35m[1mScanning dependencies of target interfaces__cpp[0m
[1.688s] [  5%] [34m[1mGenerating C++ code for ROS interfaces[0m
[1.876s] [35m[1mScanning dependencies of target interfaces__rosidl_generator_c[0m
[1.881s] [  5%] Built target interfaces__cpp
[1.885s] [  7%] [32mBuilding C object CMakeFiles/interfaces__rosidl_generator_c.dir/rosidl_generator_c/interfaces/srv/detail/mission_message__functions.c.o[0m
[1.888s] [ 10%] [32mBuilding C object CMakeFiles/interfaces__rosidl_generator_c.dir/rosidl_generator_c/interfaces/msg/detail/mission_message__functions.c.o[0m
[1.890s] [ 12%] [34m[1mGenerating C++ type support for eProsima Fast-RTPS[0m
[1.891s] [ 15%] [34m[1mGenerating C++ type support dispatch for ROS interfaces[0m
[1.892s] [ 17%] [34m[1mGenerating C++ introspection for ROS interfaces[0m
[1.927s] [ 20%] [32m[1mLinking C shared library libinterfaces__rosidl_generator_c.so[0m
[1.967s] [ 20%] Built target interfaces__rosidl_generator_c
[1.977s] [ 23%] [34m[1mGenerating C type support dispatch for ROS interfaces[0m
[1.980s] [ 25%] [34m[1mGenerating C introspection for ROS interfaces[0m
[2.066s] [35m[1mScanning dependencies of target interfaces__rosidl_typesupport_cpp[0m
[2.081s] [ 28%] [32mBuilding CXX object CMakeFiles/interfaces__rosidl_typesupport_cpp.dir/rosidl_typesupport_cpp/interfaces/srv/mission_message__type_support.cpp.o[0m
[2.082s] [35m[1mScanning dependencies of target interfaces__rosidl_typesupport_introspection_cpp[0m
[2.083s] [ 30%] [32mBuilding CXX object CMakeFiles/interfaces__rosidl_typesupport_cpp.dir/rosidl_typesupport_cpp/interfaces/msg/mission_message__type_support.cpp.o[0m
[2.083s] [35m[1mScanning dependencies of target interfaces__rosidl_typesupport_fastrtps_cpp[0m
[2.094s] [ 33%] [32mBuilding CXX object CMakeFiles/interfaces__rosidl_typesupport_introspection_cpp.dir/rosidl_typesupport_introspection_cpp/interfaces/msg/detail/mission_message__type_support.cpp.o[0m
[2.097s] [ 35%] [32mBuilding CXX object CMakeFiles/interfaces__rosidl_typesupport_introspection_cpp.dir/rosidl_typesupport_introspection_cpp/interfaces/srv/detail/mission_message__type_support.cpp.o[0m
[2.098s] [ 38%] [32mBuilding CXX object CMakeFiles/interfaces__rosidl_typesupport_fastrtps_cpp.dir/rosidl_typesupport_fastrtps_cpp/interfaces/srv/detail/dds_fastrtps/mission_message__type_support.cpp.o[0m
[2.101s] [ 41%] [32mBuilding CXX object CMakeFiles/interfaces__rosidl_typesupport_fastrtps_cpp.dir/rosidl_typesupport_fastrtps_cpp/interfaces/msg/detail/dds_fastrtps/mission_message__type_support.cpp.o[0m
[2.148s] [35m[1mScanning dependencies of target interfaces__rosidl_typesupport_c[0m
[2.159s] [ 43%] [32mBuilding CXX object CMakeFiles/interfaces__rosidl_typesupport_c.dir/rosidl_typesupport_c/interfaces/msg/mission_message__type_support.cpp.o[0m
[2.162s] [ 46%] [32mBuilding CXX object CMakeFiles/interfaces__rosidl_typesupport_c.dir/rosidl_typesupport_c/interfaces/srv/mission_message__type_support.cpp.o[0m
[2.162s] [35m[1mScanning dependencies of target interfaces__rosidl_typesupport_introspection_c[0m
[2.173s] [ 48%] [32mBuilding C object CMakeFiles/interfaces__rosidl_typesupport_introspection_c.dir/rosidl_typesupport_introspection_c/interfaces/srv/detail/mission_message__type_support.c.o[0m
[2.176s] [ 51%] [32mBuilding C object CMakeFiles/interfaces__rosidl_typesupport_introspection_c.dir/rosidl_typesupport_introspection_c/interfaces/msg/detail/mission_message__type_support.c.o[0m
[2.189s] [ 53%] [32m[1mLinking CXX shared library libinterfaces__rosidl_typesupport_c.so[0m
[2.198s] [ 56%] [32m[1mLinking C shared library libinterfaces__rosidl_typesupport_introspection_c.so[0m
[2.219s] [ 56%] Built target interfaces__rosidl_typesupport_introspection_c
[2.220s] [ 56%] Built target interfaces__rosidl_typesupport_c
[2.240s] [ 58%] [32m[1mLinking CXX shared library libinterfaces__rosidl_typesupport_cpp.so[0m
[2.265s] [ 61%] [32m[1mLinking CXX shared library libinterfaces__rosidl_typesupport_introspection_cpp.so[0m
[2.285s] [ 61%] Built target interfaces__rosidl_typesupport_cpp
[2.316s] [ 61%] Built target interfaces__rosidl_typesupport_introspection_cpp
[2.336s] [ 64%] [32m[1mLinking CXX shared library libinterfaces__rosidl_typesupport_fastrtps_cpp.so[0m
[2.398s] [ 64%] Built target interfaces__rosidl_typesupport_fastrtps_cpp
[2.406s] [ 66%] [34m[1mGenerating C type support for eProsima Fast-RTPS[0m
[2.597s] [35m[1mScanning dependencies of target interfaces__rosidl_typesupport_fastrtps_c[0m
[2.620s] [ 69%] [32mBuilding CXX object CMakeFiles/interfaces__rosidl_typesupport_fastrtps_c.dir/rosidl_typesupport_fastrtps_c/interfaces/msg/detail/mission_message__type_support_c.cpp.o[0m
[2.620s] [ 71%] [32mBuilding CXX object CMakeFiles/interfaces__rosidl_typesupport_fastrtps_c.dir/rosidl_typesupport_fastrtps_c/interfaces/srv/detail/mission_message__type_support_c.cpp.o[0m
[2.825s] [ 74%] [32m[1mLinking CXX shared library libinterfaces__rosidl_typesupport_fastrtps_c.so[0m
[2.884s] [ 74%] Built target interfaces__rosidl_typesupport_fastrtps_c
[2.890s] [35m[1mScanning dependencies of target interfaces[0m
[2.904s] [ 74%] Built target interfaces
[2.915s] [35m[1mScanning dependencies of target interfaces__py[0m
[2.922s] [ 76%] [34m[1mGenerating Python code for ROS interfaces[0m
[3.271s] [ 76%] Built target interfaces__py
[3.282s] [35m[1mScanning dependencies of target interfaces__python[0m
[3.301s] [ 79%] [32mBuilding C object CMakeFiles/interfaces__python.dir/rosidl_generator_py/interfaces/srv/_mission_message_s.c.o[0m
[3.303s] [ 82%] [32mBuilding C object CMakeFiles/interfaces__python.dir/rosidl_generator_py/interfaces/msg/_mission_message_s.c.o[0m
[3.376s] [ 84%] [32m[1mLinking C shared library rosidl_generator_py/interfaces/libinterfaces__python.so[0m
[3.424s] [ 84%] Built target interfaces__python
[3.432s] [35m[1mScanning dependencies of target interfaces__rosidl_typesupport_introspection_c__pyext[0m
[3.434s] [35m[1mScanning dependencies of target interfaces__rosidl_typesupport_fastrtps_c__pyext[0m
[3.436s] [35m[1mScanning dependencies of target interfaces__rosidl_typesupport_c__pyext[0m
[3.449s] [ 87%] [32mBuilding C object CMakeFiles/interfaces__rosidl_typesupport_fastrtps_c__pyext.dir/rosidl_generator_py/interfaces/_interfaces_s.ep.rosidl_typesupport_fastrtps_c.c.o[0m
[3.452s] [ 89%] [32mBuilding C object CMakeFiles/interfaces__rosidl_typesupport_introspection_c__pyext.dir/rosidl_generator_py/interfaces/_interfaces_s.ep.rosidl_typesupport_introspection_c.c.o[0m
[3.453s] [ 92%] [32mBuilding C object CMakeFiles/interfaces__rosidl_typesupport_c__pyext.dir/rosidl_generator_py/interfaces/_interfaces_s.ep.rosidl_typesupport_c.c.o[0m
[3.511s] [ 94%] [32m[1mLinking C shared library rosidl_generator_py/interfaces/interfaces_s__rosidl_typesupport_c.cpython-38-x86_64-linux-gnu.so[0m
[3.511s] [ 97%] [32m[1mLinking CXX shared library rosidl_generator_py/interfaces/interfaces_s__rosidl_typesupport_fastrtps_c.cpython-38-x86_64-linux-gnu.so[0m
[3.517s] [100%] [32m[1mLinking C shared library rosidl_generator_py/interfaces/interfaces_s__rosidl_typesupport_introspection_c.cpython-38-x86_64-linux-gnu.so[0m
[3.550s] [100%] Built target interfaces__rosidl_typesupport_c__pyext
[3.559s] [100%] Built target interfaces__rosidl_typesupport_introspection_c__pyext
[3.560s] [100%] Built target interfaces__rosidl_typesupport_fastrtps_c__pyext
[3.576s] Invoked command in '/home/aurora/MQTTAPI/ros2_ws/build/interfaces' returned '0': CMAKE_PREFIX_PATH=${CMAKE_PREFIX_PATH}:/home/aurora/MQTTAPI/ros2_ws/install/rn2:/home/aurora/MQTTAPI/ros2_ws/install/rn1:/home/aurora/MQTTAPI/ros2_ws/install/mqtt_integration:/opt/ros/foxy CONDA_PROMPT_MODIFIER=(ros2) /usr/bin/cmake --build /home/aurora/MQTTAPI/ros2_ws/build/interfaces -- -j32 -l32
[3.650s] Invoking command in '/home/aurora/MQTTAPI/ros2_ws/build/interfaces': CMAKE_PREFIX_PATH=${CMAKE_PREFIX_PATH}:/home/aurora/MQTTAPI/ros2_ws/install/rn2:/home/aurora/MQTTAPI/ros2_ws/install/rn1:/home/aurora/MQTTAPI/ros2_ws/install/mqtt_integration:/opt/ros/foxy CONDA_PROMPT_MODIFIER=(ros2) /usr/bin/cmake --install /home/aurora/MQTTAPI/ros2_ws/build/interfaces
[3.662s] -- Install configuration: ""
[3.662s] -- Installing: /home/aurora/MQTTAPI/ros2_ws/install/interfaces/share/ament_index/resource_index/rosidl_interfaces/interfaces
[3.663s] -- Installing: /home/aurora/MQTTAPI/ros2_ws/install/interfaces/include/interfaces
[3.663s] -- Installing: /home/aurora/MQTTAPI/ros2_ws/install/interfaces/include/interfaces/srv
[3.663s] -- Installing: /home/aurora/MQTTAPI/ros2_ws/install/interfaces/include/interfaces/srv/detail
[3.663s] -- Installing: /home/aurora/MQTTAPI/ros2_ws/install/interfaces/include/interfaces/srv/detail/mission_message__functions.h
[3.663s] -- Installing: /home/aurora/MQTTAPI/ros2_ws/install/interfaces/include/interfaces/srv/detail/mission_message__struct.h
[3.663s] -- Installing: /home/aurora/MQTTAPI/ros2_ws/install/interfaces/include/interfaces/srv/detail/mission_message__type_support.h
[3.663s] -- Installing: /home/aurora/MQTTAPI/ros2_ws/install/interfaces/include/interfaces/srv/detail/mission_message__functions.c
[3.663s] -- Installing: /home/aurora/MQTTAPI/ros2_ws/install/interfaces/include/interfaces/srv/mission_message.h
[3.663s] -- Installing: /home/aurora/MQTTAPI/ros2_ws/install/interfaces/include/interfaces/msg
[3.663s] -- Installing: /home/aurora/MQTTAPI/ros2_ws/install/interfaces/include/interfaces/msg/detail
[3.664s] -- Installing: /home/aurora/MQTTAPI/ros2_ws/install/interfaces/include/interfaces/msg/detail/mission_message__functions.h
[3.664s] -- Installing: /home/aurora/MQTTAPI/ros2_ws/install/interfaces/include/interfaces/msg/detail/mission_message__struct.h
[3.664s] -- Installing: /home/aurora/MQTTAPI/ros2_ws/install/interfaces/include/interfaces/msg/detail/mission_message__type_support.h
[3.664s] -- Installing: /home/aurora/MQTTAPI/ros2_ws/install/interfaces/include/interfaces/msg/detail/mission_message__functions.c
[3.664s] -- Installing: /home/aurora/MQTTAPI/ros2_ws/install/interfaces/include/interfaces/msg/rosidl_generator_c__visibility_control.h
[3.664s] -- Installing: /home/aurora/MQTTAPI/ros2_ws/install/interfaces/include/interfaces/msg/mission_message.h
[3.664s] -- Installing: /home/aurora/MQTTAPI/ros2_ws/install/interfaces/share/interfaces/environment/library_path.sh
[3.664s] -- Installing: /home/aurora/MQTTAPI/ros2_ws/install/interfaces/share/interfaces/environment/library_path.dsv
[3.664s] -- Installing: /home/aurora/MQTTAPI/ros2_ws/install/interfaces/lib/libinterfaces__rosidl_generator_c.so
[3.664s] -- Set runtime path of "/home/aurora/MQTTAPI/ros2_ws/install/interfaces/lib/libinterfaces__rosidl_generator_c.so" to ""
[3.664s] -- Up-to-date: /home/aurora/MQTTAPI/ros2_ws/install/interfaces/include/interfaces
[3.664s] -- Up-to-date: /home/aurora/MQTTAPI/ros2_ws/install/interfaces/include/interfaces/srv
[3.665s] -- Up-to-date: /home/aurora/MQTTAPI/ros2_ws/install/interfaces/include/interfaces/srv/detail
[3.665s] -- Installing: /home/aurora/MQTTAPI/ros2_ws/install/interfaces/include/interfaces/srv/detail/mission_message__rosidl_typesupport_fastrtps_c.h
[3.665s] -- Up-to-date: /home/aurora/MQTTAPI/ros2_ws/install/interfaces/include/interfaces/msg
[3.665s] -- Up-to-date: /home/aurora/MQTTAPI/ros2_ws/install/interfaces/include/interfaces/msg/detail
[3.665s] -- Installing: /home/aurora/MQTTAPI/ros2_ws/install/interfaces/include/interfaces/msg/detail/mission_message__rosidl_typesupport_fastrtps_c.h
[3.665s] -- Installing: /home/aurora/MQTTAPI/ros2_ws/install/interfaces/include/interfaces/msg/rosidl_typesupport_fastrtps_c__visibility_control.h
[3.665s] -- Installing: /home/aurora/MQTTAPI/ros2_ws/install/interfaces/lib/libinterfaces__rosidl_typesupport_fastrtps_c.so
[3.665s] -- Set runtime path of "/home/aurora/MQTTAPI/ros2_ws/install/interfaces/lib/libinterfaces__rosidl_typesupport_fastrtps_c.so" to ""
[3.665s] -- Up-to-date: /home/aurora/MQTTAPI/ros2_ws/install/interfaces/include/interfaces
[3.666s] -- Up-to-date: /home/aurora/MQTTAPI/ros2_ws/install/interfaces/include/interfaces/srv
[3.666s] -- Up-to-date: /home/aurora/MQTTAPI/ros2_ws/install/interfaces/include/interfaces/srv/detail
[3.666s] -- Installing: /home/aurora/MQTTAPI/ros2_ws/install/interfaces/include/interfaces/srv/detail/mission_message__rosidl_typesupport_fastrtps_cpp.hpp
[3.666s] -- Installing: /home/aurora/MQTTAPI/ros2_ws/install/interfaces/include/interfaces/srv/detail/dds_fastrtps
[3.666s] -- Up-to-date: /home/aurora/MQTTAPI/ros2_ws/install/interfaces/include/interfaces/msg
[3.666s] -- Up-to-date: /home/aurora/MQTTAPI/ros2_ws/install/interfaces/include/interfaces/msg/detail
[3.666s] -- Installing: /home/aurora/MQTTAPI/ros2_ws/install/interfaces/include/interfaces/msg/detail/mission_message__rosidl_typesupport_fastrtps_cpp.hpp
[3.666s] -- Installing: /home/aurora/MQTTAPI/ros2_ws/install/interfaces/include/interfaces/msg/detail/dds_fastrtps
[3.666s] -- Installing: /home/aurora/MQTTAPI/ros2_ws/install/interfaces/include/interfaces/msg/rosidl_typesupport_fastrtps_cpp__visibility_control.h
[3.667s] -- Installing: /home/aurora/MQTTAPI/ros2_ws/install/interfaces/lib/libinterfaces__rosidl_typesupport_fastrtps_cpp.so
[3.667s] -- Set runtime path of "/home/aurora/MQTTAPI/ros2_ws/install/interfaces/lib/libinterfaces__rosidl_typesupport_fastrtps_cpp.so" to ""
[3.667s] -- Up-to-date: /home/aurora/MQTTAPI/ros2_ws/install/interfaces/include/interfaces
[3.667s] -- Up-to-date: /home/aurora/MQTTAPI/ros2_ws/install/interfaces/include/interfaces/srv
[3.667s] -- Up-to-date: /home/aurora/MQTTAPI/ros2_ws/install/interfaces/include/interfaces/srv/detail
[3.668s] -- Installing: /home/aurora/MQTTAPI/ros2_ws/install/interfaces/include/interfaces/srv/detail/mission_message__rosidl_typesupport_introspection_c.h
[3.668s] -- Installing: /home/aurora/MQTTAPI/ros2_ws/install/interfaces/include/interfaces/srv/detail/mission_message__type_support.c
[3.668s] -- Up-to-date: /home/aurora/MQTTAPI/ros2_ws/install/interfaces/include/interfaces/msg
[3.668s] -- Up-to-date: /home/aurora/MQTTAPI/ros2_ws/install/interfaces/include/interfaces/msg/detail
[3.668s] -- Installing: /home/aurora/MQTTAPI/ros2_ws/install/interfaces/include/interfaces/msg/detail/mission_message__rosidl_typesupport_introspection_c.h
[3.668s] -- Installing: /home/aurora/MQTTAPI/ros2_ws/install/interfaces/include/interfaces/msg/detail/mission_message__type_support.c
[3.668s] -- Installing: /home/aurora/MQTTAPI/ros2_ws/install/interfaces/include/interfaces/msg/rosidl_typesupport_introspection_c__visibility_control.h
[3.668s] -- Installing: /home/aurora/MQTTAPI/ros2_ws/install/interfaces/lib/libinterfaces__rosidl_typesupport_introspection_c.so
[3.668s] -- Set runtime path of "/home/aurora/MQTTAPI/ros2_ws/install/interfaces/lib/libinterfaces__rosidl_typesupport_introspection_c.so" to ""
[3.668s] -- Installing: /home/aurora/MQTTAPI/ros2_ws/install/interfaces/lib/libinterfaces__rosidl_typesupport_c.so
[3.669s] -- Set runtime path of "/home/aurora/MQTTAPI/ros2_ws/install/interfaces/lib/libinterfaces__rosidl_typesupport_c.so" to ""
[3.669s] -- Up-to-date: /home/aurora/MQTTAPI/ros2_ws/install/interfaces/include/interfaces
[3.669s] -- Up-to-date: /home/aurora/MQTTAPI/ros2_ws/install/interfaces/include/interfaces/srv
[3.669s] -- Up-to-date: /home/aurora/MQTTAPI/ros2_ws/install/interfaces/include/interfaces/srv/detail
[3.669s] -- Installing: /home/aurora/MQTTAPI/ros2_ws/install/interfaces/include/interfaces/srv/detail/mission_message__type_support.hpp
[3.669s] -- Installing: /home/aurora/MQTTAPI/ros2_ws/install/interfaces/include/interfaces/srv/detail/mission_message__traits.hpp
[3.669s] -- Installing: /home/aurora/MQTTAPI/ros2_ws/install/interfaces/include/interfaces/srv/detail/mission_message__builder.hpp
[3.669s] -- Installing: /home/aurora/MQTTAPI/ros2_ws/install/interfaces/include/interfaces/srv/detail/mission_message__struct.hpp
[3.669s] -- Installing: /home/aurora/MQTTAPI/ros2_ws/install/interfaces/include/interfaces/srv/mission_message.hpp
[3.669s] -- Up-to-date: /home/aurora/MQTTAPI/ros2_ws/install/interfaces/include/interfaces/msg
[3.670s] -- Up-to-date: /home/aurora/MQTTAPI/ros2_ws/install/interfaces/include/interfaces/msg/detail
[3.670s] -- Installing: /home/aurora/MQTTAPI/ros2_ws/install/interfaces/include/interfaces/msg/detail/mission_message__type_support.hpp
[3.670s] -- Installing: /home/aurora/MQTTAPI/ros2_ws/install/interfaces/include/interfaces/msg/detail/mission_message__traits.hpp
[3.670s] -- Installing: /home/aurora/MQTTAPI/ros2_ws/install/interfaces/include/interfaces/msg/detail/mission_message__builder.hpp
[3.670s] -- Installing: /home/aurora/MQTTAPI/ros2_ws/install/interfaces/include/interfaces/msg/detail/mission_message__struct.hpp
[3.670s] -- Installing: /home/aurora/MQTTAPI/ros2_ws/install/interfaces/include/interfaces/msg/mission_message.hpp
[3.670s] -- Installing: /home/aurora/MQTTAPI/ros2_ws/install/interfaces/include/interfaces/msg/rosidl_generator_cpp__visibility_control.hpp
[3.670s] -- Up-to-date: /home/aurora/MQTTAPI/ros2_ws/install/interfaces/include/interfaces
[3.670s] -- Up-to-date: /home/aurora/MQTTAPI/ros2_ws/install/interfaces/include/interfaces/srv
[3.670s] -- Up-to-date: /home/aurora/MQTTAPI/ros2_ws/install/interfaces/include/interfaces/srv/detail
[3.671s] -- Installing: /home/aurora/MQTTAPI/ros2_ws/install/interfaces/include/interfaces/srv/detail/mission_message__rosidl_typesupport_introspection_cpp.hpp
[3.671s] -- Installing: /home/aurora/MQTTAPI/ros2_ws/install/interfaces/include/interfaces/srv/detail/mission_message__type_support.cpp
[3.671s] -- Up-to-date: /home/aurora/MQTTAPI/ros2_ws/install/interfaces/include/interfaces/msg
[3.671s] -- Up-to-date: /home/aurora/MQTTAPI/ros2_ws/install/interfaces/include/interfaces/msg/detail
[3.671s] -- Installing: /home/aurora/MQTTAPI/ros2_ws/install/interfaces/include/interfaces/msg/detail/mission_message__rosidl_typesupport_introspection_cpp.hpp
[3.671s] -- Installing: /home/aurora/MQTTAPI/ros2_ws/install/interfaces/include/interfaces/msg/detail/mission_message__type_support.cpp
[3.671s] -- Installing: /home/aurora/MQTTAPI/ros2_ws/install/interfaces/lib/libinterfaces__rosidl_typesupport_introspection_cpp.so
[3.671s] -- Set runtime path of "/home/aurora/MQTTAPI/ros2_ws/install/interfaces/lib/libinterfaces__rosidl_typesupport_introspection_cpp.so" to ""
[3.671s] -- Installing: /home/aurora/MQTTAPI/ros2_ws/install/interfaces/lib/libinterfaces__rosidl_typesupport_cpp.so
[3.671s] -- Set runtime path of "/home/aurora/MQTTAPI/ros2_ws/install/interfaces/lib/libinterfaces__rosidl_typesupport_cpp.so" to ""
[3.671s] -- Installing: /home/aurora/MQTTAPI/ros2_ws/install/interfaces/share/interfaces/environment/pythonpath.sh
[3.671s] -- Installing: /home/aurora/MQTTAPI/ros2_ws/install/interfaces/share/interfaces/environment/pythonpath.dsv
[3.671s] -- Installing: /home/aurora/MQTTAPI/ros2_ws/install/interfaces/lib/python3.8/site-packages/interfaces/__init__.py
[3.693s] Compiling '/home/aurora/MQTTAPI/ros2_ws/install/interfaces/lib/python3.8/site-packages/interfaces/__init__.py'...
[3.696s] -- Installing: /home/aurora/MQTTAPI/ros2_ws/install/interfaces/lib/python3.8/site-packages/interfaces/msg
[3.696s] -- Installing: /home/aurora/MQTTAPI/ros2_ws/install/interfaces/lib/python3.8/site-packages/interfaces/msg/_mission_message_s.c
[3.696s] -- Installing: /home/aurora/MQTTAPI/ros2_ws/install/interfaces/lib/python3.8/site-packages/interfaces/msg/_mission_message.py
[3.696s] -- Installing: /home/aurora/MQTTAPI/ros2_ws/install/interfaces/lib/python3.8/site-packages/interfaces/msg/__init__.py
[3.696s] -- Installing: /home/aurora/MQTTAPI/ros2_ws/install/interfaces/lib/python3.8/site-packages/interfaces/srv
[3.697s] -- Installing: /home/aurora/MQTTAPI/ros2_ws/install/interfaces/lib/python3.8/site-packages/interfaces/srv/_mission_message_s.c
[3.697s] -- Installing: /home/aurora/MQTTAPI/ros2_ws/install/interfaces/lib/python3.8/site-packages/interfaces/srv/_mission_message.py
[3.697s] -- Installing: /home/aurora/MQTTAPI/ros2_ws/install/interfaces/lib/python3.8/site-packages/interfaces/srv/__init__.py
[3.697s] -- Installing: /home/aurora/MQTTAPI/ros2_ws/install/interfaces/lib/python3.8/site-packages/interfaces/interfaces_s__rosidl_typesupport_fastrtps_c.cpython-38-x86_64-linux-gnu.so
[3.699s] -- Set runtime path of "/home/aurora/MQTTAPI/ros2_ws/install/interfaces/lib/python3.8/site-packages/interfaces/interfaces_s__rosidl_typesupport_fastrtps_c.cpython-38-x86_64-linux-gnu.so" to ""
[3.699s] -- Installing: /home/aurora/MQTTAPI/ros2_ws/install/interfaces/lib/python3.8/site-packages/interfaces/interfaces_s__rosidl_typesupport_introspection_c.cpython-38-x86_64-linux-gnu.so
[3.700s] -- Set runtime path of "/home/aurora/MQTTAPI/ros2_ws/install/interfaces/lib/python3.8/site-packages/interfaces/interfaces_s__rosidl_typesupport_introspection_c.cpython-38-x86_64-linux-gnu.so" to ""
[3.700s] -- Installing: /home/aurora/MQTTAPI/ros2_ws/install/interfaces/lib/python3.8/site-packages/interfaces/interfaces_s__rosidl_typesupport_c.cpython-38-x86_64-linux-gnu.so
[3.701s] -- Set runtime path of "/home/aurora/MQTTAPI/ros2_ws/install/interfaces/lib/python3.8/site-packages/interfaces/interfaces_s__rosidl_typesupport_c.cpython-38-x86_64-linux-gnu.so" to ""
[3.701s] -- Installing: /home/aurora/MQTTAPI/ros2_ws/install/interfaces/lib/libinterfaces__python.so
[3.702s] -- Set runtime path of "/home/aurora/MQTTAPI/ros2_ws/install/interfaces/lib/libinterfaces__python.so" to ""
[3.702s] -- Installing: /home/aurora/MQTTAPI/ros2_ws/install/interfaces/share/interfaces/msg/MissionMessage.idl
[3.703s] -- Installing: /home/aurora/MQTTAPI/ros2_ws/install/interfaces/share/interfaces/srv/MissionMessage.idl
[3.703s] -- Installing: /home/aurora/MQTTAPI/ros2_ws/install/interfaces/share/interfaces/msg/MissionMessage.msg
[3.703s] -- Installing: /home/aurora/MQTTAPI/ros2_ws/install/interfaces/share/interfaces/srv/MissionMessage.srv
[3.704s] -- Installing: /home/aurora/MQTTAPI/ros2_ws/install/interfaces/share/interfaces/srv/MissionMessage_Request.msg
[3.704s] -- Installing: /home/aurora/MQTTAPI/ros2_ws/install/interfaces/share/interfaces/srv/MissionMessage_Response.msg
[3.704s] -- Installing: /home/aurora/MQTTAPI/ros2_ws/install/interfaces/share/ament_index/resource_index/package_run_dependencies/interfaces
[3.704s] -- Installing: /home/aurora/MQTTAPI/ros2_ws/install/interfaces/share/ament_index/resource_index/parent_prefix_path/interfaces
[3.705s] -- Installing: /home/aurora/MQTTAPI/ros2_ws/install/interfaces/share/interfaces/environment/ament_prefix_path.sh
[3.705s] -- Installing: /home/aurora/MQTTAPI/ros2_ws/install/interfaces/share/interfaces/environment/ament_prefix_path.dsv
[3.705s] -- Installing: /home/aurora/MQTTAPI/ros2_ws/install/interfaces/share/interfaces/environment/path.sh
[3.706s] -- Installing: /home/aurora/MQTTAPI/ros2_ws/install/interfaces/share/interfaces/environment/path.dsv
[3.706s] -- Installing: /home/aurora/MQTTAPI/ros2_ws/install/interfaces/share/interfaces/local_setup.bash
[3.706s] -- Installing: /home/aurora/MQTTAPI/ros2_ws/install/interfaces/share/interfaces/local_setup.sh
[3.707s] -- Installing: /home/aurora/MQTTAPI/ros2_ws/install/interfaces/share/interfaces/local_setup.zsh
[3.707s] -- Installing: /home/aurora/MQTTAPI/ros2_ws/install/interfaces/share/interfaces/local_setup.dsv
[3.707s] -- Installing: /home/aurora/MQTTAPI/ros2_ws/install/interfaces/share/interfaces/package.dsv
[3.707s] -- Installing: /home/aurora/MQTTAPI/ros2_ws/install/interfaces/share/ament_index/resource_index/packages/interfaces
[3.708s] -- Installing: /home/aurora/MQTTAPI/ros2_ws/install/interfaces/share/interfaces/cmake/interfaces__rosidl_generator_cExport.cmake
[3.708s] -- Installing: /home/aurora/MQTTAPI/ros2_ws/install/interfaces/share/interfaces/cmake/interfaces__rosidl_generator_cExport-noconfig.cmake
[3.708s] -- Installing: /home/aurora/MQTTAPI/ros2_ws/install/interfaces/share/interfaces/cmake/interfaces__rosidl_typesupport_introspection_cExport.cmake
[3.708s] -- Installing: /home/aurora/MQTTAPI/ros2_ws/install/interfaces/share/interfaces/cmake/interfaces__rosidl_typesupport_introspection_cExport-noconfig.cmake
[3.708s] -- Installing: /home/aurora/MQTTAPI/ros2_ws/install/interfaces/share/interfaces/cmake/interfaces__rosidl_typesupport_cExport.cmake
[3.708s] -- Installing: /home/aurora/MQTTAPI/ros2_ws/install/interfaces/share/interfaces/cmake/interfaces__rosidl_typesupport_cExport-noconfig.cmake
[3.708s] -- Installing: /home/aurora/MQTTAPI/ros2_ws/install/interfaces/share/interfaces/cmake/interfaces__rosidl_generator_cppExport.cmake
[3.708s] -- Installing: /home/aurora/MQTTAPI/ros2_ws/install/interfaces/share/interfaces/cmake/interfaces__rosidl_typesupport_introspection_cppExport.cmake
[3.708s] -- Installing: /home/aurora/MQTTAPI/ros2_ws/install/interfaces/share/interfaces/cmake/interfaces__rosidl_typesupport_introspection_cppExport-noconfig.cmake
[3.709s] -- Installing: /home/aurora/MQTTAPI/ros2_ws/install/interfaces/share/interfaces/cmake/interfaces__rosidl_typesupport_cppExport.cmake
[3.709s] -- Installing: /home/aurora/MQTTAPI/ros2_ws/install/interfaces/share/interfaces/cmake/interfaces__rosidl_typesupport_cppExport-noconfig.cmake
[3.709s] -- Installing: /home/aurora/MQTTAPI/ros2_ws/install/interfaces/share/interfaces/cmake/rosidl_cmake-extras.cmake
[3.709s] -- Installing: /home/aurora/MQTTAPI/ros2_ws/install/interfaces/share/interfaces/cmake/ament_cmake_export_dependencies-extras.cmake
[3.709s] -- Installing: /home/aurora/MQTTAPI/ros2_ws/install/interfaces/share/interfaces/cmake/ament_cmake_export_libraries-extras.cmake
[3.709s] -- Installing: /home/aurora/MQTTAPI/ros2_ws/install/interfaces/share/interfaces/cmake/ament_cmake_export_targets-extras.cmake
[3.709s] -- Installing: /home/aurora/MQTTAPI/ros2_ws/install/interfaces/share/interfaces/cmake/ament_cmake_export_include_directories-extras.cmake
[3.709s] -- Installing: /home/aurora/MQTTAPI/ros2_ws/install/interfaces/share/interfaces/cmake/rosidl_cmake_export_typesupport_libraries-extras.cmake
[3.709s] -- Installing: /home/aurora/MQTTAPI/ros2_ws/install/interfaces/share/interfaces/cmake/rosidl_cmake_export_typesupport_targets-extras.cmake
[3.709s] -- Installing: /home/aurora/MQTTAPI/ros2_ws/install/interfaces/share/interfaces/cmake/interfacesConfig.cmake
[3.709s] -- Installing: /home/aurora/MQTTAPI/ros2_ws/install/interfaces/share/interfaces/cmake/interfacesConfig-version.cmake
[3.710s] -- Installing: /home/aurora/MQTTAPI/ros2_ws/install/interfaces/share/interfaces/package.xml
[3.711s] Invoked command in '/home/aurora/MQTTAPI/ros2_ws/build/interfaces' returned '0': CMAKE_PREFIX_PATH=${CMAKE_PREFIX_PATH}:/home/aurora/MQTTAPI/ros2_ws/install/rn2:/home/aurora/MQTTAPI/ros2_ws/install/rn1:/home/aurora/MQTTAPI/ros2_ws/install/mqtt_integration:/opt/ros/foxy CONDA_PROMPT_MODIFIER=(ros2) /usr/bin/cmake --install /home/aurora/MQTTAPI/ros2_ws/build/interfaces
