[0.107s] DEBUG:colcon:Command line arguments: ['/usr/bin/colcon', 'build', '--packages-select', 'interfaces']
[0.107s] DEBUG:colcon:Parsed command line arguments: Namespace(allow_overriding=[], ament_cmake_args=None, base_paths=['.'], build_base='build', catkin_cmake_args=None, catkin_skip_building_tests=False, cmake_args=None, cmake_clean_cache=False, cmake_clean_first=False, cmake_force_configure=False, cmake_target=None, cmake_target_skip_unavailable=False, continue_on_error=False, event_handlers=None, executor='parallel', ignore_user_meta=False, install_base='install', log_base=None, log_level=None, main=<bound method BuildVerb.main of <colcon_core.verb.build.BuildVerb object at 0x7f2229af3730>>, merge_install=False, metas=['./colcon.meta'], mixin=None, mixin_files=None, mixin_verb=('build',), packages_above=None, packages_above_and_dependencies=None, packages_above_depth=None, packages_end=None, packages_ignore=None, packages_ignore_regex=None, packages_select=['interfaces'], packages_select_build_failed=False, packages_select_by_dep=None, packages_select_regex=None, packages_select_test_failures=False, packages_skip=None, packages_skip_build_finished=False, packages_skip_by_dep=None, packages_skip_regex=None, packages_skip_test_passed=False, packages_skip_up_to=None, packages_start=None, packages_up_to=None, packages_up_to_regex=None, parallel_workers=32, paths=None, symlink_install=False, test_result_base=None, verb_extension=<colcon_core.verb.build.BuildVerb object at 0x7f2229af3730>, verb_name='build', verb_parser=<colcon_mixin.mixin.mixin_argument.MixinArgumentDecorator object at 0x7f22299d59d0>)
[0.183s] Level 1:colcon.colcon_core.package_discovery:discover_packages(colcon_meta) check parameters
[0.183s] Level 1:colcon.colcon_core.package_discovery:discover_packages(recursive) check parameters
[0.183s] Level 1:colcon.colcon_core.package_discovery:discover_packages(ignore) check parameters
[0.183s] Level 1:colcon.colcon_core.package_discovery:discover_packages(path) check parameters
[0.183s] Level 1:colcon.colcon_core.package_discovery:discover_packages(colcon_meta) discover
[0.183s] Level 1:colcon.colcon_core.package_discovery:discover_packages(recursive) discover
[0.183s] INFO:colcon.colcon_core.package_discovery:Crawling recursively for packages in '/home/aurora/MQTTAPI/ros2_ws/src/interfaces'
[0.184s] Level 1:colcon.colcon_core.package_identification:_identify(.) by extensions ['ignore', 'ignore_ament_install']
[0.184s] Level 1:colcon.colcon_core.package_identification:_identify(.) by extension 'ignore'
[0.184s] Level 1:colcon.colcon_core.package_identification:_identify(.) by extension 'ignore_ament_install'
[0.184s] Level 1:colcon.colcon_core.package_identification:_identify(.) by extensions ['colcon_pkg']
[0.184s] Level 1:colcon.colcon_core.package_identification:_identify(.) by extension 'colcon_pkg'
[0.184s] Level 1:colcon.colcon_core.package_identification:_identify(.) by extensions ['colcon_meta']
[0.184s] Level 1:colcon.colcon_core.package_identification:_identify(.) by extension 'colcon_meta'
[0.184s] Level 1:colcon.colcon_core.package_identification:_identify(.) by extensions ['ros']
[0.184s] Level 1:colcon.colcon_core.package_identification:_identify(.) by extension 'ros'
[0.191s] DEBUG:colcon.colcon_core.package_identification:Package '.' with type 'ros.ament_cmake' and name 'interfaces'
[0.191s] Level 1:colcon.colcon_core.package_discovery:discover_packages(recursive) using defaults
[0.191s] Level 1:colcon.colcon_core.package_discovery:discover_packages(ignore) discover
[0.191s] Level 1:colcon.colcon_core.package_discovery:discover_packages(ignore) using defaults
[0.191s] Level 1:colcon.colcon_core.package_discovery:discover_packages(path) discover
[0.191s] Level 1:colcon.colcon_core.package_discovery:discover_packages(path) using defaults
[0.199s] Level 1:colcon.colcon_core.package_discovery:discover_packages(prefix_path) check parameters
[0.199s] Level 1:colcon.colcon_core.package_discovery:discover_packages(prefix_path) discover
[0.200s] DEBUG:colcon.colcon_installed_package_information.package_discovery:Found 3 installed packages in /home/aurora/MQTTAPI/ros2_ws/install
[0.201s] DEBUG:colcon.colcon_installed_package_information.package_discovery:Found 263 installed packages in /opt/ros/foxy
[0.207s] Level 1:colcon.colcon_core.package_discovery:discover_packages(prefix_path) using defaults
[0.237s] Level 5:colcon.colcon_core.verb:set package 'interfaces' build argument 'cmake_args' from command line to 'None'
[0.237s] Level 5:colcon.colcon_core.verb:set package 'interfaces' build argument 'cmake_target' from command line to 'None'
[0.237s] Level 5:colcon.colcon_core.verb:set package 'interfaces' build argument 'cmake_target_skip_unavailable' from command line to 'False'
[0.237s] Level 5:colcon.colcon_core.verb:set package 'interfaces' build argument 'cmake_clean_cache' from command line to 'False'
[0.237s] Level 5:colcon.colcon_core.verb:set package 'interfaces' build argument 'cmake_clean_first' from command line to 'False'
[0.237s] Level 5:colcon.colcon_core.verb:set package 'interfaces' build argument 'cmake_force_configure' from command line to 'False'
[0.237s] Level 5:colcon.colcon_core.verb:set package 'interfaces' build argument 'ament_cmake_args' from command line to 'None'
[0.237s] Level 5:colcon.colcon_core.verb:set package 'interfaces' build argument 'catkin_cmake_args' from command line to 'None'
[0.237s] Level 5:colcon.colcon_core.verb:set package 'interfaces' build argument 'catkin_skip_building_tests' from command line to 'False'
[0.237s] DEBUG:colcon.colcon_core.verb:Building package 'interfaces' with the following arguments: {'ament_cmake_args': None, 'build_base': '/home/aurora/MQTTAPI/ros2_ws/src/interfaces/build/interfaces', 'catkin_cmake_args': None, 'catkin_skip_building_tests': False, 'cmake_args': None, 'cmake_clean_cache': False, 'cmake_clean_first': False, 'cmake_force_configure': False, 'cmake_target': None, 'cmake_target_skip_unavailable': False, 'install_base': '/home/aurora/MQTTAPI/ros2_ws/src/interfaces/install/interfaces', 'merge_install': False, 'path': '/home/aurora/MQTTAPI/ros2_ws/src/interfaces', 'symlink_install': False, 'test_result_base': None}
[0.237s] INFO:colcon.colcon_core.executor:Executing jobs using 'parallel' executor
[0.238s] DEBUG:colcon.colcon_parallel_executor.executor.parallel:run_until_complete
[0.238s] INFO:colcon.colcon_ros.task.ament_cmake.build:Building ROS package in '/home/aurora/MQTTAPI/ros2_ws/src/interfaces' with build type 'ament_cmake'
[0.238s] INFO:colcon.colcon_cmake.task.cmake.build:Building CMake package in '/home/aurora/MQTTAPI/ros2_ws/src/interfaces'
[0.239s] INFO:colcon.colcon_core.plugin_system:Skipping extension 'colcon_core.shell.bat': Not used on non-Windows systems
[0.239s] INFO:colcon.colcon_core.shell:Skip shell extension 'powershell' for command environment: Not usable outside of PowerShell
[0.239s] DEBUG:colcon.colcon_core.shell:Skip shell extension 'dsv' for command environment
[0.246s] DEBUG:colcon.colcon_core.event_handler.log_command:Invoking command in '/home/aurora/MQTTAPI/ros2_ws/src/interfaces/build/interfaces': CMAKE_PREFIX_PATH=/home/aurora/MQTTAPI/ros2_ws/install/rn2:/home/aurora/MQTTAPI/ros2_ws/install/rn1:/home/aurora/MQTTAPI/ros2_ws/install/mqtt_integration:/opt/ros/foxy CONDA_PROMPT_MODIFIER=(ros2) /usr/bin/cmake /home/aurora/MQTTAPI/ros2_ws/src/interfaces -DCMAKE_INSTALL_PREFIX=/home/aurora/MQTTAPI/ros2_ws/src/interfaces/install/interfaces
[1.259s] DEBUG:colcon.colcon_core.event_handler.log_command:Invoked command in '/home/aurora/MQTTAPI/ros2_ws/src/interfaces/build/interfaces' returned '0': CMAKE_PREFIX_PATH=/home/aurora/MQTTAPI/ros2_ws/install/rn2:/home/aurora/MQTTAPI/ros2_ws/install/rn1:/home/aurora/MQTTAPI/ros2_ws/install/mqtt_integration:/opt/ros/foxy CONDA_PROMPT_MODIFIER=(ros2) /usr/bin/cmake /home/aurora/MQTTAPI/ros2_ws/src/interfaces -DCMAKE_INSTALL_PREFIX=/home/aurora/MQTTAPI/ros2_ws/src/interfaces/install/interfaces
[1.263s] DEBUG:colcon.colcon_core.event_handler.log_command:Invoking command in '/home/aurora/MQTTAPI/ros2_ws/src/interfaces/build/interfaces': CMAKE_PREFIX_PATH=/home/aurora/MQTTAPI/ros2_ws/install/rn2:/home/aurora/MQTTAPI/ros2_ws/install/rn1:/home/aurora/MQTTAPI/ros2_ws/install/mqtt_integration:/opt/ros/foxy CONDA_PROMPT_MODIFIER=(ros2) /usr/bin/cmake --build /home/aurora/MQTTAPI/ros2_ws/src/interfaces/build/interfaces -- -j32 -l32
[3.212s] DEBUG:colcon.colcon_core.event_handler.log_command:Invoked command in '/home/aurora/MQTTAPI/ros2_ws/src/interfaces/build/interfaces' returned '0': CMAKE_PREFIX_PATH=/home/aurora/MQTTAPI/ros2_ws/install/rn2:/home/aurora/MQTTAPI/ros2_ws/install/rn1:/home/aurora/MQTTAPI/ros2_ws/install/mqtt_integration:/opt/ros/foxy CONDA_PROMPT_MODIFIER=(ros2) /usr/bin/cmake --build /home/aurora/MQTTAPI/ros2_ws/src/interfaces/build/interfaces -- -j32 -l32
[3.291s] DEBUG:colcon.colcon_core.event_handler.log_command:Invoking command in '/home/aurora/MQTTAPI/ros2_ws/src/interfaces/build/interfaces': CMAKE_PREFIX_PATH=/home/aurora/MQTTAPI/ros2_ws/install/rn2:/home/aurora/MQTTAPI/ros2_ws/install/rn1:/home/aurora/MQTTAPI/ros2_ws/install/mqtt_integration:/opt/ros/foxy CONDA_PROMPT_MODIFIER=(ros2) /usr/bin/cmake --install /home/aurora/MQTTAPI/ros2_ws/src/interfaces/build/interfaces
[3.349s] Level 1:colcon.colcon_core.environment:create_environment_scripts_only(interfaces)
[3.350s] DEBUG:colcon.colcon_core.event_handler.log_command:Invoked command in '/home/aurora/MQTTAPI/ros2_ws/src/interfaces/build/interfaces' returned '0': CMAKE_PREFIX_PATH=/home/aurora/MQTTAPI/ros2_ws/install/rn2:/home/aurora/MQTTAPI/ros2_ws/install/rn1:/home/aurora/MQTTAPI/ros2_ws/install/mqtt_integration:/opt/ros/foxy CONDA_PROMPT_MODIFIER=(ros2) /usr/bin/cmake --install /home/aurora/MQTTAPI/ros2_ws/src/interfaces/build/interfaces
[3.353s] Level 1:colcon.colcon_core.environment:checking '/home/aurora/MQTTAPI/ros2_ws/src/interfaces/install/interfaces' for CMake module files
[3.354s] Level 1:colcon.colcon_core.environment:checking '/home/aurora/MQTTAPI/ros2_ws/src/interfaces/install/interfaces' for CMake config files
[3.355s] Level 1:colcon.colcon_core.shell:create_environment_hook('interfaces', 'cmake_prefix_path')
[3.355s] INFO:colcon.colcon_core.shell:Creating environment hook '/home/aurora/MQTTAPI/ros2_ws/src/interfaces/install/interfaces/share/interfaces/hook/cmake_prefix_path.ps1'
[3.356s] INFO:colcon.colcon_core.shell:Creating environment descriptor '/home/aurora/MQTTAPI/ros2_ws/src/interfaces/install/interfaces/share/interfaces/hook/cmake_prefix_path.dsv'
[3.357s] INFO:colcon.colcon_core.shell:Creating environment hook '/home/aurora/MQTTAPI/ros2_ws/src/interfaces/install/interfaces/share/interfaces/hook/cmake_prefix_path.sh'
[3.358s] Level 1:colcon.colcon_core.environment:checking '/home/aurora/MQTTAPI/ros2_ws/src/interfaces/install/interfaces/lib'
[3.358s] Level 1:colcon.colcon_core.shell:create_environment_hook('interfaces', 'ld_library_path_lib')
[3.358s] INFO:colcon.colcon_core.shell:Creating environment hook '/home/aurora/MQTTAPI/ros2_ws/src/interfaces/install/interfaces/share/interfaces/hook/ld_library_path_lib.ps1'
[3.358s] INFO:colcon.colcon_core.shell:Creating environment descriptor '/home/aurora/MQTTAPI/ros2_ws/src/interfaces/install/interfaces/share/interfaces/hook/ld_library_path_lib.dsv'
[3.358s] INFO:colcon.colcon_core.shell:Creating environment hook '/home/aurora/MQTTAPI/ros2_ws/src/interfaces/install/interfaces/share/interfaces/hook/ld_library_path_lib.sh'
[3.359s] Level 1:colcon.colcon_core.environment:checking '/home/aurora/MQTTAPI/ros2_ws/src/interfaces/install/interfaces/bin'
[3.359s] Level 1:colcon.colcon_core.environment:checking '/home/aurora/MQTTAPI/ros2_ws/src/interfaces/install/interfaces/lib/pkgconfig/interfaces.pc'
[3.359s] Level 1:colcon.colcon_core.environment:checking '/home/aurora/MQTTAPI/ros2_ws/src/interfaces/install/interfaces/lib/python3.8/site-packages'
[3.359s] Level 1:colcon.colcon_core.shell:create_environment_hook('interfaces', 'pythonpath')
[3.359s] INFO:colcon.colcon_core.shell:Creating environment hook '/home/aurora/MQTTAPI/ros2_ws/src/interfaces/install/interfaces/share/interfaces/hook/pythonpath.ps1'
[3.359s] INFO:colcon.colcon_core.shell:Creating environment descriptor '/home/aurora/MQTTAPI/ros2_ws/src/interfaces/install/interfaces/share/interfaces/hook/pythonpath.dsv'
[3.359s] INFO:colcon.colcon_core.shell:Creating environment hook '/home/aurora/MQTTAPI/ros2_ws/src/interfaces/install/interfaces/share/interfaces/hook/pythonpath.sh'
[3.359s] Level 1:colcon.colcon_core.environment:checking '/home/aurora/MQTTAPI/ros2_ws/src/interfaces/install/interfaces/bin'
[3.360s] INFO:colcon.colcon_core.shell:Creating package script '/home/aurora/MQTTAPI/ros2_ws/src/interfaces/install/interfaces/share/interfaces/package.ps1'
[3.360s] INFO:colcon.colcon_core.shell:Creating package descriptor '/home/aurora/MQTTAPI/ros2_ws/src/interfaces/install/interfaces/share/interfaces/package.dsv'
[3.360s] INFO:colcon.colcon_core.shell:Creating package script '/home/aurora/MQTTAPI/ros2_ws/src/interfaces/install/interfaces/share/interfaces/package.sh'
[3.361s] INFO:colcon.colcon_core.shell:Creating package script '/home/aurora/MQTTAPI/ros2_ws/src/interfaces/install/interfaces/share/interfaces/package.bash'
[3.361s] INFO:colcon.colcon_core.shell:Creating package script '/home/aurora/MQTTAPI/ros2_ws/src/interfaces/install/interfaces/share/interfaces/package.zsh'
[3.361s] Level 1:colcon.colcon_core.environment:create_file_with_runtime_dependencies(/home/aurora/MQTTAPI/ros2_ws/src/interfaces/install/interfaces/share/colcon-core/packages/interfaces)
[3.416s] Level 1:colcon.colcon_core.environment:create_environment_scripts_only(interfaces)
[3.416s] Level 1:colcon.colcon_core.environment:checking '/home/aurora/MQTTAPI/ros2_ws/src/interfaces/install/interfaces' for CMake module files
[3.417s] Level 1:colcon.colcon_core.environment:checking '/home/aurora/MQTTAPI/ros2_ws/src/interfaces/install/interfaces' for CMake config files
[3.418s] Level 1:colcon.colcon_core.shell:create_environment_hook('interfaces', 'cmake_prefix_path')
[3.418s] INFO:colcon.colcon_core.shell:Creating environment hook '/home/aurora/MQTTAPI/ros2_ws/src/interfaces/install/interfaces/share/interfaces/hook/cmake_prefix_path.ps1'
[3.419s] INFO:colcon.colcon_core.shell:Creating environment descriptor '/home/aurora/MQTTAPI/ros2_ws/src/interfaces/install/interfaces/share/interfaces/hook/cmake_prefix_path.dsv'
[3.420s] INFO:colcon.colcon_core.shell:Creating environment hook '/home/aurora/MQTTAPI/ros2_ws/src/interfaces/install/interfaces/share/interfaces/hook/cmake_prefix_path.sh'
[3.420s] Level 1:colcon.colcon_core.environment:checking '/home/aurora/MQTTAPI/ros2_ws/src/interfaces/install/interfaces/lib'
[3.420s] Level 1:colcon.colcon_core.shell:create_environment_hook('interfaces', 'ld_library_path_lib')
[3.421s] INFO:colcon.colcon_core.shell:Creating environment hook '/home/aurora/MQTTAPI/ros2_ws/src/interfaces/install/interfaces/share/interfaces/hook/ld_library_path_lib.ps1'
[3.421s] INFO:colcon.colcon_core.shell:Creating environment descriptor '/home/aurora/MQTTAPI/ros2_ws/src/interfaces/install/interfaces/share/interfaces/hook/ld_library_path_lib.dsv'
[3.422s] INFO:colcon.colcon_core.shell:Creating environment hook '/home/aurora/MQTTAPI/ros2_ws/src/interfaces/install/interfaces/share/interfaces/hook/ld_library_path_lib.sh'
[3.422s] Level 1:colcon.colcon_core.environment:checking '/home/aurora/MQTTAPI/ros2_ws/src/interfaces/install/interfaces/bin'
[3.422s] Level 1:colcon.colcon_core.environment:checking '/home/aurora/MQTTAPI/ros2_ws/src/interfaces/install/interfaces/lib/pkgconfig/interfaces.pc'
[3.422s] Level 1:colcon.colcon_core.environment:checking '/home/aurora/MQTTAPI/ros2_ws/src/interfaces/install/interfaces/lib/python3.8/site-packages'
[3.422s] Level 1:colcon.colcon_core.shell:create_environment_hook('interfaces', 'pythonpath')
[3.423s] INFO:colcon.colcon_core.shell:Creating environment hook '/home/aurora/MQTTAPI/ros2_ws/src/interfaces/install/interfaces/share/interfaces/hook/pythonpath.ps1'
[3.423s] INFO:colcon.colcon_core.shell:Creating environment descriptor '/home/aurora/MQTTAPI/ros2_ws/src/interfaces/install/interfaces/share/interfaces/hook/pythonpath.dsv'
[3.423s] INFO:colcon.colcon_core.shell:Creating environment hook '/home/aurora/MQTTAPI/ros2_ws/src/interfaces/install/interfaces/share/interfaces/hook/pythonpath.sh'
[3.423s] Level 1:colcon.colcon_core.environment:checking '/home/aurora/MQTTAPI/ros2_ws/src/interfaces/install/interfaces/bin'
[3.423s] INFO:colcon.colcon_core.shell:Creating package script '/home/aurora/MQTTAPI/ros2_ws/src/interfaces/install/interfaces/share/interfaces/package.ps1'
[3.424s] INFO:colcon.colcon_core.shell:Creating package descriptor '/home/aurora/MQTTAPI/ros2_ws/src/interfaces/install/interfaces/share/interfaces/package.dsv'
[3.424s] INFO:colcon.colcon_core.shell:Creating package script '/home/aurora/MQTTAPI/ros2_ws/src/interfaces/install/interfaces/share/interfaces/package.sh'
[3.424s] INFO:colcon.colcon_core.shell:Creating package script '/home/aurora/MQTTAPI/ros2_ws/src/interfaces/install/interfaces/share/interfaces/package.bash'
[3.424s] INFO:colcon.colcon_core.shell:Creating package script '/home/aurora/MQTTAPI/ros2_ws/src/interfaces/install/interfaces/share/interfaces/package.zsh'
[3.424s] Level 1:colcon.colcon_core.environment:create_file_with_runtime_dependencies(/home/aurora/MQTTAPI/ros2_ws/src/interfaces/install/interfaces/share/colcon-core/packages/interfaces)
[3.425s] DEBUG:colcon.colcon_parallel_executor.executor.parallel:closing loop
[3.425s] DEBUG:colcon.colcon_parallel_executor.executor.parallel:loop closed
[3.425s] DEBUG:colcon.colcon_parallel_executor.executor.parallel:run_until_complete finished with '0'
[3.425s] DEBUG:colcon.colcon_core.event_reactor:joining thread
[3.432s] INFO:colcon.colcon_core.plugin_system:Skipping extension 'colcon_notification.desktop_notification.terminal_notifier': Not used on non-Darwin systems
[3.432s] INFO:colcon.colcon_core.plugin_system:Skipping extension 'colcon_notification.desktop_notification.win32': Not used on non-Windows systems
[3.432s] INFO:colcon.colcon_notification.desktop_notification:Sending desktop notification using 'notify2'
[3.449s] DEBUG:colcon.colcon_core.event_reactor:joined thread
[3.450s] INFO:colcon.colcon_core.shell:Creating prefix script '/home/aurora/MQTTAPI/ros2_ws/src/interfaces/install/local_setup.ps1'
[3.451s] INFO:colcon.colcon_core.shell:Creating prefix util module '/home/aurora/MQTTAPI/ros2_ws/src/interfaces/install/_local_setup_util_ps1.py'
[3.452s] INFO:colcon.colcon_core.shell:Creating prefix chain script '/home/aurora/MQTTAPI/ros2_ws/src/interfaces/install/setup.ps1'
[3.454s] INFO:colcon.colcon_core.shell:Creating prefix script '/home/aurora/MQTTAPI/ros2_ws/src/interfaces/install/local_setup.sh'
[3.454s] INFO:colcon.colcon_core.shell:Creating prefix util module '/home/aurora/MQTTAPI/ros2_ws/src/interfaces/install/_local_setup_util_sh.py'
[3.455s] INFO:colcon.colcon_core.shell:Creating prefix chain script '/home/aurora/MQTTAPI/ros2_ws/src/interfaces/install/setup.sh'
[3.456s] INFO:colcon.colcon_core.shell:Creating prefix script '/home/aurora/MQTTAPI/ros2_ws/src/interfaces/install/local_setup.bash'
[3.456s] INFO:colcon.colcon_core.shell:Creating prefix chain script '/home/aurora/MQTTAPI/ros2_ws/src/interfaces/install/setup.bash'
[3.458s] INFO:colcon.colcon_core.shell:Creating prefix script '/home/aurora/MQTTAPI/ros2_ws/src/interfaces/install/local_setup.zsh'
[3.458s] INFO:colcon.colcon_core.shell:Creating prefix chain script '/home/aurora/MQTTAPI/ros2_ws/src/interfaces/install/setup.zsh'
