[0.120s] DEBUG:colcon:Command line arguments: ['/usr/bin/colcon', 'build']
[0.120s] DEBUG:colcon:Parsed command line arguments: Namespace(allow_overriding=[], ament_cmake_args=None, base_paths=['.'], build_base='build', catkin_cmake_args=None, catkin_skip_building_tests=False, cmake_args=None, cmake_clean_cache=False, cmake_clean_first=False, cmake_force_configure=False, cmake_target=None, cmake_target_skip_unavailable=False, continue_on_error=False, event_handlers=None, executor='parallel', ignore_user_meta=False, install_base='install', log_base=None, log_level=None, main=<bound method BuildVerb.main of <colcon_core.verb.build.BuildVerb object at 0x7f22d82377f0>>, merge_install=False, metas=['./colcon.meta'], mixin=None, mixin_files=None, mixin_verb=('build',), packages_above=None, packages_above_and_dependencies=None, packages_above_depth=None, packages_end=None, packages_ignore=None, packages_ignore_regex=None, packages_select=None, packages_select_build_failed=False, packages_select_by_dep=None, packages_select_regex=None, packages_select_test_failures=False, packages_skip=None, packages_skip_build_finished=False, packages_skip_by_dep=None, packages_skip_regex=None, packages_skip_test_passed=False, packages_skip_up_to=None, packages_start=None, packages_up_to=None, packages_up_to_regex=None, parallel_workers=32, paths=None, symlink_install=False, test_result_base=None, verb_extension=<colcon_core.verb.build.BuildVerb object at 0x7f22d82377f0>, verb_name='build', verb_parser=<colcon_mixin.mixin.mixin_argument.MixinArgumentDecorator object at 0x7f22d8119bb0>)
[0.199s] Level 1:colcon.colcon_core.package_discovery:discover_packages(colcon_meta) check parameters
[0.199s] Level 1:colcon.colcon_core.package_discovery:discover_packages(recursive) check parameters
[0.199s] Level 1:colcon.colcon_core.package_discovery:discover_packages(ignore) check parameters
[0.199s] Level 1:colcon.colcon_core.package_discovery:discover_packages(path) check parameters
[0.199s] Level 1:colcon.colcon_core.package_discovery:discover_packages(colcon_meta) discover
[0.199s] Level 1:colcon.colcon_core.package_discovery:discover_packages(recursive) discover
[0.199s] INFO:colcon.colcon_core.package_discovery:Crawling recursively for packages in '/home/aurora/MQTTAPI/ros2_ws'
[0.199s] Level 1:colcon.colcon_core.package_identification:_identify(.) by extensions ['ignore', 'ignore_ament_install']
[0.199s] Level 1:colcon.colcon_core.package_identification:_identify(.) by extension 'ignore'
[0.199s] Level 1:colcon.colcon_core.package_identification:_identify(.) by extension 'ignore_ament_install'
[0.199s] Level 1:colcon.colcon_core.package_identification:_identify(.) by extensions ['colcon_pkg']
[0.199s] Level 1:colcon.colcon_core.package_identification:_identify(.) by extension 'colcon_pkg'
[0.199s] Level 1:colcon.colcon_core.package_identification:_identify(.) by extensions ['colcon_meta']
[0.199s] Level 1:colcon.colcon_core.package_identification:_identify(.) by extension 'colcon_meta'
[0.199s] Level 1:colcon.colcon_core.package_identification:_identify(.) by extensions ['ros']
[0.199s] Level 1:colcon.colcon_core.package_identification:_identify(.) by extension 'ros'
[0.206s] Level 1:colcon.colcon_core.package_identification:_identify(.) by extensions ['cmake', 'python']
[0.206s] Level 1:colcon.colcon_core.package_identification:_identify(.) by extension 'cmake'
[0.206s] Level 1:colcon.colcon_core.package_identification:_identify(.) by extension 'python'
[0.207s] Level 1:colcon.colcon_core.package_identification:_identify(.) by extensions ['python_setup_py']
[0.207s] Level 1:colcon.colcon_core.package_identification:_identify(.) by extension 'python_setup_py'
[0.207s] Level 1:colcon.colcon_core.package_identification:_identify(build) by extensions ['ignore', 'ignore_ament_install']
[0.207s] Level 1:colcon.colcon_core.package_identification:_identify(build) by extension 'ignore'
[0.207s] Level 1:colcon.colcon_core.package_identification:_identify(build) ignored
[0.207s] Level 1:colcon.colcon_core.package_identification:_identify(install) by extensions ['ignore', 'ignore_ament_install']
[0.207s] Level 1:colcon.colcon_core.package_identification:_identify(install) by extension 'ignore'
[0.207s] Level 1:colcon.colcon_core.package_identification:_identify(install) ignored
[0.208s] Level 1:colcon.colcon_core.package_identification:_identify(log) by extensions ['ignore', 'ignore_ament_install']
[0.208s] Level 1:colcon.colcon_core.package_identification:_identify(log) by extension 'ignore'
[0.208s] Level 1:colcon.colcon_core.package_identification:_identify(log) ignored
[0.208s] Level 1:colcon.colcon_core.package_identification:_identify(src) by extensions ['ignore', 'ignore_ament_install']
[0.208s] Level 1:colcon.colcon_core.package_identification:_identify(src) by extension 'ignore'
[0.208s] Level 1:colcon.colcon_core.package_identification:_identify(src) by extension 'ignore_ament_install'
[0.208s] Level 1:colcon.colcon_core.package_identification:_identify(src) by extensions ['colcon_pkg']
[0.208s] Level 1:colcon.colcon_core.package_identification:_identify(src) by extension 'colcon_pkg'
[0.208s] Level 1:colcon.colcon_core.package_identification:_identify(src) by extensions ['colcon_meta']
[0.208s] Level 1:colcon.colcon_core.package_identification:_identify(src) by extension 'colcon_meta'
[0.209s] Level 1:colcon.colcon_core.package_identification:_identify(src) by extensions ['ros']
[0.209s] Level 1:colcon.colcon_core.package_identification:_identify(src) by extension 'ros'
[0.209s] Level 1:colcon.colcon_core.package_identification:_identify(src) by extensions ['cmake', 'python']
[0.209s] Level 1:colcon.colcon_core.package_identification:_identify(src) by extension 'cmake'
[0.209s] Level 1:colcon.colcon_core.package_identification:_identify(src) by extension 'python'
[0.209s] Level 1:colcon.colcon_core.package_identification:_identify(src) by extensions ['python_setup_py']
[0.209s] Level 1:colcon.colcon_core.package_identification:_identify(src) by extension 'python_setup_py'
[0.209s] Level 1:colcon.colcon_core.package_identification:_identify(src/interfaces) by extensions ['ignore', 'ignore_ament_install']
[0.209s] Level 1:colcon.colcon_core.package_identification:_identify(src/interfaces) by extension 'ignore'
[0.209s] Level 1:colcon.colcon_core.package_identification:_identify(src/interfaces) by extension 'ignore_ament_install'
[0.209s] Level 1:colcon.colcon_core.package_identification:_identify(src/interfaces) by extensions ['colcon_pkg']
[0.209s] Level 1:colcon.colcon_core.package_identification:_identify(src/interfaces) by extension 'colcon_pkg'
[0.209s] Level 1:colcon.colcon_core.package_identification:_identify(src/interfaces) by extensions ['colcon_meta']
[0.209s] Level 1:colcon.colcon_core.package_identification:_identify(src/interfaces) by extension 'colcon_meta'
[0.209s] Level 1:colcon.colcon_core.package_identification:_identify(src/interfaces) by extensions ['ros']
[0.209s] Level 1:colcon.colcon_core.package_identification:_identify(src/interfaces) by extension 'ros'
[0.210s] DEBUG:colcon.colcon_core.package_identification:Package 'src/interfaces' with type 'ros.ament_cmake' and name 'interfaces'
[0.210s] Level 1:colcon.colcon_core.package_identification:_identify(src/mqtt_integration) by extensions ['ignore', 'ignore_ament_install']
[0.210s] Level 1:colcon.colcon_core.package_identification:_identify(src/mqtt_integration) by extension 'ignore'
[0.210s] Level 1:colcon.colcon_core.package_identification:_identify(src/mqtt_integration) by extension 'ignore_ament_install'
[0.210s] Level 1:colcon.colcon_core.package_identification:_identify(src/mqtt_integration) by extensions ['colcon_pkg']
[0.210s] Level 1:colcon.colcon_core.package_identification:_identify(src/mqtt_integration) by extension 'colcon_pkg'
[0.210s] Level 1:colcon.colcon_core.package_identification:_identify(src/mqtt_integration) by extensions ['colcon_meta']
[0.210s] Level 1:colcon.colcon_core.package_identification:_identify(src/mqtt_integration) by extension 'colcon_meta'
[0.210s] Level 1:colcon.colcon_core.package_identification:_identify(src/mqtt_integration) by extensions ['ros']
[0.210s] Level 1:colcon.colcon_core.package_identification:_identify(src/mqtt_integration) by extension 'ros'
[0.211s] DEBUG:colcon.colcon_core.package_identification:Package 'src/mqtt_integration' with type 'ros.ament_python' and name 'mqtt_integration'
[0.211s] Level 1:colcon.colcon_core.package_discovery:discover_packages(recursive) using defaults
[0.211s] Level 1:colcon.colcon_core.package_discovery:discover_packages(ignore) discover
[0.211s] Level 1:colcon.colcon_core.package_discovery:discover_packages(ignore) using defaults
[0.211s] Level 1:colcon.colcon_core.package_discovery:discover_packages(path) discover
[0.211s] Level 1:colcon.colcon_core.package_discovery:discover_packages(path) using defaults
[0.219s] Level 1:colcon.colcon_core.package_discovery:discover_packages(prefix_path) check parameters
[0.219s] Level 1:colcon.colcon_core.package_discovery:discover_packages(prefix_path) discover
[0.224s] DEBUG:colcon.colcon_installed_package_information.package_discovery:Found 4 installed packages in /home/aurora/MQTTAPI/ros2_ws/install
[0.225s] DEBUG:colcon.colcon_installed_package_information.package_discovery:Found 1 installed packages in /home/aurora/MQTTAPI/ros2_ws/src/interfaces/install
[0.225s] DEBUG:colcon.colcon_installed_package_information.package_discovery:Found 263 installed packages in /opt/ros/foxy
[0.226s] Level 1:colcon.colcon_core.package_discovery:discover_packages(prefix_path) using defaults
[0.255s] Level 5:colcon.colcon_core.verb:set package 'interfaces' build argument 'cmake_args' from command line to 'None'
[0.255s] Level 5:colcon.colcon_core.verb:set package 'interfaces' build argument 'cmake_target' from command line to 'None'
[0.255s] Level 5:colcon.colcon_core.verb:set package 'interfaces' build argument 'cmake_target_skip_unavailable' from command line to 'False'
[0.255s] Level 5:colcon.colcon_core.verb:set package 'interfaces' build argument 'cmake_clean_cache' from command line to 'False'
[0.255s] Level 5:colcon.colcon_core.verb:set package 'interfaces' build argument 'cmake_clean_first' from command line to 'False'
[0.255s] Level 5:colcon.colcon_core.verb:set package 'interfaces' build argument 'cmake_force_configure' from command line to 'False'
[0.255s] Level 5:colcon.colcon_core.verb:set package 'interfaces' build argument 'ament_cmake_args' from command line to 'None'
[0.255s] Level 5:colcon.colcon_core.verb:set package 'interfaces' build argument 'catkin_cmake_args' from command line to 'None'
[0.255s] Level 5:colcon.colcon_core.verb:set package 'interfaces' build argument 'catkin_skip_building_tests' from command line to 'False'
[0.255s] DEBUG:colcon.colcon_core.verb:Building package 'interfaces' with the following arguments: {'ament_cmake_args': None, 'build_base': '/home/aurora/MQTTAPI/ros2_ws/build/interfaces', 'catkin_cmake_args': None, 'catkin_skip_building_tests': False, 'cmake_args': None, 'cmake_clean_cache': False, 'cmake_clean_first': False, 'cmake_force_configure': False, 'cmake_target': None, 'cmake_target_skip_unavailable': False, 'install_base': '/home/aurora/MQTTAPI/ros2_ws/install/interfaces', 'merge_install': False, 'path': '/home/aurora/MQTTAPI/ros2_ws/src/interfaces', 'symlink_install': False, 'test_result_base': None}
[0.255s] Level 5:colcon.colcon_core.verb:set package 'mqtt_integration' build argument 'cmake_args' from command line to 'None'
[0.255s] Level 5:colcon.colcon_core.verb:set package 'mqtt_integration' build argument 'cmake_target' from command line to 'None'
[0.255s] Level 5:colcon.colcon_core.verb:set package 'mqtt_integration' build argument 'cmake_target_skip_unavailable' from command line to 'False'
[0.255s] Level 5:colcon.colcon_core.verb:set package 'mqtt_integration' build argument 'cmake_clean_cache' from command line to 'False'
[0.255s] Level 5:colcon.colcon_core.verb:set package 'mqtt_integration' build argument 'cmake_clean_first' from command line to 'False'
[0.255s] Level 5:colcon.colcon_core.verb:set package 'mqtt_integration' build argument 'cmake_force_configure' from command line to 'False'
[0.255s] Level 5:colcon.colcon_core.verb:set package 'mqtt_integration' build argument 'ament_cmake_args' from command line to 'None'
[0.255s] Level 5:colcon.colcon_core.verb:set package 'mqtt_integration' build argument 'catkin_cmake_args' from command line to 'None'
[0.255s] Level 5:colcon.colcon_core.verb:set package 'mqtt_integration' build argument 'catkin_skip_building_tests' from command line to 'False'
[0.255s] DEBUG:colcon.colcon_core.verb:Building package 'mqtt_integration' with the following arguments: {'ament_cmake_args': None, 'build_base': '/home/aurora/MQTTAPI/ros2_ws/build/mqtt_integration', 'catkin_cmake_args': None, 'catkin_skip_building_tests': False, 'cmake_args': None, 'cmake_clean_cache': False, 'cmake_clean_first': False, 'cmake_force_configure': False, 'cmake_target': None, 'cmake_target_skip_unavailable': False, 'install_base': '/home/aurora/MQTTAPI/ros2_ws/install/mqtt_integration', 'merge_install': False, 'path': '/home/aurora/MQTTAPI/ros2_ws/src/mqtt_integration', 'symlink_install': False, 'test_result_base': None}
[0.255s] INFO:colcon.colcon_core.executor:Executing jobs using 'parallel' executor
[0.256s] DEBUG:colcon.colcon_parallel_executor.executor.parallel:run_until_complete
[0.256s] INFO:colcon.colcon_ros.task.ament_cmake.build:Building ROS package in '/home/aurora/MQTTAPI/ros2_ws/src/interfaces' with build type 'ament_cmake'
[0.256s] INFO:colcon.colcon_cmake.task.cmake.build:Building CMake package in '/home/aurora/MQTTAPI/ros2_ws/src/interfaces'
[0.258s] INFO:colcon.colcon_core.plugin_system:Skipping extension 'colcon_core.shell.bat': Not used on non-Windows systems
[0.258s] INFO:colcon.colcon_core.shell:Skip shell extension 'powershell' for command environment: Not usable outside of PowerShell
[0.258s] DEBUG:colcon.colcon_core.shell:Skip shell extension 'dsv' for command environment
[0.266s] DEBUG:colcon.colcon_core.event_handler.log_command:Invoking command in '/home/aurora/MQTTAPI/ros2_ws/build/interfaces': CMAKE_PREFIX_PATH=${CMAKE_PREFIX_PATH}:/home/aurora/MQTTAPI/ros2_ws/install/rn2:/home/aurora/MQTTAPI/ros2_ws/install/rn1:/home/aurora/MQTTAPI/ros2_ws/install/mqtt_integration:/opt/ros/foxy CONDA_PROMPT_MODIFIER=(ros2) /usr/bin/cmake --build /home/aurora/MQTTAPI/ros2_ws/build/interfaces -- -j32 -l32
[0.459s] DEBUG:colcon.colcon_core.event_handler.log_command:Invoked command in '/home/aurora/MQTTAPI/ros2_ws/build/interfaces' returned '0': CMAKE_PREFIX_PATH=${CMAKE_PREFIX_PATH}:/home/aurora/MQTTAPI/ros2_ws/install/rn2:/home/aurora/MQTTAPI/ros2_ws/install/rn1:/home/aurora/MQTTAPI/ros2_ws/install/mqtt_integration:/opt/ros/foxy CONDA_PROMPT_MODIFIER=(ros2) /usr/bin/cmake --build /home/aurora/MQTTAPI/ros2_ws/build/interfaces -- -j32 -l32
[0.538s] DEBUG:colcon.colcon_core.event_handler.log_command:Invoking command in '/home/aurora/MQTTAPI/ros2_ws/build/interfaces': CMAKE_PREFIX_PATH=${CMAKE_PREFIX_PATH}:/home/aurora/MQTTAPI/ros2_ws/install/rn2:/home/aurora/MQTTAPI/ros2_ws/install/rn1:/home/aurora/MQTTAPI/ros2_ws/install/mqtt_integration:/opt/ros/foxy CONDA_PROMPT_MODIFIER=(ros2) /usr/bin/cmake --install /home/aurora/MQTTAPI/ros2_ws/build/interfaces
[0.579s] Level 1:colcon.colcon_core.environment:create_environment_scripts_only(interfaces)
[0.580s] DEBUG:colcon.colcon_core.event_handler.log_command:Invoked command in '/home/aurora/MQTTAPI/ros2_ws/build/interfaces' returned '0': CMAKE_PREFIX_PATH=${CMAKE_PREFIX_PATH}:/home/aurora/MQTTAPI/ros2_ws/install/rn2:/home/aurora/MQTTAPI/ros2_ws/install/rn1:/home/aurora/MQTTAPI/ros2_ws/install/mqtt_integration:/opt/ros/foxy CONDA_PROMPT_MODIFIER=(ros2) /usr/bin/cmake --install /home/aurora/MQTTAPI/ros2_ws/build/interfaces
[0.581s] Level 1:colcon.colcon_core.environment:checking '/home/aurora/MQTTAPI/ros2_ws/install/interfaces' for CMake module files
[0.581s] Level 1:colcon.colcon_core.environment:checking '/home/aurora/MQTTAPI/ros2_ws/install/interfaces' for CMake config files
[0.582s] Level 1:colcon.colcon_core.shell:create_environment_hook('interfaces', 'cmake_prefix_path')
[0.582s] INFO:colcon.colcon_core.shell:Creating environment hook '/home/aurora/MQTTAPI/ros2_ws/install/interfaces/share/interfaces/hook/cmake_prefix_path.ps1'
[0.582s] INFO:colcon.colcon_core.shell:Creating environment descriptor '/home/aurora/MQTTAPI/ros2_ws/install/interfaces/share/interfaces/hook/cmake_prefix_path.dsv'
[0.582s] INFO:colcon.colcon_core.shell:Creating environment hook '/home/aurora/MQTTAPI/ros2_ws/install/interfaces/share/interfaces/hook/cmake_prefix_path.sh'
[0.583s] Level 1:colcon.colcon_core.environment:checking '/home/aurora/MQTTAPI/ros2_ws/install/interfaces/lib'
[0.583s] Level 1:colcon.colcon_core.shell:create_environment_hook('interfaces', 'ld_library_path_lib')
[0.583s] INFO:colcon.colcon_core.shell:Creating environment hook '/home/aurora/MQTTAPI/ros2_ws/install/interfaces/share/interfaces/hook/ld_library_path_lib.ps1'
[0.583s] INFO:colcon.colcon_core.shell:Creating environment descriptor '/home/aurora/MQTTAPI/ros2_ws/install/interfaces/share/interfaces/hook/ld_library_path_lib.dsv'
[0.583s] INFO:colcon.colcon_core.shell:Creating environment hook '/home/aurora/MQTTAPI/ros2_ws/install/interfaces/share/interfaces/hook/ld_library_path_lib.sh'
[0.584s] Level 1:colcon.colcon_core.environment:checking '/home/aurora/MQTTAPI/ros2_ws/install/interfaces/bin'
[0.584s] Level 1:colcon.colcon_core.environment:checking '/home/aurora/MQTTAPI/ros2_ws/install/interfaces/lib/pkgconfig/interfaces.pc'
[0.584s] Level 1:colcon.colcon_core.environment:checking '/home/aurora/MQTTAPI/ros2_ws/install/interfaces/lib/python3.8/site-packages'
[0.584s] Level 1:colcon.colcon_core.shell:create_environment_hook('interfaces', 'pythonpath')
[0.584s] INFO:colcon.colcon_core.shell:Creating environment hook '/home/aurora/MQTTAPI/ros2_ws/install/interfaces/share/interfaces/hook/pythonpath.ps1'
[0.584s] INFO:colcon.colcon_core.shell:Creating environment descriptor '/home/aurora/MQTTAPI/ros2_ws/install/interfaces/share/interfaces/hook/pythonpath.dsv'
[0.584s] INFO:colcon.colcon_core.shell:Creating environment hook '/home/aurora/MQTTAPI/ros2_ws/install/interfaces/share/interfaces/hook/pythonpath.sh'
[0.584s] Level 1:colcon.colcon_core.environment:checking '/home/aurora/MQTTAPI/ros2_ws/install/interfaces/bin'
[0.585s] INFO:colcon.colcon_core.shell:Creating package script '/home/aurora/MQTTAPI/ros2_ws/install/interfaces/share/interfaces/package.ps1'
[0.585s] INFO:colcon.colcon_core.shell:Creating package descriptor '/home/aurora/MQTTAPI/ros2_ws/install/interfaces/share/interfaces/package.dsv'
[0.585s] INFO:colcon.colcon_core.shell:Creating package script '/home/aurora/MQTTAPI/ros2_ws/install/interfaces/share/interfaces/package.sh'
[0.586s] INFO:colcon.colcon_core.shell:Creating package script '/home/aurora/MQTTAPI/ros2_ws/install/interfaces/share/interfaces/package.bash'
[0.586s] INFO:colcon.colcon_core.shell:Creating package script '/home/aurora/MQTTAPI/ros2_ws/install/interfaces/share/interfaces/package.zsh'
[0.586s] Level 1:colcon.colcon_core.environment:create_file_with_runtime_dependencies(/home/aurora/MQTTAPI/ros2_ws/install/interfaces/share/colcon-core/packages/interfaces)
[0.647s] Level 1:colcon.colcon_core.environment:create_environment_scripts_only(interfaces)
[0.648s] Level 1:colcon.colcon_core.environment:checking '/home/aurora/MQTTAPI/ros2_ws/install/interfaces' for CMake module files
[0.649s] Level 1:colcon.colcon_core.environment:checking '/home/aurora/MQTTAPI/ros2_ws/install/interfaces' for CMake config files
[0.650s] Level 1:colcon.colcon_core.shell:create_environment_hook('interfaces', 'cmake_prefix_path')
[0.650s] INFO:colcon.colcon_core.shell:Creating environment hook '/home/aurora/MQTTAPI/ros2_ws/install/interfaces/share/interfaces/hook/cmake_prefix_path.ps1'
[0.651s] INFO:colcon.colcon_core.shell:Creating environment descriptor '/home/aurora/MQTTAPI/ros2_ws/install/interfaces/share/interfaces/hook/cmake_prefix_path.dsv'
[0.652s] INFO:colcon.colcon_core.shell:Creating environment hook '/home/aurora/MQTTAPI/ros2_ws/install/interfaces/share/interfaces/hook/cmake_prefix_path.sh'
[0.653s] Level 1:colcon.colcon_core.environment:checking '/home/aurora/MQTTAPI/ros2_ws/install/interfaces/lib'
[0.653s] Level 1:colcon.colcon_core.shell:create_environment_hook('interfaces', 'ld_library_path_lib')
[0.653s] INFO:colcon.colcon_core.shell:Creating environment hook '/home/aurora/MQTTAPI/ros2_ws/install/interfaces/share/interfaces/hook/ld_library_path_lib.ps1'
[0.653s] INFO:colcon.colcon_core.shell:Creating environment descriptor '/home/aurora/MQTTAPI/ros2_ws/install/interfaces/share/interfaces/hook/ld_library_path_lib.dsv'
[0.653s] INFO:colcon.colcon_core.shell:Creating environment hook '/home/aurora/MQTTAPI/ros2_ws/install/interfaces/share/interfaces/hook/ld_library_path_lib.sh'
[0.653s] Level 1:colcon.colcon_core.environment:checking '/home/aurora/MQTTAPI/ros2_ws/install/interfaces/bin'
[0.653s] Level 1:colcon.colcon_core.environment:checking '/home/aurora/MQTTAPI/ros2_ws/install/interfaces/lib/pkgconfig/interfaces.pc'
[0.653s] Level 1:colcon.colcon_core.environment:checking '/home/aurora/MQTTAPI/ros2_ws/install/interfaces/lib/python3.8/site-packages'
[0.653s] Level 1:colcon.colcon_core.shell:create_environment_hook('interfaces', 'pythonpath')
[0.654s] INFO:colcon.colcon_core.shell:Creating environment hook '/home/aurora/MQTTAPI/ros2_ws/install/interfaces/share/interfaces/hook/pythonpath.ps1'
[0.654s] INFO:colcon.colcon_core.shell:Creating environment descriptor '/home/aurora/MQTTAPI/ros2_ws/install/interfaces/share/interfaces/hook/pythonpath.dsv'
[0.654s] INFO:colcon.colcon_core.shell:Creating environment hook '/home/aurora/MQTTAPI/ros2_ws/install/interfaces/share/interfaces/hook/pythonpath.sh'
[0.654s] Level 1:colcon.colcon_core.environment:checking '/home/aurora/MQTTAPI/ros2_ws/install/interfaces/bin'
[0.654s] INFO:colcon.colcon_core.shell:Creating package script '/home/aurora/MQTTAPI/ros2_ws/install/interfaces/share/interfaces/package.ps1'
[0.654s] INFO:colcon.colcon_core.shell:Creating package descriptor '/home/aurora/MQTTAPI/ros2_ws/install/interfaces/share/interfaces/package.dsv'
[0.655s] INFO:colcon.colcon_core.shell:Creating package script '/home/aurora/MQTTAPI/ros2_ws/install/interfaces/share/interfaces/package.sh'
[0.655s] INFO:colcon.colcon_core.shell:Creating package script '/home/aurora/MQTTAPI/ros2_ws/install/interfaces/share/interfaces/package.bash'
[0.655s] INFO:colcon.colcon_core.shell:Creating package script '/home/aurora/MQTTAPI/ros2_ws/install/interfaces/share/interfaces/package.zsh'
[0.655s] Level 1:colcon.colcon_core.environment:create_file_with_runtime_dependencies(/home/aurora/MQTTAPI/ros2_ws/install/interfaces/share/colcon-core/packages/interfaces)
[0.656s] INFO:colcon.colcon_ros.task.ament_python.build:Building ROS package in '/home/aurora/MQTTAPI/ros2_ws/src/mqtt_integration' with build type 'ament_python'
[0.656s] Level 1:colcon.colcon_core.shell:create_environment_hook('mqtt_integration', 'ament_prefix_path')
[0.656s] INFO:colcon.colcon_core.shell:Creating environment hook '/home/aurora/MQTTAPI/ros2_ws/install/mqtt_integration/share/mqtt_integration/hook/ament_prefix_path.ps1'
[0.656s] INFO:colcon.colcon_core.shell:Creating environment descriptor '/home/aurora/MQTTAPI/ros2_ws/install/mqtt_integration/share/mqtt_integration/hook/ament_prefix_path.dsv'
[0.657s] INFO:colcon.colcon_core.shell:Creating environment hook '/home/aurora/MQTTAPI/ros2_ws/install/mqtt_integration/share/mqtt_integration/hook/ament_prefix_path.sh'
[0.657s] INFO:colcon.colcon_core.shell:Skip shell extension 'powershell' for command environment: Not usable outside of PowerShell
[0.657s] DEBUG:colcon.colcon_core.shell:Skip shell extension 'dsv' for command environment
[0.797s] INFO:colcon.colcon_core.task.python.build:Building Python package in '/home/aurora/MQTTAPI/ros2_ws/src/mqtt_integration'
[0.797s] INFO:colcon.colcon_core.shell:Skip shell extension 'powershell' for command environment: Not usable outside of PowerShell
[0.797s] DEBUG:colcon.colcon_core.shell:Skip shell extension 'dsv' for command environment
[1.028s] DEBUG:colcon.colcon_core.event_handler.log_command:Invoking command in '/home/aurora/MQTTAPI/ros2_ws/src/mqtt_integration': CONDA_PROMPT_MODIFIER=(ros2) PYTHONPATH=/home/aurora/MQTTAPI/ros2_ws/build/mqtt_integration/prefix_override:/usr/lib/python3/dist-packages/colcon_core/task/python/colcon_distutils_commands:/home/aurora/MQTTAPI/ros2_ws/install/mqtt_integration/lib/python3.8/site-packages:/home/aurora/MQTTAPI/ros2_ws/install/interfaces/lib/python3.8/site-packages:/home/aurora/MQTTAPI/ros2_ws/install/rn2/lib/python3.8/site-packages:/home/aurora/MQTTAPI/ros2_ws/install/rn1/lib/python3.8/site-packages:/home/aurora/MQTTAPI/ros2_ws/install/mqtt_integration/lib/python3.8/site-packages:/home/aurora/MQTTAPI/ros2_ws/src/interfaces/install/interfaces/lib/python3.8/site-packages:/opt/ros/foxy/lib/python3.8/site-packages /usr/bin/python3 -W ignore:setup.py install is deprecated setup.py egg_info --egg-base ../../build/mqtt_integration build --build-base /home/aurora/MQTTAPI/ros2_ws/build/mqtt_integration/build install --record /home/aurora/MQTTAPI/ros2_ws/build/mqtt_integration/install.log --install-scripts $base/lib/mqtt_integration --single-version-externally-managed install_data
[1.194s] Level 1:colcon.colcon_core.environment:checking '/home/aurora/MQTTAPI/ros2_ws/install/mqtt_integration' for CMake module files
[1.194s] DEBUG:colcon.colcon_core.event_handler.log_command:Invoked command in '/home/aurora/MQTTAPI/ros2_ws/src/mqtt_integration' returned '0': CONDA_PROMPT_MODIFIER=(ros2) PYTHONPATH=/home/aurora/MQTTAPI/ros2_ws/build/mqtt_integration/prefix_override:/usr/lib/python3/dist-packages/colcon_core/task/python/colcon_distutils_commands:/home/aurora/MQTTAPI/ros2_ws/install/mqtt_integration/lib/python3.8/site-packages:/home/aurora/MQTTAPI/ros2_ws/install/interfaces/lib/python3.8/site-packages:/home/aurora/MQTTAPI/ros2_ws/install/rn2/lib/python3.8/site-packages:/home/aurora/MQTTAPI/ros2_ws/install/rn1/lib/python3.8/site-packages:/home/aurora/MQTTAPI/ros2_ws/install/mqtt_integration/lib/python3.8/site-packages:/home/aurora/MQTTAPI/ros2_ws/src/interfaces/install/interfaces/lib/python3.8/site-packages:/opt/ros/foxy/lib/python3.8/site-packages /usr/bin/python3 -W ignore:setup.py install is deprecated setup.py egg_info --egg-base ../../build/mqtt_integration build --build-base /home/aurora/MQTTAPI/ros2_ws/build/mqtt_integration/build install --record /home/aurora/MQTTAPI/ros2_ws/build/mqtt_integration/install.log --install-scripts $base/lib/mqtt_integration --single-version-externally-managed install_data
[1.195s] Level 1:colcon.colcon_core.environment:checking '/home/aurora/MQTTAPI/ros2_ws/install/mqtt_integration' for CMake config files
[1.196s] Level 1:colcon.colcon_core.environment:checking '/home/aurora/MQTTAPI/ros2_ws/install/mqtt_integration/lib'
[1.196s] Level 1:colcon.colcon_core.environment:checking '/home/aurora/MQTTAPI/ros2_ws/install/mqtt_integration/bin'
[1.196s] Level 1:colcon.colcon_core.environment:checking '/home/aurora/MQTTAPI/ros2_ws/install/mqtt_integration/lib/pkgconfig/mqtt_integration.pc'
[1.196s] Level 1:colcon.colcon_core.environment:checking '/home/aurora/MQTTAPI/ros2_ws/install/mqtt_integration/lib/python3.8/site-packages'
[1.196s] Level 1:colcon.colcon_core.shell:create_environment_hook('mqtt_integration', 'pythonpath')
[1.197s] INFO:colcon.colcon_core.shell:Creating environment hook '/home/aurora/MQTTAPI/ros2_ws/install/mqtt_integration/share/mqtt_integration/hook/pythonpath.ps1'
[1.197s] INFO:colcon.colcon_core.shell:Creating environment descriptor '/home/aurora/MQTTAPI/ros2_ws/install/mqtt_integration/share/mqtt_integration/hook/pythonpath.dsv'
[1.198s] INFO:colcon.colcon_core.shell:Creating environment hook '/home/aurora/MQTTAPI/ros2_ws/install/mqtt_integration/share/mqtt_integration/hook/pythonpath.sh'
[1.199s] Level 1:colcon.colcon_core.environment:checking '/home/aurora/MQTTAPI/ros2_ws/install/mqtt_integration/bin'
[1.199s] Level 1:colcon.colcon_core.environment:create_environment_scripts_only(mqtt_integration)
[1.199s] INFO:colcon.colcon_core.shell:Creating package script '/home/aurora/MQTTAPI/ros2_ws/install/mqtt_integration/share/mqtt_integration/package.ps1'
[1.200s] INFO:colcon.colcon_core.shell:Creating package descriptor '/home/aurora/MQTTAPI/ros2_ws/install/mqtt_integration/share/mqtt_integration/package.dsv'
[1.201s] INFO:colcon.colcon_core.shell:Creating package script '/home/aurora/MQTTAPI/ros2_ws/install/mqtt_integration/share/mqtt_integration/package.sh'
[1.201s] INFO:colcon.colcon_core.shell:Creating package script '/home/aurora/MQTTAPI/ros2_ws/install/mqtt_integration/share/mqtt_integration/package.bash'
[1.201s] INFO:colcon.colcon_core.shell:Creating package script '/home/aurora/MQTTAPI/ros2_ws/install/mqtt_integration/share/mqtt_integration/package.zsh'
[1.201s] Level 1:colcon.colcon_core.environment:create_file_with_runtime_dependencies(/home/aurora/MQTTAPI/ros2_ws/install/mqtt_integration/share/colcon-core/packages/mqtt_integration)
[1.201s] DEBUG:colcon.colcon_parallel_executor.executor.parallel:closing loop
[1.202s] DEBUG:colcon.colcon_parallel_executor.executor.parallel:loop closed
[1.202s] DEBUG:colcon.colcon_parallel_executor.executor.parallel:run_until_complete finished with '0'
[1.202s] DEBUG:colcon.colcon_core.event_reactor:joining thread
[1.210s] INFO:colcon.colcon_core.plugin_system:Skipping extension 'colcon_notification.desktop_notification.terminal_notifier': Not used on non-Darwin systems
[1.210s] INFO:colcon.colcon_core.plugin_system:Skipping extension 'colcon_notification.desktop_notification.win32': Not used on non-Windows systems
[1.210s] INFO:colcon.colcon_notification.desktop_notification:Sending desktop notification using 'notify2'
[1.224s] DEBUG:colcon.colcon_core.event_reactor:joined thread
[1.225s] INFO:colcon.colcon_core.shell:Creating prefix script '/home/aurora/MQTTAPI/ros2_ws/install/local_setup.ps1'
[1.226s] INFO:colcon.colcon_core.shell:Creating prefix util module '/home/aurora/MQTTAPI/ros2_ws/install/_local_setup_util_ps1.py'
[1.228s] INFO:colcon.colcon_core.shell:Creating prefix chain script '/home/aurora/MQTTAPI/ros2_ws/install/setup.ps1'
[1.229s] INFO:colcon.colcon_core.shell:Creating prefix script '/home/aurora/MQTTAPI/ros2_ws/install/local_setup.sh'
[1.229s] INFO:colcon.colcon_core.shell:Creating prefix util module '/home/aurora/MQTTAPI/ros2_ws/install/_local_setup_util_sh.py'
[1.230s] INFO:colcon.colcon_core.shell:Creating prefix chain script '/home/aurora/MQTTAPI/ros2_ws/install/setup.sh'
[1.231s] INFO:colcon.colcon_core.shell:Creating prefix script '/home/aurora/MQTTAPI/ros2_ws/install/local_setup.bash'
[1.232s] INFO:colcon.colcon_core.shell:Creating prefix chain script '/home/aurora/MQTTAPI/ros2_ws/install/setup.bash'
[1.233s] INFO:colcon.colcon_core.shell:Creating prefix script '/home/aurora/MQTTAPI/ros2_ws/install/local_setup.zsh'
[1.234s] INFO:colcon.colcon_core.shell:Creating prefix chain script '/home/aurora/MQTTAPI/ros2_ws/install/setup.zsh'
