[0.378s] Invoking command in '/home/aurora/MQTTAPI/ros2_ws/src/mqtt_integration': AMENT_PREFIX_PATH=/home/aurora/MQTTAPI/ros2_ws/install/interfaces:${AMENT_PREFIX_PATH} CMAKE_PREFIX_PATH=/home/aurora/MQTTAPI/ros2_ws/install/interfaces:${CMAKE_PREFIX_PATH} CONDA_PROMPT_MODIFIER=(ros2) LD_LIBRARY_PATH=/home/aurora/MQTTAPI/ros2_ws/install/interfaces/lib:${LD_LIBRARY_PATH} PYTHONPATH=/home/aurora/MQTTAPI/ros2_ws/build/mqtt_integration/prefix_override:/usr/lib/python3/dist-packages/colcon_core/task/python/colcon_distutils_commands:/home/aurora/MQTTAPI/ros2_ws/install/mqtt_integration/lib/python3.8/site-packages:/home/aurora/MQTTAPI/ros2_ws/install/interfaces/lib/python3.8/site-packages:${PYTHONPATH} /usr/bin/python3 -W ignore:setup.py install is deprecated setup.py egg_info --egg-base ../../build/mqtt_integration build --build-base /home/aurora/MQTTAPI/ros2_ws/build/mqtt_integration/build install --record /home/aurora/MQTTAPI/ros2_ws/build/mqtt_integration/install.log --install-scripts $base/lib/mqtt_integration --single-version-externally-managed install_data
[0.497s] running egg_info
[0.497s] writing ../../build/mqtt_integration/mqtt_integration.egg-info/PKG-INFO
[0.498s] writing dependency_links to ../../build/mqtt_integration/mqtt_integration.egg-info/dependency_links.txt
[0.498s] writing entry points to ../../build/mqtt_integration/mqtt_integration.egg-info/entry_points.txt
[0.498s] writing requirements to ../../build/mqtt_integration/mqtt_integration.egg-info/requires.txt
[0.498s] writing top-level names to ../../build/mqtt_integration/mqtt_integration.egg-info/top_level.txt
[0.514s] reading manifest file '../../build/mqtt_integration/mqtt_integration.egg-info/SOURCES.txt'
[0.515s] writing manifest file '../../build/mqtt_integration/mqtt_integration.egg-info/SOURCES.txt'
[0.515s] running build
[0.515s] running build_py
[0.515s] copying mqtt_integration/rn2_node.py -> /home/aurora/MQTTAPI/ros2_ws/build/mqtt_integration/build/lib/mqtt_integration
[0.515s] copying mqtt_integration/rn1_node.py -> /home/aurora/MQTTAPI/ros2_ws/build/mqtt_integration/build/lib/mqtt_integration
[0.515s] running install
[0.515s] running install_lib
[0.516s] copying /home/aurora/MQTTAPI/ros2_ws/build/mqtt_integration/build/lib/mqtt_integration/rn2_node.py -> /home/aurora/MQTTAPI/ros2_ws/install/mqtt_integration/lib/python3.8/site-packages/mqtt_integration
[0.516s] copying /home/aurora/MQTTAPI/ros2_ws/build/mqtt_integration/build/lib/mqtt_integration/rn1_node.py -> /home/aurora/MQTTAPI/ros2_ws/install/mqtt_integration/lib/python3.8/site-packages/mqtt_integration
[0.516s] byte-compiling /home/aurora/MQTTAPI/ros2_ws/install/mqtt_integration/lib/python3.8/site-packages/mqtt_integration/rn2_node.py to rn2_node.cpython-38.pyc
[0.517s] byte-compiling /home/aurora/MQTTAPI/ros2_ws/install/mqtt_integration/lib/python3.8/site-packages/mqtt_integration/rn1_node.py to rn1_node.cpython-38.pyc
[0.517s] running install_data
[0.517s] copying package.xml -> /home/aurora/MQTTAPI/ros2_ws/install/mqtt_integration/share/mqtt_integration
[0.518s] running install_egg_info
[0.518s] removing '/home/aurora/MQTTAPI/ros2_ws/install/mqtt_integration/lib/python3.8/site-packages/mqtt_integration-0.0.0-py3.8.egg-info' (and everything under it)
[0.518s] Copying ../../build/mqtt_integration/mqtt_integration.egg-info to /home/aurora/MQTTAPI/ros2_ws/install/mqtt_integration/lib/python3.8/site-packages/mqtt_integration-0.0.0-py3.8.egg-info
[0.519s] running install_scripts
[0.528s] Installing rn1_node script to /home/aurora/MQTTAPI/ros2_ws/install/mqtt_integration/lib/mqtt_integration
[0.528s] Installing rn2_node script to /home/aurora/MQTTAPI/ros2_ws/install/mqtt_integration/lib/mqtt_integration
[0.528s] writing list of installed files to '/home/aurora/MQTTAPI/ros2_ws/build/mqtt_integration/install.log'
[0.540s] Invoked command in '/home/aurora/MQTTAPI/ros2_ws/src/mqtt_integration' returned '0': AMENT_PREFIX_PATH=/home/aurora/MQTTAPI/ros2_ws/install/interfaces:${AMENT_PREFIX_PATH} CMAKE_PREFIX_PATH=/home/aurora/MQTTAPI/ros2_ws/install/interfaces:${CMAKE_PREFIX_PATH} CONDA_PROMPT_MODIFIER=(ros2) LD_LIBRARY_PATH=/home/aurora/MQTTAPI/ros2_ws/install/interfaces/lib:${LD_LIBRARY_PATH} PYTHONPATH=/home/aurora/MQTTAPI/ros2_ws/build/mqtt_integration/prefix_override:/usr/lib/python3/dist-packages/colcon_core/task/python/colcon_distutils_commands:/home/aurora/MQTTAPI/ros2_ws/install/mqtt_integration/lib/python3.8/site-packages:/home/aurora/MQTTAPI/ros2_ws/install/interfaces/lib/python3.8/site-packages:${PYTHONPATH} /usr/bin/python3 -W ignore:setup.py install is deprecated setup.py egg_info --egg-base ../../build/mqtt_integration build --build-base /home/aurora/MQTTAPI/ros2_ws/build/mqtt_integration/build install --record /home/aurora/MQTTAPI/ros2_ws/build/mqtt_integration/install.log --install-scripts $base/lib/mqtt_integration --single-version-externally-managed install_data
