[0.007s] Invoking command in '/home/aurora/MQTTAPI/ros2_ws/src/interfaces/build/interfaces': CMAKE_PREFIX_PATH=/home/aurora/MQTTAPI/ros2_ws/install/rn2:/home/aurora/MQTTAPI/ros2_ws/install/rn1:/home/aurora/MQTTAPI/ros2_ws/install/mqtt_integration:/opt/ros/foxy CONDA_PROMPT_MODIFIER=(ros2) /usr/bin/cmake /home/aurora/MQTTAPI/ros2_ws/src/interfaces -DCMAKE_INSTALL_PREFIX=/home/aurora/MQTTAPI/ros2_ws/src/interfaces/install/interfaces
[0.018s] -- Found ament_cmake: 0.9.12 (/opt/ros/foxy/share/ament_cmake/cmake)
[0.033s] -- Found PythonInterp: /home/aurora/miniconda3/envs/ros2/bin/python3 (found suitable version "3.8", minimum required is "3") 
[0.033s] -- Using PYTHON_EXECUTABLE: /home/aurora/miniconda3/envs/ros2/bin/python3
[0.117s] -- Found ament_lint_auto: 0.9.8 (/opt/ros/foxy/share/ament_lint_auto/cmake)
[0.170s] -- Found geometry_msgs: 2.0.5 (/opt/ros/foxy/share/geometry_msgs/cmake)
[0.184s] -- Using all available rosidl_typesupport_c: rosidl_typesupport_fastrtps_c;rosidl_typesupport_introspection_c
[0.186s] -- Found rosidl_adapter: 1.3.1 (/opt/ros/foxy/share/rosidl_adapter/cmake)
[0.294s] -- Using all available rosidl_typesupport_cpp: rosidl_typesupport_fastrtps_cpp;rosidl_typesupport_introspection_cpp
[0.336s] -- Found rosidl_default_generators: 1.0.1 (/opt/ros/foxy/share/rosidl_default_generators/cmake)
[0.361s] -- Found PythonInterp: /home/aurora/miniconda3/envs/ros2/bin/python3 (found version "3.8") 
[0.439s] -- Found ament_cmake_ros: 0.9.2 (/opt/ros/foxy/share/ament_cmake_ros/cmake)
[0.603s] -- Using all available rosidl_typesupport_c: rosidl_typesupport_fastrtps_c;rosidl_typesupport_introspection_c
[0.661s] -- Using all available rosidl_typesupport_cpp: rosidl_typesupport_fastrtps_cpp;rosidl_typesupport_introspection_cpp
[0.679s] -- Found PythonInterp: /home/aurora/miniconda3/envs/ros2/bin/python3 (found suitable version "3.8", minimum required is "3.5") 
[0.682s] -- Found python_cmake_module: 0.8.1 (/opt/ros/foxy/share/python_cmake_module/cmake)
[0.708s] -- Found PythonLibs: /home/aurora/miniconda3/envs/ros2/lib/libpython3.8.so (found suitable version "3.8.0", minimum required is "3.5") 
[0.708s] -- Using PYTHON_EXECUTABLE: /home/aurora/miniconda3/envs/ros2/bin/python3
[0.708s] -- Using PYTHON_INCLUDE_DIRS: /home/aurora/miniconda3/envs/ros2/include/python3.8
[0.708s] -- Using PYTHON_LIBRARIES: /home/aurora/miniconda3/envs/ros2/lib/libpython3.8.so
[0.726s] -- Found PythonExtra: .so  
[0.932s] -- Using numpy include directory: /home/aurora/.local/lib/python3.8/site-packages/numpy/core/include
[0.944s] -- Added test 'copyright' to check source files copyright and LICENSE
[0.951s] -- Added test 'cppcheck' to perform static code analysis on C / C++ code
[0.952s] -- Configured cppcheck include dirs: $<BUILD_INTERFACE:/home/aurora/MQTTAPI/ros2_ws/src/interfaces/build/interfaces/rosidl_generator_c>;/home/aurora/MQTTAPI/ros2_ws/src/interfaces/build/interfaces/rosidl_generator_c;/home/aurora/MQTTAPI/ros2_ws/src/interfaces/build/interfaces/rosidl_generator_cpp;/home/aurora/MQTTAPI/ros2_ws/src/interfaces/build/interfaces/rosidl_typesupport_fastrtps_c;/home/aurora/MQTTAPI/ros2_ws/src/interfaces/build/interfaces/rosidl_typesupport_fastrtps_cpp;$<BUILD_INTERFACE:/home/aurora/MQTTAPI/ros2_ws/src/interfaces/build/interfaces/rosidl_typesupport_introspection_c>;$<BUILD_INTERFACE:/home/aurora/MQTTAPI/ros2_ws/src/interfaces/build/interfaces/rosidl_typesupport_c>;$<BUILD_INTERFACE:/home/aurora/MQTTAPI/ros2_ws/src/interfaces/build/interfaces/rosidl_generator_cpp>;/home/aurora/MQTTAPI/ros2_ws/src/interfaces/build/interfaces/rosidl_generator_py
[0.952s] -- Configured cppcheck exclude dirs and/or files: 
[0.958s] -- Added test 'cpplint' to check C / C++ code against the Google style
[0.958s] -- Configured cpplint exclude dirs and/or files: 
[0.959s] -- Added test 'flake8' to check Python code syntax and style conventions
[0.961s] -- Added test 'lint_cmake' to check CMake code style
[0.962s] -- Added test 'pep257' to check Python code against some of the style conventions in PEP 257
[0.969s] -- Added test 'uncrustify' to check C / C++ code style
[0.969s] -- Configured uncrustify additional arguments: 
[0.970s] -- Added test 'xmllint' to check XML markup files
[0.976s] -- Configuring done
[1.000s] CMake Warning at /opt/ros/foxy/share/rosidl_generator_py/cmake/rosidl_generator_py_generate_interfaces.cmake:235 (add_library):
[1.000s]   Cannot generate a safe runtime search path for target
[1.000s]   interfaces__rosidl_typesupport_fastrtps_c__pyext because files in some
[1.000s]   directories may conflict with libraries in implicit directories:
[1.001s] 
[1.001s]     runtime library [libssl.so.1.1] in /usr/lib/x86_64-linux-gnu may be hidden by files in:
[1.001s]       /home/aurora/miniconda3/envs/ros2/lib
[1.001s]     runtime library [libcrypto.so.1.1] in /usr/lib/x86_64-linux-gnu may be hidden by files in:
[1.001s]       /home/aurora/miniconda3/envs/ros2/lib
[1.001s] 
[1.001s]   Some of these libraries may not be found correctly.
[1.001s] Call Stack (most recent call first):
[1.001s]   /opt/ros/foxy/share/ament_cmake_core/cmake/core/ament_execute_extensions.cmake:48 (include)
[1.001s]   /opt/ros/foxy/share/rosidl_cmake/cmake/rosidl_generate_interfaces.cmake:286 (ament_execute_extensions)
[1.001s]   CMakeLists.txt:38 (rosidl_generate_interfaces)
[1.001s] 
[1.002s] 
[1.013s] -- Generating done
[1.014s] -- Build files have been written to: /home/aurora/MQTTAPI/ros2_ws/src/interfaces/build/interfaces
[1.021s] Invoked command in '/home/aurora/MQTTAPI/ros2_ws/src/interfaces/build/interfaces' returned '0': CMAKE_PREFIX_PATH=/home/aurora/MQTTAPI/ros2_ws/install/rn2:/home/aurora/MQTTAPI/ros2_ws/install/rn1:/home/aurora/MQTTAPI/ros2_ws/install/mqtt_integration:/opt/ros/foxy CONDA_PROMPT_MODIFIER=(ros2) /usr/bin/cmake /home/aurora/MQTTAPI/ros2_ws/src/interfaces -DCMAKE_INSTALL_PREFIX=/home/aurora/MQTTAPI/ros2_ws/src/interfaces/install/interfaces
[1.025s] Invoking command in '/home/aurora/MQTTAPI/ros2_ws/src/interfaces/build/interfaces': CMAKE_PREFIX_PATH=/home/aurora/MQTTAPI/ros2_ws/install/rn2:/home/aurora/MQTTAPI/ros2_ws/install/rn1:/home/aurora/MQTTAPI/ros2_ws/install/mqtt_integration:/opt/ros/foxy CONDA_PROMPT_MODIFIER=(ros2) /usr/bin/cmake --build /home/aurora/MQTTAPI/ros2_ws/src/interfaces/build/interfaces -- -j32 -l32
[1.065s] [35m[1mScanning dependencies of target interfaces__cpp[0m
[1.065s] [  2%] [34m[1mGenerating C code for ROS interfaces[0m
[1.077s] [  5%] [34m[1mGenerating C++ code for ROS interfaces[0m
[1.272s] [  5%] Built target interfaces__cpp
[1.280s] [  7%] [34m[1mGenerating C++ type support dispatch for ROS interfaces[0m
[1.280s] [35m[1mScanning dependencies of target interfaces__rosidl_generator_c[0m
[1.280s] [ 10%] [34m[1mGenerating C++ introspection for ROS interfaces[0m
[1.280s] [ 12%] [34m[1mGenerating C++ type support for eProsima Fast-RTPS[0m
[1.292s] [ 17%] [32mBuilding C object CMakeFiles/interfaces__rosidl_generator_c.dir/rosidl_generator_c/interfaces/srv/detail/mission_message__functions.c.o[0m
[1.292s] [ 17%] [32mBuilding C object CMakeFiles/interfaces__rosidl_generator_c.dir/rosidl_generator_c/interfaces/msg/detail/mission_message__functions.c.o[0m
[1.338s] [ 20%] [32m[1mLinking C shared library libinterfaces__rosidl_generator_c.so[0m
[1.379s] [ 20%] Built target interfaces__rosidl_generator_c
[1.393s] [ 23%] [34m[1mGenerating C type support dispatch for ROS interfaces[0m
[1.393s] [ 25%] [34m[1mGenerating C introspection for ROS interfaces[0m
[1.463s] [35m[1mScanning dependencies of target interfaces__rosidl_typesupport_cpp[0m
[1.472s] [35m[1mScanning dependencies of target interfaces__rosidl_typesupport_introspection_cpp[0m
[1.474s] [ 28%] [32mBuilding CXX object CMakeFiles/interfaces__rosidl_typesupport_cpp.dir/rosidl_typesupport_cpp/interfaces/msg/mission_message__type_support.cpp.o[0m
[1.476s] [35m[1mScanning dependencies of target interfaces__rosidl_typesupport_fastrtps_cpp[0m
[1.477s] [ 30%] [32mBuilding CXX object CMakeFiles/interfaces__rosidl_typesupport_cpp.dir/rosidl_typesupport_cpp/interfaces/srv/mission_message__type_support.cpp.o[0m
[1.482s] [ 33%] [32mBuilding CXX object CMakeFiles/interfaces__rosidl_typesupport_introspection_cpp.dir/rosidl_typesupport_introspection_cpp/interfaces/msg/detail/mission_message__type_support.cpp.o[0m
[1.483s] [ 35%] [32mBuilding CXX object CMakeFiles/interfaces__rosidl_typesupport_introspection_cpp.dir/rosidl_typesupport_introspection_cpp/interfaces/srv/detail/mission_message__type_support.cpp.o[0m
[1.492s] [ 38%] [32mBuilding CXX object CMakeFiles/interfaces__rosidl_typesupport_fastrtps_cpp.dir/rosidl_typesupport_fastrtps_cpp/interfaces/msg/detail/dds_fastrtps/mission_message__type_support.cpp.o[0m
[1.492s] [ 41%] [32mBuilding CXX object CMakeFiles/interfaces__rosidl_typesupport_fastrtps_cpp.dir/rosidl_typesupport_fastrtps_cpp/interfaces/srv/detail/dds_fastrtps/mission_message__type_support.cpp.o[0m
[1.572s] [35m[1mScanning dependencies of target interfaces__rosidl_typesupport_c[0m
[1.581s] [ 46%] [32mBuilding CXX object CMakeFiles/interfaces__rosidl_typesupport_c.dir/rosidl_typesupport_c/interfaces/msg/mission_message__type_support.cpp.o[0m
[1.581s] [ 46%] [32mBuilding CXX object CMakeFiles/interfaces__rosidl_typesupport_c.dir/rosidl_typesupport_c/interfaces/srv/mission_message__type_support.cpp.o[0m
[1.583s] [35m[1mScanning dependencies of target interfaces__rosidl_typesupport_introspection_c[0m
[1.592s] [ 48%] [32mBuilding C object CMakeFiles/interfaces__rosidl_typesupport_introspection_c.dir/rosidl_typesupport_introspection_c/interfaces/msg/detail/mission_message__type_support.c.o[0m
[1.593s] [ 51%] [32mBuilding C object CMakeFiles/interfaces__rosidl_typesupport_introspection_c.dir/rosidl_typesupport_introspection_c/interfaces/srv/detail/mission_message__type_support.c.o[0m
[1.610s] [ 53%] [32m[1mLinking CXX shared library libinterfaces__rosidl_typesupport_c.so[0m
[1.615s] [ 56%] [32m[1mLinking C shared library libinterfaces__rosidl_typesupport_introspection_c.so[0m
[1.633s] [ 58%] [32m[1mLinking CXX shared library libinterfaces__rosidl_typesupport_cpp.so[0m
[1.635s] [ 58%] Built target interfaces__rosidl_typesupport_introspection_c
[1.642s] [ 58%] Built target interfaces__rosidl_typesupport_c
[1.645s] [ 61%] [32m[1mLinking CXX shared library libinterfaces__rosidl_typesupport_introspection_cpp.so[0m
[1.662s] [ 61%] Built target interfaces__rosidl_typesupport_cpp
[1.687s] [ 61%] Built target interfaces__rosidl_typesupport_introspection_cpp
[1.744s] [ 64%] [32m[1mLinking CXX shared library libinterfaces__rosidl_typesupport_fastrtps_cpp.so[0m
[1.810s] [ 64%] Built target interfaces__rosidl_typesupport_fastrtps_cpp
[1.824s] [ 66%] [34m[1mGenerating C type support for eProsima Fast-RTPS[0m
[2.026s] [35m[1mScanning dependencies of target interfaces__rosidl_typesupport_fastrtps_c[0m
[2.043s] [ 69%] [32mBuilding CXX object CMakeFiles/interfaces__rosidl_typesupport_fastrtps_c.dir/rosidl_typesupport_fastrtps_c/interfaces/srv/detail/mission_message__type_support_c.cpp.o[0m
[2.045s] [ 71%] [32mBuilding CXX object CMakeFiles/interfaces__rosidl_typesupport_fastrtps_c.dir/rosidl_typesupport_fastrtps_c/interfaces/msg/detail/mission_message__type_support_c.cpp.o[0m
[2.252s] [ 74%] [32m[1mLinking CXX shared library libinterfaces__rosidl_typesupport_fastrtps_c.so[0m
[2.314s] [ 74%] Built target interfaces__rosidl_typesupport_fastrtps_c
[2.320s] [35m[1mScanning dependencies of target interfaces[0m
[2.328s] [ 74%] Built target interfaces
[2.334s] [35m[1mScanning dependencies of target interfaces__py[0m
[2.347s] [ 76%] [34m[1mGenerating Python code for ROS interfaces[0m
[2.674s] [ 76%] Built target interfaces__py
[2.681s] [35m[1mScanning dependencies of target interfaces__python[0m
[2.705s] [ 79%] [32mBuilding C object CMakeFiles/interfaces__python.dir/rosidl_generator_py/interfaces/msg/_mission_message_s.c.o[0m
[2.709s] [ 82%] [32mBuilding C object CMakeFiles/interfaces__python.dir/rosidl_generator_py/interfaces/srv/_mission_message_s.c.o[0m
[2.776s] [ 84%] [32m[1mLinking C shared library rosidl_generator_py/interfaces/libinterfaces__python.so[0m
[2.824s] [ 84%] Built target interfaces__python
[2.836s] [35m[1mScanning dependencies of target interfaces__rosidl_typesupport_fastrtps_c__pyext[0m
[2.836s] [35m[1mScanning dependencies of target interfaces__rosidl_typesupport_c__pyext[0m
[2.838s] [35m[1mScanning dependencies of target interfaces__rosidl_typesupport_introspection_c__pyext[0m
[2.851s] [ 87%] [32mBuilding C object CMakeFiles/interfaces__rosidl_typesupport_c__pyext.dir/rosidl_generator_py/interfaces/_interfaces_s.ep.rosidl_typesupport_c.c.o[0m
[2.853s] [ 89%] [32mBuilding C object CMakeFiles/interfaces__rosidl_typesupport_fastrtps_c__pyext.dir/rosidl_generator_py/interfaces/_interfaces_s.ep.rosidl_typesupport_fastrtps_c.c.o[0m
[2.857s] [ 92%] [32mBuilding C object CMakeFiles/interfaces__rosidl_typesupport_introspection_c__pyext.dir/rosidl_generator_py/interfaces/_interfaces_s.ep.rosidl_typesupport_introspection_c.c.o[0m
[2.905s] [ 94%] [32m[1mLinking C shared library rosidl_generator_py/interfaces/interfaces_s__rosidl_typesupport_c.cpython-38-x86_64-linux-gnu.so[0m
[2.908s] [ 97%] [32m[1mLinking CXX shared library rosidl_generator_py/interfaces/interfaces_s__rosidl_typesupport_fastrtps_c.cpython-38-x86_64-linux-gnu.so[0m
[2.911s] [100%] [32m[1mLinking C shared library rosidl_generator_py/interfaces/interfaces_s__rosidl_typesupport_introspection_c.cpython-38-x86_64-linux-gnu.so[0m
[2.939s] [100%] Built target interfaces__rosidl_typesupport_c__pyext
[2.946s] [100%] Built target interfaces__rosidl_typesupport_introspection_c__pyext
[2.963s] [100%] Built target interfaces__rosidl_typesupport_fastrtps_c__pyext
[2.974s] Invoked command in '/home/aurora/MQTTAPI/ros2_ws/src/interfaces/build/interfaces' returned '0': CMAKE_PREFIX_PATH=/home/aurora/MQTTAPI/ros2_ws/install/rn2:/home/aurora/MQTTAPI/ros2_ws/install/rn1:/home/aurora/MQTTAPI/ros2_ws/install/mqtt_integration:/opt/ros/foxy CONDA_PROMPT_MODIFIER=(ros2) /usr/bin/cmake --build /home/aurora/MQTTAPI/ros2_ws/src/interfaces/build/interfaces -- -j32 -l32
[3.053s] Invoking command in '/home/aurora/MQTTAPI/ros2_ws/src/interfaces/build/interfaces': CMAKE_PREFIX_PATH=/home/aurora/MQTTAPI/ros2_ws/install/rn2:/home/aurora/MQTTAPI/ros2_ws/install/rn1:/home/aurora/MQTTAPI/ros2_ws/install/mqtt_integration:/opt/ros/foxy CONDA_PROMPT_MODIFIER=(ros2) /usr/bin/cmake --install /home/aurora/MQTTAPI/ros2_ws/src/interfaces/build/interfaces
[3.063s] -- Install configuration: ""
[3.063s] -- Installing: /home/aurora/MQTTAPI/ros2_ws/src/interfaces/install/interfaces/share/ament_index/resource_index/rosidl_interfaces/interfaces
[3.063s] -- Installing: /home/aurora/MQTTAPI/ros2_ws/src/interfaces/install/interfaces/include/interfaces
[3.063s] -- Installing: /home/aurora/MQTTAPI/ros2_ws/src/interfaces/install/interfaces/include/interfaces/srv
[3.063s] -- Installing: /home/aurora/MQTTAPI/ros2_ws/src/interfaces/install/interfaces/include/interfaces/srv/detail
[3.063s] -- Installing: /home/aurora/MQTTAPI/ros2_ws/src/interfaces/install/interfaces/include/interfaces/srv/detail/mission_message__functions.h
[3.063s] -- Installing: /home/aurora/MQTTAPI/ros2_ws/src/interfaces/install/interfaces/include/interfaces/srv/detail/mission_message__struct.h
[3.063s] -- Installing: /home/aurora/MQTTAPI/ros2_ws/src/interfaces/install/interfaces/include/interfaces/srv/detail/mission_message__type_support.h
[3.063s] -- Installing: /home/aurora/MQTTAPI/ros2_ws/src/interfaces/install/interfaces/include/interfaces/srv/detail/mission_message__functions.c
[3.063s] -- Installing: /home/aurora/MQTTAPI/ros2_ws/src/interfaces/install/interfaces/include/interfaces/srv/mission_message.h
[3.063s] -- Installing: /home/aurora/MQTTAPI/ros2_ws/src/interfaces/install/interfaces/include/interfaces/msg
[3.063s] -- Installing: /home/aurora/MQTTAPI/ros2_ws/src/interfaces/install/interfaces/include/interfaces/msg/detail
[3.063s] -- Installing: /home/aurora/MQTTAPI/ros2_ws/src/interfaces/install/interfaces/include/interfaces/msg/detail/mission_message__functions.h
[3.063s] -- Installing: /home/aurora/MQTTAPI/ros2_ws/src/interfaces/install/interfaces/include/interfaces/msg/detail/mission_message__struct.h
[3.064s] -- Installing: /home/aurora/MQTTAPI/ros2_ws/src/interfaces/install/interfaces/include/interfaces/msg/detail/mission_message__type_support.h
[3.064s] -- Installing: /home/aurora/MQTTAPI/ros2_ws/src/interfaces/install/interfaces/include/interfaces/msg/detail/mission_message__functions.c
[3.064s] -- Installing: /home/aurora/MQTTAPI/ros2_ws/src/interfaces/install/interfaces/include/interfaces/msg/rosidl_generator_c__visibility_control.h
[3.064s] -- Installing: /home/aurora/MQTTAPI/ros2_ws/src/interfaces/install/interfaces/include/interfaces/msg/mission_message.h
[3.064s] -- Installing: /home/aurora/MQTTAPI/ros2_ws/src/interfaces/install/interfaces/share/interfaces/environment/library_path.sh
[3.064s] -- Installing: /home/aurora/MQTTAPI/ros2_ws/src/interfaces/install/interfaces/share/interfaces/environment/library_path.dsv
[3.064s] -- Installing: /home/aurora/MQTTAPI/ros2_ws/src/interfaces/install/interfaces/lib/libinterfaces__rosidl_generator_c.so
[3.064s] -- Set runtime path of "/home/aurora/MQTTAPI/ros2_ws/src/interfaces/install/interfaces/lib/libinterfaces__rosidl_generator_c.so" to ""
[3.064s] -- Up-to-date: /home/aurora/MQTTAPI/ros2_ws/src/interfaces/install/interfaces/include/interfaces
[3.064s] -- Up-to-date: /home/aurora/MQTTAPI/ros2_ws/src/interfaces/install/interfaces/include/interfaces/srv
[3.065s] -- Up-to-date: /home/aurora/MQTTAPI/ros2_ws/src/interfaces/install/interfaces/include/interfaces/srv/detail
[3.065s] -- Installing: /home/aurora/MQTTAPI/ros2_ws/src/interfaces/install/interfaces/include/interfaces/srv/detail/mission_message__rosidl_typesupport_fastrtps_c.h
[3.065s] -- Up-to-date: /home/aurora/MQTTAPI/ros2_ws/src/interfaces/install/interfaces/include/interfaces/msg
[3.065s] -- Up-to-date: /home/aurora/MQTTAPI/ros2_ws/src/interfaces/install/interfaces/include/interfaces/msg/detail
[3.065s] -- Installing: /home/aurora/MQTTAPI/ros2_ws/src/interfaces/install/interfaces/include/interfaces/msg/detail/mission_message__rosidl_typesupport_fastrtps_c.h
[3.065s] -- Installing: /home/aurora/MQTTAPI/ros2_ws/src/interfaces/install/interfaces/include/interfaces/msg/rosidl_typesupport_fastrtps_c__visibility_control.h
[3.065s] -- Installing: /home/aurora/MQTTAPI/ros2_ws/src/interfaces/install/interfaces/lib/libinterfaces__rosidl_typesupport_fastrtps_c.so
[3.065s] -- Set runtime path of "/home/aurora/MQTTAPI/ros2_ws/src/interfaces/install/interfaces/lib/libinterfaces__rosidl_typesupport_fastrtps_c.so" to ""
[3.065s] -- Up-to-date: /home/aurora/MQTTAPI/ros2_ws/src/interfaces/install/interfaces/include/interfaces
[3.065s] -- Up-to-date: /home/aurora/MQTTAPI/ros2_ws/src/interfaces/install/interfaces/include/interfaces/srv
[3.065s] -- Up-to-date: /home/aurora/MQTTAPI/ros2_ws/src/interfaces/install/interfaces/include/interfaces/srv/detail
[3.065s] -- Installing: /home/aurora/MQTTAPI/ros2_ws/src/interfaces/install/interfaces/include/interfaces/srv/detail/mission_message__rosidl_typesupport_fastrtps_cpp.hpp
[3.065s] -- Installing: /home/aurora/MQTTAPI/ros2_ws/src/interfaces/install/interfaces/include/interfaces/srv/detail/dds_fastrtps
[3.065s] -- Up-to-date: /home/aurora/MQTTAPI/ros2_ws/src/interfaces/install/interfaces/include/interfaces/msg
[3.065s] -- Up-to-date: /home/aurora/MQTTAPI/ros2_ws/src/interfaces/install/interfaces/include/interfaces/msg/detail
[3.065s] -- Installing: /home/aurora/MQTTAPI/ros2_ws/src/interfaces/install/interfaces/include/interfaces/msg/detail/mission_message__rosidl_typesupport_fastrtps_cpp.hpp
[3.065s] -- Installing: /home/aurora/MQTTAPI/ros2_ws/src/interfaces/install/interfaces/include/interfaces/msg/detail/dds_fastrtps
[3.065s] -- Installing: /home/aurora/MQTTAPI/ros2_ws/src/interfaces/install/interfaces/include/interfaces/msg/rosidl_typesupport_fastrtps_cpp__visibility_control.h
[3.065s] -- Installing: /home/aurora/MQTTAPI/ros2_ws/src/interfaces/install/interfaces/lib/libinterfaces__rosidl_typesupport_fastrtps_cpp.so
[3.066s] -- Set runtime path of "/home/aurora/MQTTAPI/ros2_ws/src/interfaces/install/interfaces/lib/libinterfaces__rosidl_typesupport_fastrtps_cpp.so" to ""
[3.066s] -- Up-to-date: /home/aurora/MQTTAPI/ros2_ws/src/interfaces/install/interfaces/include/interfaces
[3.066s] -- Up-to-date: /home/aurora/MQTTAPI/ros2_ws/src/interfaces/install/interfaces/include/interfaces/srv
[3.066s] -- Up-to-date: /home/aurora/MQTTAPI/ros2_ws/src/interfaces/install/interfaces/include/interfaces/srv/detail
[3.066s] -- Installing: /home/aurora/MQTTAPI/ros2_ws/src/interfaces/install/interfaces/include/interfaces/srv/detail/mission_message__rosidl_typesupport_introspection_c.h
[3.066s] -- Installing: /home/aurora/MQTTAPI/ros2_ws/src/interfaces/install/interfaces/include/interfaces/srv/detail/mission_message__type_support.c
[3.066s] -- Up-to-date: /home/aurora/MQTTAPI/ros2_ws/src/interfaces/install/interfaces/include/interfaces/msg
[3.066s] -- Up-to-date: /home/aurora/MQTTAPI/ros2_ws/src/interfaces/install/interfaces/include/interfaces/msg/detail
[3.066s] -- Installing: /home/aurora/MQTTAPI/ros2_ws/src/interfaces/install/interfaces/include/interfaces/msg/detail/mission_message__rosidl_typesupport_introspection_c.h
[3.066s] -- Installing: /home/aurora/MQTTAPI/ros2_ws/src/interfaces/install/interfaces/include/interfaces/msg/detail/mission_message__type_support.c
[3.066s] -- Installing: /home/aurora/MQTTAPI/ros2_ws/src/interfaces/install/interfaces/include/interfaces/msg/rosidl_typesupport_introspection_c__visibility_control.h
[3.066s] -- Installing: /home/aurora/MQTTAPI/ros2_ws/src/interfaces/install/interfaces/lib/libinterfaces__rosidl_typesupport_introspection_c.so
[3.066s] -- Set runtime path of "/home/aurora/MQTTAPI/ros2_ws/src/interfaces/install/interfaces/lib/libinterfaces__rosidl_typesupport_introspection_c.so" to ""
[3.067s] -- Installing: /home/aurora/MQTTAPI/ros2_ws/src/interfaces/install/interfaces/lib/libinterfaces__rosidl_typesupport_c.so
[3.067s] -- Set runtime path of "/home/aurora/MQTTAPI/ros2_ws/src/interfaces/install/interfaces/lib/libinterfaces__rosidl_typesupport_c.so" to ""
[3.067s] -- Up-to-date: /home/aurora/MQTTAPI/ros2_ws/src/interfaces/install/interfaces/include/interfaces
[3.067s] -- Up-to-date: /home/aurora/MQTTAPI/ros2_ws/src/interfaces/install/interfaces/include/interfaces/srv
[3.067s] -- Up-to-date: /home/aurora/MQTTAPI/ros2_ws/src/interfaces/install/interfaces/include/interfaces/srv/detail
[3.067s] -- Installing: /home/aurora/MQTTAPI/ros2_ws/src/interfaces/install/interfaces/include/interfaces/srv/detail/mission_message__type_support.hpp
[3.067s] -- Installing: /home/aurora/MQTTAPI/ros2_ws/src/interfaces/install/interfaces/include/interfaces/srv/detail/mission_message__traits.hpp
[3.067s] -- Installing: /home/aurora/MQTTAPI/ros2_ws/src/interfaces/install/interfaces/include/interfaces/srv/detail/mission_message__builder.hpp
[3.067s] -- Installing: /home/aurora/MQTTAPI/ros2_ws/src/interfaces/install/interfaces/include/interfaces/srv/detail/mission_message__struct.hpp
[3.067s] -- Installing: /home/aurora/MQTTAPI/ros2_ws/src/interfaces/install/interfaces/include/interfaces/srv/mission_message.hpp
[3.067s] -- Up-to-date: /home/aurora/MQTTAPI/ros2_ws/src/interfaces/install/interfaces/include/interfaces/msg
[3.067s] -- Up-to-date: /home/aurora/MQTTAPI/ros2_ws/src/interfaces/install/interfaces/include/interfaces/msg/detail
[3.067s] -- Installing: /home/aurora/MQTTAPI/ros2_ws/src/interfaces/install/interfaces/include/interfaces/msg/detail/mission_message__type_support.hpp
[3.067s] -- Installing: /home/aurora/MQTTAPI/ros2_ws/src/interfaces/install/interfaces/include/interfaces/msg/detail/mission_message__traits.hpp
[3.067s] -- Installing: /home/aurora/MQTTAPI/ros2_ws/src/interfaces/install/interfaces/include/interfaces/msg/detail/mission_message__builder.hpp
[3.068s] -- Installing: /home/aurora/MQTTAPI/ros2_ws/src/interfaces/install/interfaces/include/interfaces/msg/detail/mission_message__struct.hpp
[3.068s] -- Installing: /home/aurora/MQTTAPI/ros2_ws/src/interfaces/install/interfaces/include/interfaces/msg/mission_message.hpp
[3.068s] -- Installing: /home/aurora/MQTTAPI/ros2_ws/src/interfaces/install/interfaces/include/interfaces/msg/rosidl_generator_cpp__visibility_control.hpp
[3.068s] -- Up-to-date: /home/aurora/MQTTAPI/ros2_ws/src/interfaces/install/interfaces/include/interfaces
[3.068s] -- Up-to-date: /home/aurora/MQTTAPI/ros2_ws/src/interfaces/install/interfaces/include/interfaces/srv
[3.068s] -- Up-to-date: /home/aurora/MQTTAPI/ros2_ws/src/interfaces/install/interfaces/include/interfaces/srv/detail
[3.068s] -- Installing: /home/aurora/MQTTAPI/ros2_ws/src/interfaces/install/interfaces/include/interfaces/srv/detail/mission_message__rosidl_typesupport_introspection_cpp.hpp
[3.068s] -- Installing: /home/aurora/MQTTAPI/ros2_ws/src/interfaces/install/interfaces/include/interfaces/srv/detail/mission_message__type_support.cpp
[3.068s] -- Up-to-date: /home/aurora/MQTTAPI/ros2_ws/src/interfaces/install/interfaces/include/interfaces/msg
[3.068s] -- Up-to-date: /home/aurora/MQTTAPI/ros2_ws/src/interfaces/install/interfaces/include/interfaces/msg/detail
[3.068s] -- Installing: /home/aurora/MQTTAPI/ros2_ws/src/interfaces/install/interfaces/include/interfaces/msg/detail/mission_message__rosidl_typesupport_introspection_cpp.hpp
[3.068s] -- Installing: /home/aurora/MQTTAPI/ros2_ws/src/interfaces/install/interfaces/include/interfaces/msg/detail/mission_message__type_support.cpp
[3.068s] -- Installing: /home/aurora/MQTTAPI/ros2_ws/src/interfaces/install/interfaces/lib/libinterfaces__rosidl_typesupport_introspection_cpp.so
[3.068s] -- Set runtime path of "/home/aurora/MQTTAPI/ros2_ws/src/interfaces/install/interfaces/lib/libinterfaces__rosidl_typesupport_introspection_cpp.so" to ""
[3.068s] -- Installing: /home/aurora/MQTTAPI/ros2_ws/src/interfaces/install/interfaces/lib/libinterfaces__rosidl_typesupport_cpp.so
[3.069s] -- Set runtime path of "/home/aurora/MQTTAPI/ros2_ws/src/interfaces/install/interfaces/lib/libinterfaces__rosidl_typesupport_cpp.so" to ""
[3.069s] -- Installing: /home/aurora/MQTTAPI/ros2_ws/src/interfaces/install/interfaces/share/interfaces/environment/pythonpath.sh
[3.069s] -- Installing: /home/aurora/MQTTAPI/ros2_ws/src/interfaces/install/interfaces/share/interfaces/environment/pythonpath.dsv
[3.069s] -- Installing: /home/aurora/MQTTAPI/ros2_ws/src/interfaces/install/interfaces/lib/python3.8/site-packages/interfaces/__init__.py
[3.098s] Compiling '/home/aurora/MQTTAPI/ros2_ws/src/interfaces/install/interfaces/lib/python3.8/site-packages/interfaces/__init__.py'...
[3.100s] -- Installing: /home/aurora/MQTTAPI/ros2_ws/src/interfaces/install/interfaces/lib/python3.8/site-packages/interfaces/msg
[3.101s] -- Installing: /home/aurora/MQTTAPI/ros2_ws/src/interfaces/install/interfaces/lib/python3.8/site-packages/interfaces/msg/_mission_message_s.c
[3.101s] -- Installing: /home/aurora/MQTTAPI/ros2_ws/src/interfaces/install/interfaces/lib/python3.8/site-packages/interfaces/msg/_mission_message.py
[3.101s] -- Installing: /home/aurora/MQTTAPI/ros2_ws/src/interfaces/install/interfaces/lib/python3.8/site-packages/interfaces/msg/__init__.py
[3.101s] -- Installing: /home/aurora/MQTTAPI/ros2_ws/src/interfaces/install/interfaces/lib/python3.8/site-packages/interfaces/srv
[3.101s] -- Installing: /home/aurora/MQTTAPI/ros2_ws/src/interfaces/install/interfaces/lib/python3.8/site-packages/interfaces/srv/_mission_message_s.c
[3.102s] -- Installing: /home/aurora/MQTTAPI/ros2_ws/src/interfaces/install/interfaces/lib/python3.8/site-packages/interfaces/srv/_mission_message.py
[3.102s] -- Installing: /home/aurora/MQTTAPI/ros2_ws/src/interfaces/install/interfaces/lib/python3.8/site-packages/interfaces/srv/__init__.py
[3.102s] -- Installing: /home/aurora/MQTTAPI/ros2_ws/src/interfaces/install/interfaces/lib/python3.8/site-packages/interfaces/interfaces_s__rosidl_typesupport_fastrtps_c.cpython-38-x86_64-linux-gnu.so
[3.104s] -- Set runtime path of "/home/aurora/MQTTAPI/ros2_ws/src/interfaces/install/interfaces/lib/python3.8/site-packages/interfaces/interfaces_s__rosidl_typesupport_fastrtps_c.cpython-38-x86_64-linux-gnu.so" to ""
[3.104s] -- Installing: /home/aurora/MQTTAPI/ros2_ws/src/interfaces/install/interfaces/lib/python3.8/site-packages/interfaces/interfaces_s__rosidl_typesupport_introspection_c.cpython-38-x86_64-linux-gnu.so
[3.104s] -- Set runtime path of "/home/aurora/MQTTAPI/ros2_ws/src/interfaces/install/interfaces/lib/python3.8/site-packages/interfaces/interfaces_s__rosidl_typesupport_introspection_c.cpython-38-x86_64-linux-gnu.so" to ""
[3.105s] -- Installing: /home/aurora/MQTTAPI/ros2_ws/src/interfaces/install/interfaces/lib/python3.8/site-packages/interfaces/interfaces_s__rosidl_typesupport_c.cpython-38-x86_64-linux-gnu.so
[3.105s] -- Set runtime path of "/home/aurora/MQTTAPI/ros2_ws/src/interfaces/install/interfaces/lib/python3.8/site-packages/interfaces/interfaces_s__rosidl_typesupport_c.cpython-38-x86_64-linux-gnu.so" to ""
[3.105s] -- Installing: /home/aurora/MQTTAPI/ros2_ws/src/interfaces/install/interfaces/lib/libinterfaces__python.so
[3.105s] -- Set runtime path of "/home/aurora/MQTTAPI/ros2_ws/src/interfaces/install/interfaces/lib/libinterfaces__python.so" to ""
[3.105s] -- Installing: /home/aurora/MQTTAPI/ros2_ws/src/interfaces/install/interfaces/share/interfaces/msg/MissionMessage.idl
[3.105s] -- Installing: /home/aurora/MQTTAPI/ros2_ws/src/interfaces/install/interfaces/share/interfaces/srv/MissionMessage.idl
[3.105s] -- Installing: /home/aurora/MQTTAPI/ros2_ws/src/interfaces/install/interfaces/share/interfaces/msg/MissionMessage.msg
[3.106s] -- Installing: /home/aurora/MQTTAPI/ros2_ws/src/interfaces/install/interfaces/share/interfaces/srv/MissionMessage.srv
[3.106s] -- Installing: /home/aurora/MQTTAPI/ros2_ws/src/interfaces/install/interfaces/share/interfaces/srv/MissionMessage_Request.msg
[3.106s] -- Installing: /home/aurora/MQTTAPI/ros2_ws/src/interfaces/install/interfaces/share/interfaces/srv/MissionMessage_Response.msg
[3.106s] -- Installing: /home/aurora/MQTTAPI/ros2_ws/src/interfaces/install/interfaces/share/ament_index/resource_index/package_run_dependencies/interfaces
[3.106s] -- Installing: /home/aurora/MQTTAPI/ros2_ws/src/interfaces/install/interfaces/share/ament_index/resource_index/parent_prefix_path/interfaces
[3.106s] -- Installing: /home/aurora/MQTTAPI/ros2_ws/src/interfaces/install/interfaces/share/interfaces/environment/ament_prefix_path.sh
[3.106s] -- Installing: /home/aurora/MQTTAPI/ros2_ws/src/interfaces/install/interfaces/share/interfaces/environment/ament_prefix_path.dsv
[3.106s] -- Installing: /home/aurora/MQTTAPI/ros2_ws/src/interfaces/install/interfaces/share/interfaces/environment/path.sh
[3.106s] -- Installing: /home/aurora/MQTTAPI/ros2_ws/src/interfaces/install/interfaces/share/interfaces/environment/path.dsv
[3.106s] -- Installing: /home/aurora/MQTTAPI/ros2_ws/src/interfaces/install/interfaces/share/interfaces/local_setup.bash
[3.106s] -- Installing: /home/aurora/MQTTAPI/ros2_ws/src/interfaces/install/interfaces/share/interfaces/local_setup.sh
[3.107s] -- Installing: /home/aurora/MQTTAPI/ros2_ws/src/interfaces/install/interfaces/share/interfaces/local_setup.zsh
[3.107s] -- Installing: /home/aurora/MQTTAPI/ros2_ws/src/interfaces/install/interfaces/share/interfaces/local_setup.dsv
[3.107s] -- Installing: /home/aurora/MQTTAPI/ros2_ws/src/interfaces/install/interfaces/share/interfaces/package.dsv
[3.107s] -- Installing: /home/aurora/MQTTAPI/ros2_ws/src/interfaces/install/interfaces/share/ament_index/resource_index/packages/interfaces
[3.107s] -- Installing: /home/aurora/MQTTAPI/ros2_ws/src/interfaces/install/interfaces/share/interfaces/cmake/interfaces__rosidl_generator_cExport.cmake
[3.107s] -- Installing: /home/aurora/MQTTAPI/ros2_ws/src/interfaces/install/interfaces/share/interfaces/cmake/interfaces__rosidl_generator_cExport-noconfig.cmake
[3.107s] -- Installing: /home/aurora/MQTTAPI/ros2_ws/src/interfaces/install/interfaces/share/interfaces/cmake/interfaces__rosidl_typesupport_introspection_cExport.cmake
[3.107s] -- Installing: /home/aurora/MQTTAPI/ros2_ws/src/interfaces/install/interfaces/share/interfaces/cmake/interfaces__rosidl_typesupport_introspection_cExport-noconfig.cmake
[3.107s] -- Installing: /home/aurora/MQTTAPI/ros2_ws/src/interfaces/install/interfaces/share/interfaces/cmake/interfaces__rosidl_typesupport_cExport.cmake
[3.107s] -- Installing: /home/aurora/MQTTAPI/ros2_ws/src/interfaces/install/interfaces/share/interfaces/cmake/interfaces__rosidl_typesupport_cExport-noconfig.cmake
[3.108s] -- Installing: /home/aurora/MQTTAPI/ros2_ws/src/interfaces/install/interfaces/share/interfaces/cmake/interfaces__rosidl_generator_cppExport.cmake
[3.108s] -- Installing: /home/aurora/MQTTAPI/ros2_ws/src/interfaces/install/interfaces/share/interfaces/cmake/interfaces__rosidl_typesupport_introspection_cppExport.cmake
[3.108s] -- Installing: /home/aurora/MQTTAPI/ros2_ws/src/interfaces/install/interfaces/share/interfaces/cmake/interfaces__rosidl_typesupport_introspection_cppExport-noconfig.cmake
[3.108s] -- Installing: /home/aurora/MQTTAPI/ros2_ws/src/interfaces/install/interfaces/share/interfaces/cmake/interfaces__rosidl_typesupport_cppExport.cmake
[3.108s] -- Installing: /home/aurora/MQTTAPI/ros2_ws/src/interfaces/install/interfaces/share/interfaces/cmake/interfaces__rosidl_typesupport_cppExport-noconfig.cmake
[3.108s] -- Installing: /home/aurora/MQTTAPI/ros2_ws/src/interfaces/install/interfaces/share/interfaces/cmake/rosidl_cmake-extras.cmake
[3.108s] -- Installing: /home/aurora/MQTTAPI/ros2_ws/src/interfaces/install/interfaces/share/interfaces/cmake/ament_cmake_export_dependencies-extras.cmake
[3.108s] -- Installing: /home/aurora/MQTTAPI/ros2_ws/src/interfaces/install/interfaces/share/interfaces/cmake/ament_cmake_export_libraries-extras.cmake
[3.108s] -- Installing: /home/aurora/MQTTAPI/ros2_ws/src/interfaces/install/interfaces/share/interfaces/cmake/ament_cmake_export_targets-extras.cmake
[3.109s] -- Installing: /home/aurora/MQTTAPI/ros2_ws/src/interfaces/install/interfaces/share/interfaces/cmake/ament_cmake_export_include_directories-extras.cmake
[3.109s] -- Installing: /home/aurora/MQTTAPI/ros2_ws/src/interfaces/install/interfaces/share/interfaces/cmake/rosidl_cmake_export_typesupport_libraries-extras.cmake
[3.109s] -- Installing: /home/aurora/MQTTAPI/ros2_ws/src/interfaces/install/interfaces/share/interfaces/cmake/rosidl_cmake_export_typesupport_targets-extras.cmake
[3.109s] -- Installing: /home/aurora/MQTTAPI/ros2_ws/src/interfaces/install/interfaces/share/interfaces/cmake/interfacesConfig.cmake
[3.109s] -- Installing: /home/aurora/MQTTAPI/ros2_ws/src/interfaces/install/interfaces/share/interfaces/cmake/interfacesConfig-version.cmake
[3.109s] -- Installing: /home/aurora/MQTTAPI/ros2_ws/src/interfaces/install/interfaces/share/interfaces/package.xml
[3.111s] Invoked command in '/home/aurora/MQTTAPI/ros2_ws/src/interfaces/build/interfaces' returned '0': CMAKE_PREFIX_PATH=/home/aurora/MQTTAPI/ros2_ws/install/rn2:/home/aurora/MQTTAPI/ros2_ws/install/rn1:/home/aurora/MQTTAPI/ros2_ws/install/mqtt_integration:/opt/ros/foxy CONDA_PROMPT_MODIFIER=(ros2) /usr/bin/cmake --install /home/aurora/MQTTAPI/ros2_ws/src/interfaces/build/interfaces
