running egg_info
writing ../../build/mqtt_integration/mqtt_integration.egg-info/PKG-INFO
writing dependency_links to ../../build/mqtt_integration/mqtt_integration.egg-info/dependency_links.txt
writing entry points to ../../build/mqtt_integration/mqtt_integration.egg-info/entry_points.txt
writing requirements to ../../build/mqtt_integration/mqtt_integration.egg-info/requires.txt
writing top-level names to ../../build/mqtt_integration/mqtt_integration.egg-info/top_level.txt
reading manifest file '../../build/mqtt_integration/mqtt_integration.egg-info/SOURCES.txt'
writing manifest file '../../build/mqtt_integration/mqtt_integration.egg-info/SOURCES.txt'
running build
running build_py
copying mqtt_integration/rn2_node.py -> /home/aurora/MQTTAPI/ros2_ws/build/mqtt_integration/build/lib/mqtt_integration
copying mqtt_integration/rn1_node.py -> /home/aurora/MQTTAPI/ros2_ws/build/mqtt_integration/build/lib/mqtt_integration
running install
running install_lib
copying /home/aurora/MQTTAPI/ros2_ws/build/mqtt_integration/build/lib/mqtt_integration/rn2_node.py -> /home/aurora/MQTTAPI/ros2_ws/install/mqtt_integration/lib/python3.8/site-packages/mqtt_integration
copying /home/aurora/MQTTAPI/ros2_ws/build/mqtt_integration/build/lib/mqtt_integration/rn1_node.py -> /home/aurora/MQTTAPI/ros2_ws/install/mqtt_integration/lib/python3.8/site-packages/mqtt_integration
byte-compiling /home/aurora/MQTTAPI/ros2_ws/install/mqtt_integration/lib/python3.8/site-packages/mqtt_integration/rn2_node.py to rn2_node.cpython-38.pyc
byte-compiling /home/aurora/MQTTAPI/ros2_ws/install/mqtt_integration/lib/python3.8/site-packages/mqtt_integration/rn1_node.py to rn1_node.cpython-38.pyc
running install_data
running install_egg_info
removing '/home/aurora/MQTTAPI/ros2_ws/install/mqtt_integration/lib/python3.8/site-packages/mqtt_integration-0.0.0-py3.8.egg-info' (and everything under it)
Copying ../../build/mqtt_integration/mqtt_integration.egg-info to /home/aurora/MQTTAPI/ros2_ws/install/mqtt_integration/lib/python3.8/site-packages/mqtt_integration-0.0.0-py3.8.egg-info
running install_scripts
Installing rn1_node script to /home/aurora/MQTTAPI/ros2_ws/install/mqtt_integration/lib/mqtt_integration
Installing rn2_node script to /home/aurora/MQTTAPI/ros2_ws/install/mqtt_integration/lib/mqtt_integration
writing list of installed files to '/home/aurora/MQTTAPI/ros2_ws/build/mqtt_integration/install.log'
