[0.010s] Invoking command in '/home/aurora/MQTTAPI/ros2_ws/src/interfaces/build/interfaces': CMAKE_PREFIX_PATH=/home/aurora/MQTTAPI/ros2_ws/install/rn2:/home/aurora/MQTTAPI/ros2_ws/install/rn1:/home/aurora/MQTTAPI/ros2_ws/install/mqtt_integration:/opt/ros/foxy CONDA_PROMPT_MODIFIER=(ros2) /usr/bin/cmake /home/aurora/MQTTAPI/ros2_ws/src/interfaces -DCMAKE_INSTALL_PREFIX=/home/aurora/MQTTAPI/ros2_ws/src/interfaces/install/interfaces
[0.120s] -- The C compiler identification is GNU 9.4.0
[0.208s] -- The CXX compiler identification is GNU 9.4.0
[0.215s] -- Check for working C compiler: /usr/bin/cc
[0.299s] -- Check for working C compiler: /usr/bin/cc -- works
[0.300s] -- Detecting C compiler ABI info
[0.360s] -- Detecting C compiler ABI info - done
[0.368s] -- Detecting C compile features
[0.368s] -- Detecting C compile features - done
[0.370s] -- Check for working CXX compiler: /usr/bin/c++
[0.452s] -- Check for working CXX compiler: /usr/bin/c++ -- works
[0.454s] -- Detecting CXX compiler ABI info
[0.519s] -- Detecting CXX compiler ABI info - done
[0.524s] -- Detecting CXX compile features
[0.525s] -- Detecting CXX compile features - done
[0.527s] -- Found ament_cmake: 0.9.12 (/opt/ros/foxy/share/ament_cmake/cmake)
[0.557s] -- Found PythonInterp: /home/aurora/miniconda3/envs/ros2/bin/python3 (found suitable version "3.8", minimum required is "3") 
[0.557s] -- Using PYTHON_EXECUTABLE: /home/aurora/miniconda3/envs/ros2/bin/python3
[0.708s] -- Found ament_lint_auto: 0.9.8 (/opt/ros/foxy/share/ament_lint_auto/cmake)
[0.776s] -- Found geometry_msgs: 2.0.5 (/opt/ros/foxy/share/geometry_msgs/cmake)
[0.801s] -- Using all available rosidl_typesupport_c: rosidl_typesupport_fastrtps_c;rosidl_typesupport_introspection_c
[0.806s] -- Found rosidl_adapter: 1.3.1 (/opt/ros/foxy/share/rosidl_adapter/cmake)
[0.923s] -- Found OpenSSL: /usr/lib/x86_64-linux-gnu/libcrypto.so (found version "1.1.1f")  
[0.945s] -- Found FastRTPS: /opt/ros/foxy/include  
[1.016s] -- Using all available rosidl_typesupport_cpp: rosidl_typesupport_fastrtps_cpp;rosidl_typesupport_introspection_cpp
[1.066s] -- Found rosidl_default_generators: 1.0.1 (/opt/ros/foxy/share/rosidl_default_generators/cmake)
[1.089s] -- Found PythonInterp: /home/aurora/miniconda3/envs/ros2/bin/python3 (found version "3.8") 
[1.131s] CMake Error at /opt/ros/foxy/share/rosidl_adapter/cmake/rosidl_adapt_interfaces.cmake:60 (message):
[1.131s]   execute_process(/home/aurora/miniconda3/envs/ros2/bin/python3 -m
[1.131s]   rosidl_adapter --package-name interfaces --arguments-file
[1.131s]   /home/aurora/MQTTAPI/ros2_ws/src/interfaces/build/interfaces/rosidl_adapter__arguments__interfaces.json
[1.131s]   --output-dir
[1.131s]   /home/aurora/MQTTAPI/ros2_ws/src/interfaces/build/interfaces/rosidl_adapter/interfaces
[1.131s]   --output-file
[1.131s]   /home/aurora/MQTTAPI/ros2_ws/src/interfaces/build/interfaces/rosidl_adapter/interfaces.idls)
[1.131s]   returned error code 1:
[1.132s] 
[1.132s]   Traceback (most recent call last):
[1.132s] 
[1.132s]     File "/home/aurora/miniconda3/envs/ros2/lib/python3.8/runpy.py", line 192, in _run_module_as_main
[1.132s]       return _run_code(code, main_globals, None,
[1.132s]     File "/home/aurora/miniconda3/envs/ros2/lib/python3.8/runpy.py", line 85, in _run_code
[1.132s]       exec(code, run_globals)
[1.132s]     File "/opt/ros/foxy/lib/python3.8/site-packages/rosidl_adapter/__main__.py", line 19, in <module>
[1.132s]       sys.exit(main())
[1.132s]     File "/opt/ros/foxy/lib/python3.8/site-packages/rosidl_adapter/main.py", line 53, in main
[1.132s]       abs_idl_file = convert_to_idl(
[1.133s]     File "/opt/ros/foxy/lib/python3.8/site-packages/rosidl_adapter/__init__.py", line 24, in convert_to_idl
[1.133s]       return convert_srv_to_idl(
[1.133s]     File "/opt/ros/foxy/lib/python3.8/site-packages/rosidl_adapter/srv/__init__.py", line 28, in convert_srv_to_idl
[1.133s]       srv = parse_service_string(package_name, input_file.stem, content)
[1.133s]     File "/opt/ros/foxy/lib/python3.8/site-packages/rosidl_adapter/parser.py", line 843, in parse_service_string
[1.133s]       raise InvalidServiceSpecification(
[1.133s] 
[1.133s]   rosidl_adapter.parser.InvalidServiceSpecification: Could not find separator
[1.133s]   '---' between request and response
[1.133s] 
[1.134s] Call Stack (most recent call first):
[1.134s]   /opt/ros/foxy/share/rosidl_cmake/cmake/rosidl_generate_interfaces.cmake:130 (rosidl_adapt_interfaces)
[1.134s]   CMakeLists.txt:38 (rosidl_generate_interfaces)
[1.134s] 
[1.134s] 
[1.134s] -- Configuring incomplete, errors occurred!
[1.134s] See also "/home/aurora/MQTTAPI/ros2_ws/src/interfaces/build/interfaces/CMakeFiles/CMakeOutput.log".
[1.142s] Invoked command in '/home/aurora/MQTTAPI/ros2_ws/src/interfaces/build/interfaces' returned '1': CMAKE_PREFIX_PATH=/home/aurora/MQTTAPI/ros2_ws/install/rn2:/home/aurora/MQTTAPI/ros2_ws/install/rn1:/home/aurora/MQTTAPI/ros2_ws/install/mqtt_integration:/opt/ros/foxy CONDA_PROMPT_MODIFIER=(ros2) /usr/bin/cmake /home/aurora/MQTTAPI/ros2_ws/src/interfaces -DCMAKE_INSTALL_PREFIX=/home/aurora/MQTTAPI/ros2_ws/src/interfaces/install/interfaces
