-- Found ament_cmake: 0.9.12 (/opt/ros/foxy/share/ament_cmake/cmake)
-- Found PythonInterp: /home/aurora/miniconda3/envs/ros2/bin/python3 (found suitable version "3.8", minimum required is "3") 
-- Using PYTHON_EXECUTABLE: /home/aurora/miniconda3/envs/ros2/bin/python3
-- Found ament_lint_auto: 0.9.8 (/opt/ros/foxy/share/ament_lint_auto/cmake)
-- Found geometry_msgs: 2.0.5 (/opt/ros/foxy/share/geometry_msgs/cmake)
-- Using all available rosidl_typesupport_c: rosidl_typesupport_fastrtps_c;rosidl_typesupport_introspection_c
-- Found rosidl_adapter: 1.3.1 (/opt/ros/foxy/share/rosidl_adapter/cmake)
-- Using all available rosidl_typesupport_cpp: rosidl_typesupport_fastrtps_cpp;rosidl_typesupport_introspection_cpp
-- Found rosidl_default_generators: 1.0.1 (/opt/ros/foxy/share/rosidl_default_generators/cmake)
-- Found PythonInterp: /home/aurora/miniconda3/envs/ros2/bin/python3 (found version "3.8") 
-- Found ament_cmake_ros: 0.9.2 (/opt/ros/foxy/share/ament_cmake_ros/cmake)
-- Using all available rosidl_typesupport_c: rosidl_typesupport_fastrtps_c;rosidl_typesupport_introspection_c
-- Using all available rosidl_typesupport_cpp: rosidl_typesupport_fastrtps_cpp;rosidl_typesupport_introspection_cpp
-- Found PythonInterp: /home/aurora/miniconda3/envs/ros2/bin/python3 (found suitable version "3.8", minimum required is "3.5") 
-- Found python_cmake_module: 0.8.1 (/opt/ros/foxy/share/python_cmake_module/cmake)
-- Using PYTHON_EXECUTABLE: /home/aurora/miniconda3/envs/ros2/bin/python3
-- Using PYTHON_INCLUDE_DIRS: /home/aurora/miniconda3/envs/ros2/include/python3.8
-- Using PYTHON_LIBRARIES: /home/aurora/miniconda3/envs/ros2/lib/libpython3.8.so
-- Using numpy include directory: /home/aurora/.local/lib/python3.8/site-packages/numpy/core/include
-- Added test 'copyright' to check source files copyright and LICENSE
-- Added test 'cppcheck' to perform static code analysis on C / C++ code
-- Configured cppcheck include dirs: 
-- Configured cppcheck exclude dirs and/or files: 
-- Added test 'cpplint' to check C / C++ code against the Google style
-- Configured cpplint exclude dirs and/or files: 
-- Added test 'flake8' to check Python code syntax and style conventions
-- Added test 'lint_cmake' to check CMake code style
-- Added test 'pep257' to check Python code against some of the style conventions in PEP 257
-- Added test 'uncrustify' to check C / C++ code style
-- Configured uncrustify additional arguments: 
-- Added test 'xmllint' to check XML markup files
-- Configuring done
-- Generating done
-- Build files have been written to: /home/aurora/MQTTAPI/ros2_ws/build/interfaces
[  2%] [34m[1mGenerating C code for ROS interfaces[0m
[  5%] [34m[1mGenerating C++ code for ROS interfaces[0m
[35m[1mScanning dependencies of target interfaces__rosidl_generator_c[0m
[  5%] Built target interfaces__cpp
[ 10%] [32mBuilding C object CMakeFiles/interfaces__rosidl_generator_c.dir/rosidl_generator_c/interfaces/srv/detail/mission_message__functions.c.o[0m
[ 10%] [32mBuilding C object CMakeFiles/interfaces__rosidl_generator_c.dir/rosidl_generator_c/interfaces/msg/detail/mission_message__functions.c.o[0m
[ 12%] [34m[1mGenerating C++ introspection for ROS interfaces[0m
[ 15%] [34m[1mGenerating C++ type support for eProsima Fast-RTPS[0m
[ 17%] [34m[1mGenerating C++ type support dispatch for ROS interfaces[0m
[ 20%] [32m[1mLinking C shared library libinterfaces__rosidl_generator_c.so[0m
[ 20%] Built target interfaces__rosidl_generator_c
[ 23%] [34m[1mGenerating C type support dispatch for ROS interfaces[0m
[ 25%] [34m[1mGenerating C introspection for ROS interfaces[0m
[35m[1mScanning dependencies of target interfaces__rosidl_typesupport_cpp[0m
[35m[1mScanning dependencies of target interfaces__rosidl_typesupport_introspection_cpp[0m
[ 28%] [32mBuilding CXX object CMakeFiles/interfaces__rosidl_typesupport_cpp.dir/rosidl_typesupport_cpp/interfaces/msg/mission_message__type_support.cpp.o[0m
[ 30%] [32mBuilding CXX object CMakeFiles/interfaces__rosidl_typesupport_introspection_cpp.dir/rosidl_typesupport_introspection_cpp/interfaces/srv/detail/mission_message__type_support.cpp.o[0m
[ 33%] [32mBuilding CXX object CMakeFiles/interfaces__rosidl_typesupport_introspection_cpp.dir/rosidl_typesupport_introspection_cpp/interfaces/msg/detail/mission_message__type_support.cpp.o[0m
[35m[1mScanning dependencies of target interfaces__rosidl_typesupport_fastrtps_cpp[0m
[ 35%] [32mBuilding CXX object CMakeFiles/interfaces__rosidl_typesupport_cpp.dir/rosidl_typesupport_cpp/interfaces/srv/mission_message__type_support.cpp.o[0m
[ 38%] [32mBuilding CXX object CMakeFiles/interfaces__rosidl_typesupport_fastrtps_cpp.dir/rosidl_typesupport_fastrtps_cpp/interfaces/srv/detail/dds_fastrtps/mission_message__type_support.cpp.o[0m
[ 41%] [32mBuilding CXX object CMakeFiles/interfaces__rosidl_typesupport_fastrtps_cpp.dir/rosidl_typesupport_fastrtps_cpp/interfaces/msg/detail/dds_fastrtps/mission_message__type_support.cpp.o[0m
[35m[1mScanning dependencies of target interfaces__rosidl_typesupport_c[0m
[35m[1mScanning dependencies of target interfaces__rosidl_typesupport_introspection_c[0m
[ 43%] [32mBuilding CXX object CMakeFiles/interfaces__rosidl_typesupport_c.dir/rosidl_typesupport_c/interfaces/srv/mission_message__type_support.cpp.o[0m
[ 46%] [32mBuilding CXX object CMakeFiles/interfaces__rosidl_typesupport_c.dir/rosidl_typesupport_c/interfaces/msg/mission_message__type_support.cpp.o[0m
[ 48%] [32mBuilding C object CMakeFiles/interfaces__rosidl_typesupport_introspection_c.dir/rosidl_typesupport_introspection_c/interfaces/srv/detail/mission_message__type_support.c.o[0m
[ 51%] [32mBuilding C object CMakeFiles/interfaces__rosidl_typesupport_introspection_c.dir/rosidl_typesupport_introspection_c/interfaces/msg/detail/mission_message__type_support.c.o[0m
[ 53%] [32m[1mLinking CXX shared library libinterfaces__rosidl_typesupport_c.so[0m
[ 56%] [32m[1mLinking C shared library libinterfaces__rosidl_typesupport_introspection_c.so[0m
[ 56%] Built target interfaces__rosidl_typesupport_c
[ 58%] [32m[1mLinking CXX shared library libinterfaces__rosidl_typesupport_cpp.so[0m
[ 61%] [32m[1mLinking CXX shared library libinterfaces__rosidl_typesupport_introspection_cpp.so[0m
[ 61%] Built target interfaces__rosidl_typesupport_introspection_c
[ 61%] Built target interfaces__rosidl_typesupport_cpp
[ 61%] Built target interfaces__rosidl_typesupport_introspection_cpp
[ 64%] [32m[1mLinking CXX shared library libinterfaces__rosidl_typesupport_fastrtps_cpp.so[0m
[ 64%] Built target interfaces__rosidl_typesupport_fastrtps_cpp
[ 66%] [34m[1mGenerating C type support for eProsima Fast-RTPS[0m
[35m[1mScanning dependencies of target interfaces__rosidl_typesupport_fastrtps_c[0m
[ 69%] [32mBuilding CXX object CMakeFiles/interfaces__rosidl_typesupport_fastrtps_c.dir/rosidl_typesupport_fastrtps_c/interfaces/srv/detail/mission_message__type_support_c.cpp.o[0m
[ 71%] [32mBuilding CXX object CMakeFiles/interfaces__rosidl_typesupport_fastrtps_c.dir/rosidl_typesupport_fastrtps_c/interfaces/msg/detail/mission_message__type_support_c.cpp.o[0m
[ 74%] [32m[1mLinking CXX shared library libinterfaces__rosidl_typesupport_fastrtps_c.so[0m
[ 74%] Built target interfaces__rosidl_typesupport_fastrtps_c
[ 74%] Built target interfaces
[ 76%] [34m[1mGenerating Python code for ROS interfaces[0m
[ 76%] Built target interfaces__py
[35m[1mScanning dependencies of target interfaces__python[0m
[ 79%] [32mBuilding C object CMakeFiles/interfaces__python.dir/rosidl_generator_py/interfaces/msg/_mission_message_s.c.o[0m
[ 82%] [32mBuilding C object CMakeFiles/interfaces__python.dir/rosidl_generator_py/interfaces/srv/_mission_message_s.c.o[0m
[ 84%] [32m[1mLinking C shared library rosidl_generator_py/interfaces/libinterfaces__python.so[0m
[ 84%] Built target interfaces__python
[35m[1mScanning dependencies of target interfaces__rosidl_typesupport_fastrtps_c__pyext[0m
[35m[1mScanning dependencies of target interfaces__rosidl_typesupport_c__pyext[0m
[35m[1mScanning dependencies of target interfaces__rosidl_typesupport_introspection_c__pyext[0m
[ 87%] [32mBuilding C object CMakeFiles/interfaces__rosidl_typesupport_fastrtps_c__pyext.dir/rosidl_generator_py/interfaces/_interfaces_s.ep.rosidl_typesupport_fastrtps_c.c.o[0m
[ 89%] [32mBuilding C object CMakeFiles/interfaces__rosidl_typesupport_introspection_c__pyext.dir/rosidl_generator_py/interfaces/_interfaces_s.ep.rosidl_typesupport_introspection_c.c.o[0m
[ 92%] [32mBuilding C object CMakeFiles/interfaces__rosidl_typesupport_c__pyext.dir/rosidl_generator_py/interfaces/_interfaces_s.ep.rosidl_typesupport_c.c.o[0m
[ 94%] [32m[1mLinking CXX shared library rosidl_generator_py/interfaces/interfaces_s__rosidl_typesupport_fastrtps_c.cpython-38-x86_64-linux-gnu.so[0m
[ 97%] [32m[1mLinking C shared library rosidl_generator_py/interfaces/interfaces_s__rosidl_typesupport_introspection_c.cpython-38-x86_64-linux-gnu.so[0m
[100%] [32m[1mLinking C shared library rosidl_generator_py/interfaces/interfaces_s__rosidl_typesupport_c.cpython-38-x86_64-linux-gnu.so[0m
[100%] Built target interfaces__rosidl_typesupport_c__pyext
[100%] Built target interfaces__rosidl_typesupport_introspection_c__pyext
[100%] Built target interfaces__rosidl_typesupport_fastrtps_c__pyext
-- Install configuration: ""
-- Up-to-date: /home/aurora/MQTTAPI/ros2_ws/install/interfaces/share/ament_index/resource_index/rosidl_interfaces/interfaces
-- Up-to-date: /home/aurora/MQTTAPI/ros2_ws/install/interfaces/include/interfaces
-- Up-to-date: /home/aurora/MQTTAPI/ros2_ws/install/interfaces/include/interfaces/srv
-- Up-to-date: /home/aurora/MQTTAPI/ros2_ws/install/interfaces/include/interfaces/srv/detail
-- Installing: /home/aurora/MQTTAPI/ros2_ws/install/interfaces/include/interfaces/srv/detail/mission_message__functions.h
-- Installing: /home/aurora/MQTTAPI/ros2_ws/install/interfaces/include/interfaces/srv/detail/mission_message__struct.h
-- Installing: /home/aurora/MQTTAPI/ros2_ws/install/interfaces/include/interfaces/srv/detail/mission_message__type_support.h
-- Installing: /home/aurora/MQTTAPI/ros2_ws/install/interfaces/include/interfaces/srv/detail/mission_message__functions.c
-- Installing: /home/aurora/MQTTAPI/ros2_ws/install/interfaces/include/interfaces/srv/mission_message.h
-- Up-to-date: /home/aurora/MQTTAPI/ros2_ws/install/interfaces/include/interfaces/msg
-- Up-to-date: /home/aurora/MQTTAPI/ros2_ws/install/interfaces/include/interfaces/msg/detail
-- Installing: /home/aurora/MQTTAPI/ros2_ws/install/interfaces/include/interfaces/msg/detail/mission_message__functions.h
-- Installing: /home/aurora/MQTTAPI/ros2_ws/install/interfaces/include/interfaces/msg/detail/mission_message__struct.h
-- Installing: /home/aurora/MQTTAPI/ros2_ws/install/interfaces/include/interfaces/msg/detail/mission_message__type_support.h
-- Installing: /home/aurora/MQTTAPI/ros2_ws/install/interfaces/include/interfaces/msg/detail/mission_message__functions.c
-- Up-to-date: /home/aurora/MQTTAPI/ros2_ws/install/interfaces/include/interfaces/msg/rosidl_generator_c__visibility_control.h
-- Installing: /home/aurora/MQTTAPI/ros2_ws/install/interfaces/include/interfaces/msg/mission_message.h
-- Up-to-date: /home/aurora/MQTTAPI/ros2_ws/install/interfaces/share/interfaces/environment/library_path.sh
-- Installing: /home/aurora/MQTTAPI/ros2_ws/install/interfaces/share/interfaces/environment/library_path.dsv
-- Installing: /home/aurora/MQTTAPI/ros2_ws/install/interfaces/lib/libinterfaces__rosidl_generator_c.so
-- Set runtime path of "/home/aurora/MQTTAPI/ros2_ws/install/interfaces/lib/libinterfaces__rosidl_generator_c.so" to ""
-- Up-to-date: /home/aurora/MQTTAPI/ros2_ws/install/interfaces/include/interfaces
-- Up-to-date: /home/aurora/MQTTAPI/ros2_ws/install/interfaces/include/interfaces/srv
-- Up-to-date: /home/aurora/MQTTAPI/ros2_ws/install/interfaces/include/interfaces/srv/detail
-- Installing: /home/aurora/MQTTAPI/ros2_ws/install/interfaces/include/interfaces/srv/detail/mission_message__rosidl_typesupport_fastrtps_c.h
-- Up-to-date: /home/aurora/MQTTAPI/ros2_ws/install/interfaces/include/interfaces/msg
-- Up-to-date: /home/aurora/MQTTAPI/ros2_ws/install/interfaces/include/interfaces/msg/detail
-- Installing: /home/aurora/MQTTAPI/ros2_ws/install/interfaces/include/interfaces/msg/detail/mission_message__rosidl_typesupport_fastrtps_c.h
-- Up-to-date: /home/aurora/MQTTAPI/ros2_ws/install/interfaces/include/interfaces/msg/rosidl_typesupport_fastrtps_c__visibility_control.h
-- Installing: /home/aurora/MQTTAPI/ros2_ws/install/interfaces/lib/libinterfaces__rosidl_typesupport_fastrtps_c.so
-- Set runtime path of "/home/aurora/MQTTAPI/ros2_ws/install/interfaces/lib/libinterfaces__rosidl_typesupport_fastrtps_c.so" to ""
-- Up-to-date: /home/aurora/MQTTAPI/ros2_ws/install/interfaces/include/interfaces
-- Up-to-date: /home/aurora/MQTTAPI/ros2_ws/install/interfaces/include/interfaces/srv
-- Up-to-date: /home/aurora/MQTTAPI/ros2_ws/install/interfaces/include/interfaces/srv/detail
-- Installing: /home/aurora/MQTTAPI/ros2_ws/install/interfaces/include/interfaces/srv/detail/mission_message__rosidl_typesupport_fastrtps_cpp.hpp
-- Up-to-date: /home/aurora/MQTTAPI/ros2_ws/install/interfaces/include/interfaces/srv/detail/dds_fastrtps
-- Up-to-date: /home/aurora/MQTTAPI/ros2_ws/install/interfaces/include/interfaces/msg
-- Up-to-date: /home/aurora/MQTTAPI/ros2_ws/install/interfaces/include/interfaces/msg/detail
-- Installing: /home/aurora/MQTTAPI/ros2_ws/install/interfaces/include/interfaces/msg/detail/mission_message__rosidl_typesupport_fastrtps_cpp.hpp
-- Up-to-date: /home/aurora/MQTTAPI/ros2_ws/install/interfaces/include/interfaces/msg/detail/dds_fastrtps
-- Up-to-date: /home/aurora/MQTTAPI/ros2_ws/install/interfaces/include/interfaces/msg/rosidl_typesupport_fastrtps_cpp__visibility_control.h
-- Installing: /home/aurora/MQTTAPI/ros2_ws/install/interfaces/lib/libinterfaces__rosidl_typesupport_fastrtps_cpp.so
-- Set runtime path of "/home/aurora/MQTTAPI/ros2_ws/install/interfaces/lib/libinterfaces__rosidl_typesupport_fastrtps_cpp.so" to ""
-- Up-to-date: /home/aurora/MQTTAPI/ros2_ws/install/interfaces/include/interfaces
-- Up-to-date: /home/aurora/MQTTAPI/ros2_ws/install/interfaces/include/interfaces/srv
-- Up-to-date: /home/aurora/MQTTAPI/ros2_ws/install/interfaces/include/interfaces/srv/detail
-- Installing: /home/aurora/MQTTAPI/ros2_ws/install/interfaces/include/interfaces/srv/detail/mission_message__rosidl_typesupport_introspection_c.h
-- Installing: /home/aurora/MQTTAPI/ros2_ws/install/interfaces/include/interfaces/srv/detail/mission_message__type_support.c
-- Up-to-date: /home/aurora/MQTTAPI/ros2_ws/install/interfaces/include/interfaces/msg
-- Up-to-date: /home/aurora/MQTTAPI/ros2_ws/install/interfaces/include/interfaces/msg/detail
-- Installing: /home/aurora/MQTTAPI/ros2_ws/install/interfaces/include/interfaces/msg/detail/mission_message__rosidl_typesupport_introspection_c.h
-- Installing: /home/aurora/MQTTAPI/ros2_ws/install/interfaces/include/interfaces/msg/detail/mission_message__type_support.c
-- Up-to-date: /home/aurora/MQTTAPI/ros2_ws/install/interfaces/include/interfaces/msg/rosidl_typesupport_introspection_c__visibility_control.h
-- Installing: /home/aurora/MQTTAPI/ros2_ws/install/interfaces/lib/libinterfaces__rosidl_typesupport_introspection_c.so
-- Set runtime path of "/home/aurora/MQTTAPI/ros2_ws/install/interfaces/lib/libinterfaces__rosidl_typesupport_introspection_c.so" to ""
-- Installing: /home/aurora/MQTTAPI/ros2_ws/install/interfaces/lib/libinterfaces__rosidl_typesupport_c.so
-- Set runtime path of "/home/aurora/MQTTAPI/ros2_ws/install/interfaces/lib/libinterfaces__rosidl_typesupport_c.so" to ""
-- Up-to-date: /home/aurora/MQTTAPI/ros2_ws/install/interfaces/include/interfaces
-- Up-to-date: /home/aurora/MQTTAPI/ros2_ws/install/interfaces/include/interfaces/srv
-- Up-to-date: /home/aurora/MQTTAPI/ros2_ws/install/interfaces/include/interfaces/srv/detail
-- Installing: /home/aurora/MQTTAPI/ros2_ws/install/interfaces/include/interfaces/srv/detail/mission_message__type_support.hpp
-- Installing: /home/aurora/MQTTAPI/ros2_ws/install/interfaces/include/interfaces/srv/detail/mission_message__traits.hpp
-- Installing: /home/aurora/MQTTAPI/ros2_ws/install/interfaces/include/interfaces/srv/detail/mission_message__builder.hpp
-- Installing: /home/aurora/MQTTAPI/ros2_ws/install/interfaces/include/interfaces/srv/detail/mission_message__struct.hpp
-- Installing: /home/aurora/MQTTAPI/ros2_ws/install/interfaces/include/interfaces/srv/mission_message.hpp
-- Up-to-date: /home/aurora/MQTTAPI/ros2_ws/install/interfaces/include/interfaces/msg
-- Up-to-date: /home/aurora/MQTTAPI/ros2_ws/install/interfaces/include/interfaces/msg/detail
-- Installing: /home/aurora/MQTTAPI/ros2_ws/install/interfaces/include/interfaces/msg/detail/mission_message__type_support.hpp
-- Installing: /home/aurora/MQTTAPI/ros2_ws/install/interfaces/include/interfaces/msg/detail/mission_message__traits.hpp
-- Installing: /home/aurora/MQTTAPI/ros2_ws/install/interfaces/include/interfaces/msg/detail/mission_message__builder.hpp
-- Installing: /home/aurora/MQTTAPI/ros2_ws/install/interfaces/include/interfaces/msg/detail/mission_message__struct.hpp
-- Installing: /home/aurora/MQTTAPI/ros2_ws/install/interfaces/include/interfaces/msg/mission_message.hpp
-- Up-to-date: /home/aurora/MQTTAPI/ros2_ws/install/interfaces/include/interfaces/msg/rosidl_generator_cpp__visibility_control.hpp
-- Up-to-date: /home/aurora/MQTTAPI/ros2_ws/install/interfaces/include/interfaces
-- Up-to-date: /home/aurora/MQTTAPI/ros2_ws/install/interfaces/include/interfaces/srv
-- Up-to-date: /home/aurora/MQTTAPI/ros2_ws/install/interfaces/include/interfaces/srv/detail
-- Installing: /home/aurora/MQTTAPI/ros2_ws/install/interfaces/include/interfaces/srv/detail/mission_message__rosidl_typesupport_introspection_cpp.hpp
-- Installing: /home/aurora/MQTTAPI/ros2_ws/install/interfaces/include/interfaces/srv/detail/mission_message__type_support.cpp
-- Up-to-date: /home/aurora/MQTTAPI/ros2_ws/install/interfaces/include/interfaces/msg
-- Up-to-date: /home/aurora/MQTTAPI/ros2_ws/install/interfaces/include/interfaces/msg/detail
-- Installing: /home/aurora/MQTTAPI/ros2_ws/install/interfaces/include/interfaces/msg/detail/mission_message__rosidl_typesupport_introspection_cpp.hpp
-- Installing: /home/aurora/MQTTAPI/ros2_ws/install/interfaces/include/interfaces/msg/detail/mission_message__type_support.cpp
-- Installing: /home/aurora/MQTTAPI/ros2_ws/install/interfaces/lib/libinterfaces__rosidl_typesupport_introspection_cpp.so
-- Set runtime path of "/home/aurora/MQTTAPI/ros2_ws/install/interfaces/lib/libinterfaces__rosidl_typesupport_introspection_cpp.so" to ""
-- Installing: /home/aurora/MQTTAPI/ros2_ws/install/interfaces/lib/libinterfaces__rosidl_typesupport_cpp.so
-- Set runtime path of "/home/aurora/MQTTAPI/ros2_ws/install/interfaces/lib/libinterfaces__rosidl_typesupport_cpp.so" to ""
-- Up-to-date: /home/aurora/MQTTAPI/ros2_ws/install/interfaces/share/interfaces/environment/pythonpath.sh
-- Installing: /home/aurora/MQTTAPI/ros2_ws/install/interfaces/share/interfaces/environment/pythonpath.dsv
-- Installing: /home/aurora/MQTTAPI/ros2_ws/install/interfaces/lib/python3.8/site-packages/interfaces/__init__.py
Compiling '/home/aurora/MQTTAPI/ros2_ws/install/interfaces/lib/python3.8/site-packages/interfaces/__init__.py'...
-- Up-to-date: /home/aurora/MQTTAPI/ros2_ws/install/interfaces/lib/python3.8/site-packages/interfaces/msg
-- Installing: /home/aurora/MQTTAPI/ros2_ws/install/interfaces/lib/python3.8/site-packages/interfaces/msg/_mission_message_s.c
-- Installing: /home/aurora/MQTTAPI/ros2_ws/install/interfaces/lib/python3.8/site-packages/interfaces/msg/_mission_message.py
-- Installing: /home/aurora/MQTTAPI/ros2_ws/install/interfaces/lib/python3.8/site-packages/interfaces/msg/__init__.py
-- Up-to-date: /home/aurora/MQTTAPI/ros2_ws/install/interfaces/lib/python3.8/site-packages/interfaces/srv
-- Installing: /home/aurora/MQTTAPI/ros2_ws/install/interfaces/lib/python3.8/site-packages/interfaces/srv/_mission_message_s.c
-- Installing: /home/aurora/MQTTAPI/ros2_ws/install/interfaces/lib/python3.8/site-packages/interfaces/srv/_mission_message.py
-- Installing: /home/aurora/MQTTAPI/ros2_ws/install/interfaces/lib/python3.8/site-packages/interfaces/srv/__init__.py
-- Installing: /home/aurora/MQTTAPI/ros2_ws/install/interfaces/lib/python3.8/site-packages/interfaces/interfaces_s__rosidl_typesupport_fastrtps_c.cpython-38-x86_64-linux-gnu.so
-- Set runtime path of "/home/aurora/MQTTAPI/ros2_ws/install/interfaces/lib/python3.8/site-packages/interfaces/interfaces_s__rosidl_typesupport_fastrtps_c.cpython-38-x86_64-linux-gnu.so" to ""
-- Installing: /home/aurora/MQTTAPI/ros2_ws/install/interfaces/lib/python3.8/site-packages/interfaces/interfaces_s__rosidl_typesupport_introspection_c.cpython-38-x86_64-linux-gnu.so
-- Set runtime path of "/home/aurora/MQTTAPI/ros2_ws/install/interfaces/lib/python3.8/site-packages/interfaces/interfaces_s__rosidl_typesupport_introspection_c.cpython-38-x86_64-linux-gnu.so" to ""
-- Installing: /home/aurora/MQTTAPI/ros2_ws/install/interfaces/lib/python3.8/site-packages/interfaces/interfaces_s__rosidl_typesupport_c.cpython-38-x86_64-linux-gnu.so
-- Set runtime path of "/home/aurora/MQTTAPI/ros2_ws/install/interfaces/lib/python3.8/site-packages/interfaces/interfaces_s__rosidl_typesupport_c.cpython-38-x86_64-linux-gnu.so" to ""
-- Installing: /home/aurora/MQTTAPI/ros2_ws/install/interfaces/lib/libinterfaces__python.so
-- Set runtime path of "/home/aurora/MQTTAPI/ros2_ws/install/interfaces/lib/libinterfaces__python.so" to ""
-- Installing: /home/aurora/MQTTAPI/ros2_ws/install/interfaces/share/interfaces/msg/MissionMessage.idl
-- Up-to-date: /home/aurora/MQTTAPI/ros2_ws/install/interfaces/share/interfaces/srv/MissionMessage.idl
-- Installing: /home/aurora/MQTTAPI/ros2_ws/install/interfaces/share/interfaces/msg/MissionMessage.msg
-- Up-to-date: /home/aurora/MQTTAPI/ros2_ws/install/interfaces/share/interfaces/srv/MissionMessage.srv
-- Up-to-date: /home/aurora/MQTTAPI/ros2_ws/install/interfaces/share/interfaces/srv/MissionMessage_Request.msg
-- Up-to-date: /home/aurora/MQTTAPI/ros2_ws/install/interfaces/share/interfaces/srv/MissionMessage_Response.msg
-- Up-to-date: /home/aurora/MQTTAPI/ros2_ws/install/interfaces/share/ament_index/resource_index/package_run_dependencies/interfaces
-- Installing: /home/aurora/MQTTAPI/ros2_ws/install/interfaces/share/ament_index/resource_index/parent_prefix_path/interfaces
-- Up-to-date: /home/aurora/MQTTAPI/ros2_ws/install/interfaces/share/interfaces/environment/ament_prefix_path.sh
-- Installing: /home/aurora/MQTTAPI/ros2_ws/install/interfaces/share/interfaces/environment/ament_prefix_path.dsv
-- Up-to-date: /home/aurora/MQTTAPI/ros2_ws/install/interfaces/share/interfaces/environment/path.sh
-- Installing: /home/aurora/MQTTAPI/ros2_ws/install/interfaces/share/interfaces/environment/path.dsv
-- Up-to-date: /home/aurora/MQTTAPI/ros2_ws/install/interfaces/share/interfaces/local_setup.bash
-- Up-to-date: /home/aurora/MQTTAPI/ros2_ws/install/interfaces/share/interfaces/local_setup.sh
-- Up-to-date: /home/aurora/MQTTAPI/ros2_ws/install/interfaces/share/interfaces/local_setup.zsh
-- Installing: /home/aurora/MQTTAPI/ros2_ws/install/interfaces/share/interfaces/local_setup.dsv
-- Installing: /home/aurora/MQTTAPI/ros2_ws/install/interfaces/share/interfaces/package.dsv
-- Up-to-date: /home/aurora/MQTTAPI/ros2_ws/install/interfaces/share/ament_index/resource_index/packages/interfaces
-- Up-to-date: /home/aurora/MQTTAPI/ros2_ws/install/interfaces/share/interfaces/cmake/interfaces__rosidl_generator_cExport.cmake
-- Installing: /home/aurora/MQTTAPI/ros2_ws/install/interfaces/share/interfaces/cmake/interfaces__rosidl_generator_cExport-noconfig.cmake
-- Up-to-date: /home/aurora/MQTTAPI/ros2_ws/install/interfaces/share/interfaces/cmake/interfaces__rosidl_typesupport_introspection_cExport.cmake
-- Installing: /home/aurora/MQTTAPI/ros2_ws/install/interfaces/share/interfaces/cmake/interfaces__rosidl_typesupport_introspection_cExport-noconfig.cmake
-- Up-to-date: /home/aurora/MQTTAPI/ros2_ws/install/interfaces/share/interfaces/cmake/interfaces__rosidl_typesupport_cExport.cmake
-- Installing: /home/aurora/MQTTAPI/ros2_ws/install/interfaces/share/interfaces/cmake/interfaces__rosidl_typesupport_cExport-noconfig.cmake
-- Up-to-date: /home/aurora/MQTTAPI/ros2_ws/install/interfaces/share/interfaces/cmake/interfaces__rosidl_generator_cppExport.cmake
-- Up-to-date: /home/aurora/MQTTAPI/ros2_ws/install/interfaces/share/interfaces/cmake/interfaces__rosidl_typesupport_introspection_cppExport.cmake
-- Installing: /home/aurora/MQTTAPI/ros2_ws/install/interfaces/share/interfaces/cmake/interfaces__rosidl_typesupport_introspection_cppExport-noconfig.cmake
-- Up-to-date: /home/aurora/MQTTAPI/ros2_ws/install/interfaces/share/interfaces/cmake/interfaces__rosidl_typesupport_cppExport.cmake
-- Installing: /home/aurora/MQTTAPI/ros2_ws/install/interfaces/share/interfaces/cmake/interfaces__rosidl_typesupport_cppExport-noconfig.cmake
-- Up-to-date: /home/aurora/MQTTAPI/ros2_ws/install/interfaces/share/interfaces/cmake/rosidl_cmake-extras.cmake
-- Up-to-date: /home/aurora/MQTTAPI/ros2_ws/install/interfaces/share/interfaces/cmake/ament_cmake_export_dependencies-extras.cmake
-- Up-to-date: /home/aurora/MQTTAPI/ros2_ws/install/interfaces/share/interfaces/cmake/ament_cmake_export_libraries-extras.cmake
-- Up-to-date: /home/aurora/MQTTAPI/ros2_ws/install/interfaces/share/interfaces/cmake/ament_cmake_export_targets-extras.cmake
-- Up-to-date: /home/aurora/MQTTAPI/ros2_ws/install/interfaces/share/interfaces/cmake/ament_cmake_export_include_directories-extras.cmake
-- Up-to-date: /home/aurora/MQTTAPI/ros2_ws/install/interfaces/share/interfaces/cmake/rosidl_cmake_export_typesupport_libraries-extras.cmake
-- Up-to-date: /home/aurora/MQTTAPI/ros2_ws/install/interfaces/share/interfaces/cmake/rosidl_cmake_export_typesupport_targets-extras.cmake
-- Up-to-date: /home/aurora/MQTTAPI/ros2_ws/install/interfaces/share/interfaces/cmake/interfacesConfig.cmake
-- Up-to-date: /home/aurora/MQTTAPI/ros2_ws/install/interfaces/share/interfaces/cmake/interfacesConfig-version.cmake
-- Up-to-date: /home/aurora/MQTTAPI/ros2_ws/install/interfaces/share/interfaces/package.xml
