[0.011s] Invoking command in '/home/aurora/MQTTAPI/ros2_ws/build/interfaces': CMAKE_PREFIX_PATH=${CMAKE_PREFIX_PATH}:/home/aurora/MQTTAPI/ros2_ws/install/rn2:/home/aurora/MQTTAPI/ros2_ws/install/rn1:/home/aurora/MQTTAPI/ros2_ws/install/mqtt_integration:/opt/ros/foxy CONDA_PROMPT_MODIFIER=(ros2) /usr/bin/cmake --build /home/aurora/MQTTAPI/ros2_ws/build/interfaces -- -j32 -l32
[0.034s] -- Found ament_cmake: 0.9.12 (/opt/ros/foxy/share/ament_cmake/cmake)
[0.059s] -- Found PythonInterp: /home/aurora/miniconda3/envs/ros2/bin/python3 (found suitable version "3.8", minimum required is "3") 
[0.059s] -- Using PYTHON_EXECUTABLE: /home/aurora/miniconda3/envs/ros2/bin/python3
[0.158s] -- Found ament_lint_auto: 0.9.8 (/opt/ros/foxy/share/ament_lint_auto/cmake)
[0.217s] -- Found geometry_msgs: 2.0.5 (/opt/ros/foxy/share/geometry_msgs/cmake)
[0.230s] -- Using all available rosidl_typesupport_c: rosidl_typesupport_fastrtps_c;rosidl_typesupport_introspection_c
[0.231s] -- Found rosidl_adapter: 1.3.1 (/opt/ros/foxy/share/rosidl_adapter/cmake)
[0.337s] -- Using all available rosidl_typesupport_cpp: rosidl_typesupport_fastrtps_cpp;rosidl_typesupport_introspection_cpp
[0.379s] -- Found rosidl_default_generators: 1.0.1 (/opt/ros/foxy/share/rosidl_default_generators/cmake)
[0.400s] -- Found PythonInterp: /home/aurora/miniconda3/envs/ros2/bin/python3 (found version "3.8") 
[0.467s] -- Found ament_cmake_ros: 0.9.2 (/opt/ros/foxy/share/ament_cmake_ros/cmake)
[0.623s] -- Using all available rosidl_typesupport_c: rosidl_typesupport_fastrtps_c;rosidl_typesupport_introspection_c
[0.675s] -- Using all available rosidl_typesupport_cpp: rosidl_typesupport_fastrtps_cpp;rosidl_typesupport_introspection_cpp
[0.696s] -- Found PythonInterp: /home/aurora/miniconda3/envs/ros2/bin/python3 (found suitable version "3.8", minimum required is "3.5") 
[0.697s] -- Found python_cmake_module: 0.8.1 (/opt/ros/foxy/share/python_cmake_module/cmake)
[0.722s] -- Using PYTHON_EXECUTABLE: /home/aurora/miniconda3/envs/ros2/bin/python3
[0.722s] -- Using PYTHON_INCLUDE_DIRS: /home/aurora/miniconda3/envs/ros2/include/python3.8
[0.722s] -- Using PYTHON_LIBRARIES: /home/aurora/miniconda3/envs/ros2/lib/libpython3.8.so
[0.814s] -- Using numpy include directory: /home/aurora/.local/lib/python3.8/site-packages/numpy/core/include
[0.830s] -- Added test 'copyright' to check source files copyright and LICENSE
[0.852s] -- Added test 'cppcheck' to perform static code analysis on C / C++ code
[0.853s] -- Configured cppcheck include dirs: 
[0.853s] -- Configured cppcheck exclude dirs and/or files: 
[0.875s] -- Added test 'cpplint' to check C / C++ code against the Google style
[0.875s] -- Configured cpplint exclude dirs and/or files: 
[0.878s] -- Added test 'flake8' to check Python code syntax and style conventions
[0.883s] -- Added test 'lint_cmake' to check CMake code style
[0.886s] -- Added test 'pep257' to check Python code against some of the style conventions in PEP 257
[0.908s] -- Added test 'uncrustify' to check C / C++ code style
[0.908s] -- Configured uncrustify additional arguments: 
[0.911s] -- Added test 'xmllint' to check XML markup files
[0.914s] -- Configuring done
[0.933s] CMake Warning at /opt/ros/foxy/share/rosidl_generator_py/cmake/rosidl_generator_py_generate_interfaces.cmake:235 (add_library):
[0.933s]   Cannot generate a safe runtime search path for target
[0.933s]   interfaces__rosidl_typesupport_fastrtps_c__pyext because files in some
[0.933s]   directories may conflict with libraries in implicit directories:
[0.933s] 
[0.933s]     runtime library [libssl.so.1.1] in /usr/lib/x86_64-linux-gnu may be hidden by files in:
[0.934s]       /home/aurora/miniconda3/envs/ros2/lib
[0.934s]     runtime library [libcrypto.so.1.1] in /usr/lib/x86_64-linux-gnu may be hidden by files in:
[0.934s]       /home/aurora/miniconda3/envs/ros2/lib
[0.934s] 
[0.934s]   Some of these libraries may not be found correctly.
[0.934s] Call Stack (most recent call first):
[0.934s]   /opt/ros/foxy/share/ament_cmake_core/cmake/core/ament_execute_extensions.cmake:48 (include)
[0.934s]   /opt/ros/foxy/share/rosidl_cmake/cmake/rosidl_generate_interfaces.cmake:286 (ament_execute_extensions)
[0.934s]   CMakeLists.txt:38 (rosidl_generate_interfaces)
[0.934s] 
[0.935s] 
[0.946s] -- Generating done
[0.948s] -- Build files have been written to: /home/aurora/MQTTAPI/ros2_ws/build/interfaces
[0.972s] [  2%] [34m[1mGenerating C code for ROS interfaces[0m
[0.988s] [  5%] [34m[1mGenerating C++ code for ROS interfaces[0m
[1.189s] [35m[1mScanning dependencies of target interfaces__rosidl_generator_c[0m
[1.196s] [  5%] Built target interfaces__cpp
[1.198s] [ 10%] [32mBuilding C object CMakeFiles/interfaces__rosidl_generator_c.dir/rosidl_generator_c/interfaces/srv/detail/mission_message__functions.c.o[0m
[1.198s] [ 10%] [32mBuilding C object CMakeFiles/interfaces__rosidl_generator_c.dir/rosidl_generator_c/interfaces/msg/detail/mission_message__functions.c.o[0m
[1.203s] [ 12%] [34m[1mGenerating C++ introspection for ROS interfaces[0m
[1.204s] [ 15%] [34m[1mGenerating C++ type support for eProsima Fast-RTPS[0m
[1.210s] [ 17%] [34m[1mGenerating C++ type support dispatch for ROS interfaces[0m
[1.236s] [ 20%] [32m[1mLinking C shared library libinterfaces__rosidl_generator_c.so[0m
[1.278s] [ 20%] Built target interfaces__rosidl_generator_c
[1.290s] [ 23%] [34m[1mGenerating C type support dispatch for ROS interfaces[0m
[1.291s] [ 25%] [34m[1mGenerating C introspection for ROS interfaces[0m
[1.387s] [35m[1mScanning dependencies of target interfaces__rosidl_typesupport_cpp[0m
[1.389s] [35m[1mScanning dependencies of target interfaces__rosidl_typesupport_introspection_cpp[0m
[1.398s] [ 28%] [32mBuilding CXX object CMakeFiles/interfaces__rosidl_typesupport_cpp.dir/rosidl_typesupport_cpp/interfaces/msg/mission_message__type_support.cpp.o[0m
[1.398s] [ 30%] [32mBuilding CXX object CMakeFiles/interfaces__rosidl_typesupport_introspection_cpp.dir/rosidl_typesupport_introspection_cpp/interfaces/srv/detail/mission_message__type_support.cpp.o[0m
[1.400s] [ 33%] [32mBuilding CXX object CMakeFiles/interfaces__rosidl_typesupport_introspection_cpp.dir/rosidl_typesupport_introspection_cpp/interfaces/msg/detail/mission_message__type_support.cpp.o[0m
[1.401s] [35m[1mScanning dependencies of target interfaces__rosidl_typesupport_fastrtps_cpp[0m
[1.404s] [ 35%] [32mBuilding CXX object CMakeFiles/interfaces__rosidl_typesupport_cpp.dir/rosidl_typesupport_cpp/interfaces/srv/mission_message__type_support.cpp.o[0m
[1.415s] [ 38%] [32mBuilding CXX object CMakeFiles/interfaces__rosidl_typesupport_fastrtps_cpp.dir/rosidl_typesupport_fastrtps_cpp/interfaces/srv/detail/dds_fastrtps/mission_message__type_support.cpp.o[0m
[1.418s] [ 41%] [32mBuilding CXX object CMakeFiles/interfaces__rosidl_typesupport_fastrtps_cpp.dir/rosidl_typesupport_fastrtps_cpp/interfaces/msg/detail/dds_fastrtps/mission_message__type_support.cpp.o[0m
[1.475s] [35m[1mScanning dependencies of target interfaces__rosidl_typesupport_c[0m
[1.483s] [35m[1mScanning dependencies of target interfaces__rosidl_typesupport_introspection_c[0m
[1.484s] [ 43%] [32mBuilding CXX object CMakeFiles/interfaces__rosidl_typesupport_c.dir/rosidl_typesupport_c/interfaces/srv/mission_message__type_support.cpp.o[0m
[1.487s] [ 46%] [32mBuilding CXX object CMakeFiles/interfaces__rosidl_typesupport_c.dir/rosidl_typesupport_c/interfaces/msg/mission_message__type_support.cpp.o[0m
[1.495s] [ 48%] [32mBuilding C object CMakeFiles/interfaces__rosidl_typesupport_introspection_c.dir/rosidl_typesupport_introspection_c/interfaces/srv/detail/mission_message__type_support.c.o[0m
[1.501s] [ 51%] [32mBuilding C object CMakeFiles/interfaces__rosidl_typesupport_introspection_c.dir/rosidl_typesupport_introspection_c/interfaces/msg/detail/mission_message__type_support.c.o[0m
[1.513s] [ 53%] [32m[1mLinking CXX shared library libinterfaces__rosidl_typesupport_c.so[0m
[1.527s] [ 56%] [32m[1mLinking C shared library libinterfaces__rosidl_typesupport_introspection_c.so[0m
[1.547s] [ 56%] Built target interfaces__rosidl_typesupport_c
[1.552s] [ 58%] [32m[1mLinking CXX shared library libinterfaces__rosidl_typesupport_cpp.so[0m
[1.553s] [ 61%] [32m[1mLinking CXX shared library libinterfaces__rosidl_typesupport_introspection_cpp.so[0m
[1.560s] [ 61%] Built target interfaces__rosidl_typesupport_introspection_c
[1.591s] [ 61%] Built target interfaces__rosidl_typesupport_cpp
[1.611s] [ 61%] Built target interfaces__rosidl_typesupport_introspection_cpp
[1.642s] [ 64%] [32m[1mLinking CXX shared library libinterfaces__rosidl_typesupport_fastrtps_cpp.so[0m
[1.708s] [ 64%] Built target interfaces__rosidl_typesupport_fastrtps_cpp
[1.723s] [ 66%] [34m[1mGenerating C type support for eProsima Fast-RTPS[0m
[1.925s] [35m[1mScanning dependencies of target interfaces__rosidl_typesupport_fastrtps_c[0m
[1.943s] [ 69%] [32mBuilding CXX object CMakeFiles/interfaces__rosidl_typesupport_fastrtps_c.dir/rosidl_typesupport_fastrtps_c/interfaces/srv/detail/mission_message__type_support_c.cpp.o[0m
[1.945s] [ 71%] [32mBuilding CXX object CMakeFiles/interfaces__rosidl_typesupport_fastrtps_c.dir/rosidl_typesupport_fastrtps_c/interfaces/msg/detail/mission_message__type_support_c.cpp.o[0m
[2.143s] [ 74%] [32m[1mLinking CXX shared library libinterfaces__rosidl_typesupport_fastrtps_c.so[0m
[2.205s] [ 74%] Built target interfaces__rosidl_typesupport_fastrtps_c
[2.228s] [ 74%] Built target interfaces
[2.256s] [ 76%] [34m[1mGenerating Python code for ROS interfaces[0m
[2.606s] [ 76%] Built target interfaces__py
[2.622s] [35m[1mScanning dependencies of target interfaces__python[0m
[2.637s] [ 79%] [32mBuilding C object CMakeFiles/interfaces__python.dir/rosidl_generator_py/interfaces/msg/_mission_message_s.c.o[0m
[2.646s] [ 82%] [32mBuilding C object CMakeFiles/interfaces__python.dir/rosidl_generator_py/interfaces/srv/_mission_message_s.c.o[0m
[2.712s] [ 84%] [32m[1mLinking C shared library rosidl_generator_py/interfaces/libinterfaces__python.so[0m
[2.754s] [ 84%] Built target interfaces__python
[2.762s] [35m[1mScanning dependencies of target interfaces__rosidl_typesupport_fastrtps_c__pyext[0m
[2.766s] [35m[1mScanning dependencies of target interfaces__rosidl_typesupport_c__pyext[0m
[2.767s] [35m[1mScanning dependencies of target interfaces__rosidl_typesupport_introspection_c__pyext[0m
[2.774s] [ 87%] [32mBuilding C object CMakeFiles/interfaces__rosidl_typesupport_fastrtps_c__pyext.dir/rosidl_generator_py/interfaces/_interfaces_s.ep.rosidl_typesupport_fastrtps_c.c.o[0m
[2.779s] [ 89%] [32mBuilding C object CMakeFiles/interfaces__rosidl_typesupport_introspection_c__pyext.dir/rosidl_generator_py/interfaces/_interfaces_s.ep.rosidl_typesupport_introspection_c.c.o[0m
[2.784s] [ 92%] [32mBuilding C object CMakeFiles/interfaces__rosidl_typesupport_c__pyext.dir/rosidl_generator_py/interfaces/_interfaces_s.ep.rosidl_typesupport_c.c.o[0m
[2.836s] [ 94%] [32m[1mLinking CXX shared library rosidl_generator_py/interfaces/interfaces_s__rosidl_typesupport_fastrtps_c.cpython-38-x86_64-linux-gnu.so[0m
[2.838s] [ 97%] [32m[1mLinking C shared library rosidl_generator_py/interfaces/interfaces_s__rosidl_typesupport_introspection_c.cpython-38-x86_64-linux-gnu.so[0m
[2.841s] [100%] [32m[1mLinking C shared library rosidl_generator_py/interfaces/interfaces_s__rosidl_typesupport_c.cpython-38-x86_64-linux-gnu.so[0m
[2.872s] [100%] Built target interfaces__rosidl_typesupport_c__pyext
[2.872s] [100%] Built target interfaces__rosidl_typesupport_introspection_c__pyext
[2.890s] [100%] Built target interfaces__rosidl_typesupport_fastrtps_c__pyext
[2.900s] Invoked command in '/home/aurora/MQTTAPI/ros2_ws/build/interfaces' returned '0': CMAKE_PREFIX_PATH=${CMAKE_PREFIX_PATH}:/home/aurora/MQTTAPI/ros2_ws/install/rn2:/home/aurora/MQTTAPI/ros2_ws/install/rn1:/home/aurora/MQTTAPI/ros2_ws/install/mqtt_integration:/opt/ros/foxy CONDA_PROMPT_MODIFIER=(ros2) /usr/bin/cmake --build /home/aurora/MQTTAPI/ros2_ws/build/interfaces -- -j32 -l32
[2.960s] Invoking command in '/home/aurora/MQTTAPI/ros2_ws/build/interfaces': CMAKE_PREFIX_PATH=${CMAKE_PREFIX_PATH}:/home/aurora/MQTTAPI/ros2_ws/install/rn2:/home/aurora/MQTTAPI/ros2_ws/install/rn1:/home/aurora/MQTTAPI/ros2_ws/install/mqtt_integration:/opt/ros/foxy CONDA_PROMPT_MODIFIER=(ros2) /usr/bin/cmake --install /home/aurora/MQTTAPI/ros2_ws/build/interfaces
[2.972s] -- Install configuration: ""
[2.972s] -- Up-to-date: /home/aurora/MQTTAPI/ros2_ws/install/interfaces/share/ament_index/resource_index/rosidl_interfaces/interfaces
[2.972s] -- Up-to-date: /home/aurora/MQTTAPI/ros2_ws/install/interfaces/include/interfaces
[2.972s] -- Up-to-date: /home/aurora/MQTTAPI/ros2_ws/install/interfaces/include/interfaces/srv
[2.973s] -- Up-to-date: /home/aurora/MQTTAPI/ros2_ws/install/interfaces/include/interfaces/srv/detail
[2.973s] -- Installing: /home/aurora/MQTTAPI/ros2_ws/install/interfaces/include/interfaces/srv/detail/mission_message__functions.h
[2.973s] -- Installing: /home/aurora/MQTTAPI/ros2_ws/install/interfaces/include/interfaces/srv/detail/mission_message__struct.h
[2.973s] -- Installing: /home/aurora/MQTTAPI/ros2_ws/install/interfaces/include/interfaces/srv/detail/mission_message__type_support.h
[2.973s] -- Installing: /home/aurora/MQTTAPI/ros2_ws/install/interfaces/include/interfaces/srv/detail/mission_message__functions.c
[2.973s] -- Installing: /home/aurora/MQTTAPI/ros2_ws/install/interfaces/include/interfaces/srv/mission_message.h
[2.973s] -- Up-to-date: /home/aurora/MQTTAPI/ros2_ws/install/interfaces/include/interfaces/msg
[2.973s] -- Up-to-date: /home/aurora/MQTTAPI/ros2_ws/install/interfaces/include/interfaces/msg/detail
[2.973s] -- Installing: /home/aurora/MQTTAPI/ros2_ws/install/interfaces/include/interfaces/msg/detail/mission_message__functions.h
[2.973s] -- Installing: /home/aurora/MQTTAPI/ros2_ws/install/interfaces/include/interfaces/msg/detail/mission_message__struct.h
[2.974s] -- Installing: /home/aurora/MQTTAPI/ros2_ws/install/interfaces/include/interfaces/msg/detail/mission_message__type_support.h
[2.974s] -- Installing: /home/aurora/MQTTAPI/ros2_ws/install/interfaces/include/interfaces/msg/detail/mission_message__functions.c
[2.974s] -- Up-to-date: /home/aurora/MQTTAPI/ros2_ws/install/interfaces/include/interfaces/msg/rosidl_generator_c__visibility_control.h
[2.974s] -- Installing: /home/aurora/MQTTAPI/ros2_ws/install/interfaces/include/interfaces/msg/mission_message.h
[2.974s] -- Up-to-date: /home/aurora/MQTTAPI/ros2_ws/install/interfaces/share/interfaces/environment/library_path.sh
[2.974s] -- Installing: /home/aurora/MQTTAPI/ros2_ws/install/interfaces/share/interfaces/environment/library_path.dsv
[2.974s] -- Installing: /home/aurora/MQTTAPI/ros2_ws/install/interfaces/lib/libinterfaces__rosidl_generator_c.so
[2.974s] -- Set runtime path of "/home/aurora/MQTTAPI/ros2_ws/install/interfaces/lib/libinterfaces__rosidl_generator_c.so" to ""
[2.974s] -- Up-to-date: /home/aurora/MQTTAPI/ros2_ws/install/interfaces/include/interfaces
[2.974s] -- Up-to-date: /home/aurora/MQTTAPI/ros2_ws/install/interfaces/include/interfaces/srv
[2.975s] -- Up-to-date: /home/aurora/MQTTAPI/ros2_ws/install/interfaces/include/interfaces/srv/detail
[2.975s] -- Installing: /home/aurora/MQTTAPI/ros2_ws/install/interfaces/include/interfaces/srv/detail/mission_message__rosidl_typesupport_fastrtps_c.h
[2.975s] -- Up-to-date: /home/aurora/MQTTAPI/ros2_ws/install/interfaces/include/interfaces/msg
[2.975s] -- Up-to-date: /home/aurora/MQTTAPI/ros2_ws/install/interfaces/include/interfaces/msg/detail
[2.975s] -- Installing: /home/aurora/MQTTAPI/ros2_ws/install/interfaces/include/interfaces/msg/detail/mission_message__rosidl_typesupport_fastrtps_c.h
[2.975s] -- Up-to-date: /home/aurora/MQTTAPI/ros2_ws/install/interfaces/include/interfaces/msg/rosidl_typesupport_fastrtps_c__visibility_control.h
[2.975s] -- Installing: /home/aurora/MQTTAPI/ros2_ws/install/interfaces/lib/libinterfaces__rosidl_typesupport_fastrtps_c.so
[2.975s] -- Set runtime path of "/home/aurora/MQTTAPI/ros2_ws/install/interfaces/lib/libinterfaces__rosidl_typesupport_fastrtps_c.so" to ""
[2.975s] -- Up-to-date: /home/aurora/MQTTAPI/ros2_ws/install/interfaces/include/interfaces
[2.976s] -- Up-to-date: /home/aurora/MQTTAPI/ros2_ws/install/interfaces/include/interfaces/srv
[2.976s] -- Up-to-date: /home/aurora/MQTTAPI/ros2_ws/install/interfaces/include/interfaces/srv/detail
[2.976s] -- Installing: /home/aurora/MQTTAPI/ros2_ws/install/interfaces/include/interfaces/srv/detail/mission_message__rosidl_typesupport_fastrtps_cpp.hpp
[2.976s] -- Up-to-date: /home/aurora/MQTTAPI/ros2_ws/install/interfaces/include/interfaces/srv/detail/dds_fastrtps
[2.976s] -- Up-to-date: /home/aurora/MQTTAPI/ros2_ws/install/interfaces/include/interfaces/msg
[2.976s] -- Up-to-date: /home/aurora/MQTTAPI/ros2_ws/install/interfaces/include/interfaces/msg/detail
[2.976s] -- Installing: /home/aurora/MQTTAPI/ros2_ws/install/interfaces/include/interfaces/msg/detail/mission_message__rosidl_typesupport_fastrtps_cpp.hpp
[2.976s] -- Up-to-date: /home/aurora/MQTTAPI/ros2_ws/install/interfaces/include/interfaces/msg/detail/dds_fastrtps
[2.976s] -- Up-to-date: /home/aurora/MQTTAPI/ros2_ws/install/interfaces/include/interfaces/msg/rosidl_typesupport_fastrtps_cpp__visibility_control.h
[2.977s] -- Installing: /home/aurora/MQTTAPI/ros2_ws/install/interfaces/lib/libinterfaces__rosidl_typesupport_fastrtps_cpp.so
[2.977s] -- Set runtime path of "/home/aurora/MQTTAPI/ros2_ws/install/interfaces/lib/libinterfaces__rosidl_typesupport_fastrtps_cpp.so" to ""
[2.977s] -- Up-to-date: /home/aurora/MQTTAPI/ros2_ws/install/interfaces/include/interfaces
[2.977s] -- Up-to-date: /home/aurora/MQTTAPI/ros2_ws/install/interfaces/include/interfaces/srv
[2.977s] -- Up-to-date: /home/aurora/MQTTAPI/ros2_ws/install/interfaces/include/interfaces/srv/detail
[2.977s] -- Installing: /home/aurora/MQTTAPI/ros2_ws/install/interfaces/include/interfaces/srv/detail/mission_message__rosidl_typesupport_introspection_c.h
[2.977s] -- Installing: /home/aurora/MQTTAPI/ros2_ws/install/interfaces/include/interfaces/srv/detail/mission_message__type_support.c
[2.977s] -- Up-to-date: /home/aurora/MQTTAPI/ros2_ws/install/interfaces/include/interfaces/msg
[2.977s] -- Up-to-date: /home/aurora/MQTTAPI/ros2_ws/install/interfaces/include/interfaces/msg/detail
[2.978s] -- Installing: /home/aurora/MQTTAPI/ros2_ws/install/interfaces/include/interfaces/msg/detail/mission_message__rosidl_typesupport_introspection_c.h
[2.978s] -- Installing: /home/aurora/MQTTAPI/ros2_ws/install/interfaces/include/interfaces/msg/detail/mission_message__type_support.c
[2.978s] -- Up-to-date: /home/aurora/MQTTAPI/ros2_ws/install/interfaces/include/interfaces/msg/rosidl_typesupport_introspection_c__visibility_control.h
[2.978s] -- Installing: /home/aurora/MQTTAPI/ros2_ws/install/interfaces/lib/libinterfaces__rosidl_typesupport_introspection_c.so
[2.978s] -- Set runtime path of "/home/aurora/MQTTAPI/ros2_ws/install/interfaces/lib/libinterfaces__rosidl_typesupport_introspection_c.so" to ""
[2.978s] -- Installing: /home/aurora/MQTTAPI/ros2_ws/install/interfaces/lib/libinterfaces__rosidl_typesupport_c.so
[2.978s] -- Set runtime path of "/home/aurora/MQTTAPI/ros2_ws/install/interfaces/lib/libinterfaces__rosidl_typesupport_c.so" to ""
[2.978s] -- Up-to-date: /home/aurora/MQTTAPI/ros2_ws/install/interfaces/include/interfaces
[2.978s] -- Up-to-date: /home/aurora/MQTTAPI/ros2_ws/install/interfaces/include/interfaces/srv
[2.978s] -- Up-to-date: /home/aurora/MQTTAPI/ros2_ws/install/interfaces/include/interfaces/srv/detail
[2.978s] -- Installing: /home/aurora/MQTTAPI/ros2_ws/install/interfaces/include/interfaces/srv/detail/mission_message__type_support.hpp
[2.979s] -- Installing: /home/aurora/MQTTAPI/ros2_ws/install/interfaces/include/interfaces/srv/detail/mission_message__traits.hpp
[2.979s] -- Installing: /home/aurora/MQTTAPI/ros2_ws/install/interfaces/include/interfaces/srv/detail/mission_message__builder.hpp
[2.979s] -- Installing: /home/aurora/MQTTAPI/ros2_ws/install/interfaces/include/interfaces/srv/detail/mission_message__struct.hpp
[2.979s] -- Installing: /home/aurora/MQTTAPI/ros2_ws/install/interfaces/include/interfaces/srv/mission_message.hpp
[2.979s] -- Up-to-date: /home/aurora/MQTTAPI/ros2_ws/install/interfaces/include/interfaces/msg
[2.979s] -- Up-to-date: /home/aurora/MQTTAPI/ros2_ws/install/interfaces/include/interfaces/msg/detail
[2.979s] -- Installing: /home/aurora/MQTTAPI/ros2_ws/install/interfaces/include/interfaces/msg/detail/mission_message__type_support.hpp
[2.979s] -- Installing: /home/aurora/MQTTAPI/ros2_ws/install/interfaces/include/interfaces/msg/detail/mission_message__traits.hpp
[2.979s] -- Installing: /home/aurora/MQTTAPI/ros2_ws/install/interfaces/include/interfaces/msg/detail/mission_message__builder.hpp
[2.979s] -- Installing: /home/aurora/MQTTAPI/ros2_ws/install/interfaces/include/interfaces/msg/detail/mission_message__struct.hpp
[2.980s] -- Installing: /home/aurora/MQTTAPI/ros2_ws/install/interfaces/include/interfaces/msg/mission_message.hpp
[2.980s] -- Up-to-date: /home/aurora/MQTTAPI/ros2_ws/install/interfaces/include/interfaces/msg/rosidl_generator_cpp__visibility_control.hpp
[2.980s] -- Up-to-date: /home/aurora/MQTTAPI/ros2_ws/install/interfaces/include/interfaces
[2.980s] -- Up-to-date: /home/aurora/MQTTAPI/ros2_ws/install/interfaces/include/interfaces/srv
[2.980s] -- Up-to-date: /home/aurora/MQTTAPI/ros2_ws/install/interfaces/include/interfaces/srv/detail
[2.980s] -- Installing: /home/aurora/MQTTAPI/ros2_ws/install/interfaces/include/interfaces/srv/detail/mission_message__rosidl_typesupport_introspection_cpp.hpp
[2.980s] -- Installing: /home/aurora/MQTTAPI/ros2_ws/install/interfaces/include/interfaces/srv/detail/mission_message__type_support.cpp
[2.980s] -- Up-to-date: /home/aurora/MQTTAPI/ros2_ws/install/interfaces/include/interfaces/msg
[2.980s] -- Up-to-date: /home/aurora/MQTTAPI/ros2_ws/install/interfaces/include/interfaces/msg/detail
[2.980s] -- Installing: /home/aurora/MQTTAPI/ros2_ws/install/interfaces/include/interfaces/msg/detail/mission_message__rosidl_typesupport_introspection_cpp.hpp
[2.981s] -- Installing: /home/aurora/MQTTAPI/ros2_ws/install/interfaces/include/interfaces/msg/detail/mission_message__type_support.cpp
[2.981s] -- Installing: /home/aurora/MQTTAPI/ros2_ws/install/interfaces/lib/libinterfaces__rosidl_typesupport_introspection_cpp.so
[2.981s] -- Set runtime path of "/home/aurora/MQTTAPI/ros2_ws/install/interfaces/lib/libinterfaces__rosidl_typesupport_introspection_cpp.so" to ""
[2.981s] -- Installing: /home/aurora/MQTTAPI/ros2_ws/install/interfaces/lib/libinterfaces__rosidl_typesupport_cpp.so
[2.981s] -- Set runtime path of "/home/aurora/MQTTAPI/ros2_ws/install/interfaces/lib/libinterfaces__rosidl_typesupport_cpp.so" to ""
[2.981s] -- Up-to-date: /home/aurora/MQTTAPI/ros2_ws/install/interfaces/share/interfaces/environment/pythonpath.sh
[2.981s] -- Installing: /home/aurora/MQTTAPI/ros2_ws/install/interfaces/share/interfaces/environment/pythonpath.dsv
[2.981s] -- Installing: /home/aurora/MQTTAPI/ros2_ws/install/interfaces/lib/python3.8/site-packages/interfaces/__init__.py
[3.006s] Compiling '/home/aurora/MQTTAPI/ros2_ws/install/interfaces/lib/python3.8/site-packages/interfaces/__init__.py'...
[3.009s] -- Up-to-date: /home/aurora/MQTTAPI/ros2_ws/install/interfaces/lib/python3.8/site-packages/interfaces/msg
[3.009s] -- Installing: /home/aurora/MQTTAPI/ros2_ws/install/interfaces/lib/python3.8/site-packages/interfaces/msg/_mission_message_s.c
[3.009s] -- Installing: /home/aurora/MQTTAPI/ros2_ws/install/interfaces/lib/python3.8/site-packages/interfaces/msg/_mission_message.py
[3.009s] -- Installing: /home/aurora/MQTTAPI/ros2_ws/install/interfaces/lib/python3.8/site-packages/interfaces/msg/__init__.py
[3.009s] -- Up-to-date: /home/aurora/MQTTAPI/ros2_ws/install/interfaces/lib/python3.8/site-packages/interfaces/srv
[3.009s] -- Installing: /home/aurora/MQTTAPI/ros2_ws/install/interfaces/lib/python3.8/site-packages/interfaces/srv/_mission_message_s.c
[3.009s] -- Installing: /home/aurora/MQTTAPI/ros2_ws/install/interfaces/lib/python3.8/site-packages/interfaces/srv/_mission_message.py
[3.010s] -- Installing: /home/aurora/MQTTAPI/ros2_ws/install/interfaces/lib/python3.8/site-packages/interfaces/srv/__init__.py
[3.010s] -- Installing: /home/aurora/MQTTAPI/ros2_ws/install/interfaces/lib/python3.8/site-packages/interfaces/interfaces_s__rosidl_typesupport_fastrtps_c.cpython-38-x86_64-linux-gnu.so
[3.012s] -- Set runtime path of "/home/aurora/MQTTAPI/ros2_ws/install/interfaces/lib/python3.8/site-packages/interfaces/interfaces_s__rosidl_typesupport_fastrtps_c.cpython-38-x86_64-linux-gnu.so" to ""
[3.012s] -- Installing: /home/aurora/MQTTAPI/ros2_ws/install/interfaces/lib/python3.8/site-packages/interfaces/interfaces_s__rosidl_typesupport_introspection_c.cpython-38-x86_64-linux-gnu.so
[3.014s] -- Set runtime path of "/home/aurora/MQTTAPI/ros2_ws/install/interfaces/lib/python3.8/site-packages/interfaces/interfaces_s__rosidl_typesupport_introspection_c.cpython-38-x86_64-linux-gnu.so" to ""
[3.014s] -- Installing: /home/aurora/MQTTAPI/ros2_ws/install/interfaces/lib/python3.8/site-packages/interfaces/interfaces_s__rosidl_typesupport_c.cpython-38-x86_64-linux-gnu.so
[3.015s] -- Set runtime path of "/home/aurora/MQTTAPI/ros2_ws/install/interfaces/lib/python3.8/site-packages/interfaces/interfaces_s__rosidl_typesupport_c.cpython-38-x86_64-linux-gnu.so" to ""
[3.015s] -- Installing: /home/aurora/MQTTAPI/ros2_ws/install/interfaces/lib/libinterfaces__python.so
[3.016s] -- Set runtime path of "/home/aurora/MQTTAPI/ros2_ws/install/interfaces/lib/libinterfaces__python.so" to ""
[3.016s] -- Installing: /home/aurora/MQTTAPI/ros2_ws/install/interfaces/share/interfaces/msg/MissionMessage.idl
[3.016s] -- Up-to-date: /home/aurora/MQTTAPI/ros2_ws/install/interfaces/share/interfaces/srv/MissionMessage.idl
[3.016s] -- Installing: /home/aurora/MQTTAPI/ros2_ws/install/interfaces/share/interfaces/msg/MissionMessage.msg
[3.017s] -- Up-to-date: /home/aurora/MQTTAPI/ros2_ws/install/interfaces/share/interfaces/srv/MissionMessage.srv
[3.017s] -- Up-to-date: /home/aurora/MQTTAPI/ros2_ws/install/interfaces/share/interfaces/srv/MissionMessage_Request.msg
[3.017s] -- Up-to-date: /home/aurora/MQTTAPI/ros2_ws/install/interfaces/share/interfaces/srv/MissionMessage_Response.msg
[3.017s] -- Up-to-date: /home/aurora/MQTTAPI/ros2_ws/install/interfaces/share/ament_index/resource_index/package_run_dependencies/interfaces
[3.017s] -- Installing: /home/aurora/MQTTAPI/ros2_ws/install/interfaces/share/ament_index/resource_index/parent_prefix_path/interfaces
[3.017s] -- Up-to-date: /home/aurora/MQTTAPI/ros2_ws/install/interfaces/share/interfaces/environment/ament_prefix_path.sh
[3.017s] -- Installing: /home/aurora/MQTTAPI/ros2_ws/install/interfaces/share/interfaces/environment/ament_prefix_path.dsv
[3.017s] -- Up-to-date: /home/aurora/MQTTAPI/ros2_ws/install/interfaces/share/interfaces/environment/path.sh
[3.017s] -- Installing: /home/aurora/MQTTAPI/ros2_ws/install/interfaces/share/interfaces/environment/path.dsv
[3.017s] -- Up-to-date: /home/aurora/MQTTAPI/ros2_ws/install/interfaces/share/interfaces/local_setup.bash
[3.017s] -- Up-to-date: /home/aurora/MQTTAPI/ros2_ws/install/interfaces/share/interfaces/local_setup.sh
[3.018s] -- Up-to-date: /home/aurora/MQTTAPI/ros2_ws/install/interfaces/share/interfaces/local_setup.zsh
[3.018s] -- Installing: /home/aurora/MQTTAPI/ros2_ws/install/interfaces/share/interfaces/local_setup.dsv
[3.018s] -- Installing: /home/aurora/MQTTAPI/ros2_ws/install/interfaces/share/interfaces/package.dsv
[3.018s] -- Up-to-date: /home/aurora/MQTTAPI/ros2_ws/install/interfaces/share/ament_index/resource_index/packages/interfaces
[3.018s] -- Up-to-date: /home/aurora/MQTTAPI/ros2_ws/install/interfaces/share/interfaces/cmake/interfaces__rosidl_generator_cExport.cmake
[3.018s] -- Installing: /home/aurora/MQTTAPI/ros2_ws/install/interfaces/share/interfaces/cmake/interfaces__rosidl_generator_cExport-noconfig.cmake
[3.018s] -- Up-to-date: /home/aurora/MQTTAPI/ros2_ws/install/interfaces/share/interfaces/cmake/interfaces__rosidl_typesupport_introspection_cExport.cmake
[3.018s] -- Installing: /home/aurora/MQTTAPI/ros2_ws/install/interfaces/share/interfaces/cmake/interfaces__rosidl_typesupport_introspection_cExport-noconfig.cmake
[3.018s] -- Up-to-date: /home/aurora/MQTTAPI/ros2_ws/install/interfaces/share/interfaces/cmake/interfaces__rosidl_typesupport_cExport.cmake
[3.018s] -- Installing: /home/aurora/MQTTAPI/ros2_ws/install/interfaces/share/interfaces/cmake/interfaces__rosidl_typesupport_cExport-noconfig.cmake
[3.018s] -- Up-to-date: /home/aurora/MQTTAPI/ros2_ws/install/interfaces/share/interfaces/cmake/interfaces__rosidl_generator_cppExport.cmake
[3.019s] -- Up-to-date: /home/aurora/MQTTAPI/ros2_ws/install/interfaces/share/interfaces/cmake/interfaces__rosidl_typesupport_introspection_cppExport.cmake
[3.019s] -- Installing: /home/aurora/MQTTAPI/ros2_ws/install/interfaces/share/interfaces/cmake/interfaces__rosidl_typesupport_introspection_cppExport-noconfig.cmake
[3.019s] -- Up-to-date: /home/aurora/MQTTAPI/ros2_ws/install/interfaces/share/interfaces/cmake/interfaces__rosidl_typesupport_cppExport.cmake
[3.019s] -- Installing: /home/aurora/MQTTAPI/ros2_ws/install/interfaces/share/interfaces/cmake/interfaces__rosidl_typesupport_cppExport-noconfig.cmake
[3.019s] -- Up-to-date: /home/aurora/MQTTAPI/ros2_ws/install/interfaces/share/interfaces/cmake/rosidl_cmake-extras.cmake
[3.019s] -- Up-to-date: /home/aurora/MQTTAPI/ros2_ws/install/interfaces/share/interfaces/cmake/ament_cmake_export_dependencies-extras.cmake
[3.019s] -- Up-to-date: /home/aurora/MQTTAPI/ros2_ws/install/interfaces/share/interfaces/cmake/ament_cmake_export_libraries-extras.cmake
[3.019s] -- Up-to-date: /home/aurora/MQTTAPI/ros2_ws/install/interfaces/share/interfaces/cmake/ament_cmake_export_targets-extras.cmake
[3.019s] -- Up-to-date: /home/aurora/MQTTAPI/ros2_ws/install/interfaces/share/interfaces/cmake/ament_cmake_export_include_directories-extras.cmake
[3.019s] -- Up-to-date: /home/aurora/MQTTAPI/ros2_ws/install/interfaces/share/interfaces/cmake/rosidl_cmake_export_typesupport_libraries-extras.cmake
[3.019s] -- Up-to-date: /home/aurora/MQTTAPI/ros2_ws/install/interfaces/share/interfaces/cmake/rosidl_cmake_export_typesupport_targets-extras.cmake
[3.019s] -- Up-to-date: /home/aurora/MQTTAPI/ros2_ws/install/interfaces/share/interfaces/cmake/interfacesConfig.cmake
[3.019s] -- Up-to-date: /home/aurora/MQTTAPI/ros2_ws/install/interfaces/share/interfaces/cmake/interfacesConfig-version.cmake
[3.019s] -- Up-to-date: /home/aurora/MQTTAPI/ros2_ws/install/interfaces/share/interfaces/package.xml
[3.021s] Invoked command in '/home/aurora/MQTTAPI/ros2_ws/build/interfaces' returned '0': CMAKE_PREFIX_PATH=${CMAKE_PREFIX_PATH}:/home/aurora/MQTTAPI/ros2_ws/install/rn2:/home/aurora/MQTTAPI/ros2_ws/install/rn1:/home/aurora/MQTTAPI/ros2_ws/install/mqtt_integration:/opt/ros/foxy CONDA_PROMPT_MODIFIER=(ros2) /usr/bin/cmake --install /home/aurora/MQTTAPI/ros2_ws/build/interfaces
